1000 0.000003030550 308.902000 1000 1
1010 0.000005443237 572.065347 975 4
1020 0.000002276503 663.521569 1002 4
1030 0.000001390323 505.121359 981 7
1040 0.000001370459 523.912500 1039 44
1050 0.000000735022 283.125714 999 1
1060 0.000000861728 333.727358 1040 1
1070 0.000001464130 564.740187 1069 26
1080 0.000000747964 288.292593 1037 1
1090 0.000001363437 534.707339 1089 1
1100 0.000000968122 364.096364 1038 1
1110 0.000001049879 412.678378 1072 1
1120 0.000001290413 445.712500 1118 1
1130 0.000000838478 289.575221 1069 1
1140 0.000001058008 391.386842 1139 1
1150 0.000000583140 225.747826 1148 1
1160 0.000001520016 592.343103 1157 21
1170 0.000001927204 753.582906 1158 1
1180 0.000000829541 324.258475 1177 1
1190 0.000001603676 631.519328 1188 1
1200 0.000001046308 411.189167 1199 1
1210 0.000000713764 277.808264 1196 1
1220 0.000001240139 480.744262 1186 1
1230 0.000001085251 426.590244 1222 1
1240 0.000001829438 685.943548 1208 1
1250 0.000001307320 508.451200 1233 1
1260 0.000001758890 688.518254 1245 73
1270 0.000001656872 655.590551 1249 16
1280 0.000001431566 558.238281 1251 1
1290 0.000002020150 800.955814 1241 6
1300 0.000001029272 393.061538 1288 1
1310 0.000000867254 317.027481 1291 1
1320 0.000001462983 538.936364 1268 1
1330 0.000000884256 287.444361 1241 1
1340 0.000001957525 753.770896 1307 1
1350 0.000001161358 457.104444 1339 1
1360 0.000001771315 694.385294 1348 1
1370 0.000001655758 655.200000 1353 1
1380 0.000001622286 634.846377 1343 50
1390 0.000002381594 928.946043 1347 6
1400 0.000001354764 534.525714 1287 19
1410 0.000001082224 425.258865 1348 1
1420 0.000002130568 845.195775 1409 6
1430 0.000001451452 572.297203 1388 1
1440 0.000001766119 699.606944 1281 1
1450 0.000001760679 664.279310 1448 75
1460 0.000000834289 322.243836 1432 1
1470 0.000001249571 490.429932 1445 1
1480 0.000002276439 845.263514 1474 8
1490 0.000000827710 323.810738 1485 1
1500 0.000001675093 656.556000 1457 43
1510 0.000001116021 439.175497 1502 1
1520 0.000001473511 576.070395 1481 1
1530 0.000001492860 574.939869 1504 1
1540 0.000001485095 580.694156 1539 1
1550 0.000002603447 1028.470323 1528 1
1560 0.000001154263 453.537821 1535 1
1570 0.000002270517 869.638854 1551 8
1580 0.000001658654 654.416456 1535 1
1590 0.000001731308 678.095597 1588 22
1600 0.000001830747 680.496875 1578 1
1610 0.000000766248 292.886335 1602 1
1620 0.000000948793 372.460494 1618 1
1630 0.000000925380 356.014110 1628 1
1640 0.000001550427 613.073171 1616 8
1650 0.000001264175 492.668485 1605 1
1660 0.000003034089 1193.654819 1634 1
1670 0.000001863070 732.617964 1665 1
1680 0.000001648127 651.373214 1675 1
1690 0.000002269050 832.202959 1609 22
1700 0.000002023376 774.085882 1678 57
1710 0.000002178613 859.352632 1692 14
1720 0.000002334934 877.545349 1679 2
1730 0.000000964831 378.805202 1715 1
1740 0.000001867313 734.018966 1716 1
1750 0.000001680606 659.818857 1737 1
1760 0.000002914991 1145.555114 1746 18
1770 0.000002048438 783.619209 1761 1
1780 0.000001046112 410.221348 1760 1
1790 0.000001483865 581.837430 1787 1
1800 0.000002252125 888.928333 1800 1
1810 0.000002076414 806.261326 1807 38
1820 0.000001354147 513.062088 1788 1
1830 0.000000720030 271.116393 1801 1
1840 0.000001189258 457.054891 1826 1
1850 0.000001370833 541.589730 1827 1
1860 0.000001465312 573.822043 1860 1
1870 0.000002836522 1097.702139 1848 1
1880 0.000002126730 823.401596 1873 1
1890 0.000002401655 952.260847 1857 1
1900 0.000002187525 863.330000 1848 1
1910 0.000002657942 1006.732461 1903 1
1920 0.000001185338 466.767708 1916 1
1930 0.000001612295 632.953368 1891 1
1940 0.000001531782 600.722165 1914 1
1950 0.000001407349 543.302051 1924 1
1960 0.000001407673 527.144388 1955 1
1970 0.000002672956 1033.822843 1964 1
1980 0.000001954824 770.040404 1958 23
1990 0.000002272376 890.475377 1961 1
2000 0.000001713209 673.296000 1994 1
2010 0.000000738813 288.039303 1955 1
2020 0.000001670068 656.136139 2010 1
2030 0.000001787631 707.153202 2030 7
2040 0.000001062785 399.260294 2030 1
2050 0.000001002754 383.552195 1985 1
2060 0.000002067312 798.790777 2047 1
2070 0.000002714086 1063.917391 2017 11
2080 0.000001675651 658.755288 2047 1
2090 0.000001812962 702.544019 2056 1
2100 0.000002451609 969.543810 2084 40
2110 0.000002067450 815.234597 2107 1
2120 0.000003301277 1292.384434 2086 18
2130 0.000002118478 799.429108 2117 1
2140 0.000000970871 381.012617 2094 1
2150 0.000002867320 1131.622326 2093 1
2160 0.000001574310 614.772222 2152 1
2170 0.000002083794 822.140092 2166 1
2180 0.000001867053 716.572018 2126 1
2190 0.000001871653 740.097717 2126 1
2200 0.000002474623 943.699545 2184 1
2210 0.000001805906 691.211765 2209 1
2220 0.000002365283 934.892793 2216 1
2230 0.000003618765 1427.064574 2230 39
2240 0.000002640643 1016.360714 2224 1
2250 0.000003021212 1197.937778 2195 72
2260 0.000001567950 601.972124 2234 41
2270 0.000002505713 981.743612 2266 1
2280 0.000002042813 805.906140 2278 1
2290 0.000002577438 997.775109 2278 16
2300 0.000001410220 541.508696 2279 1
2310 0.000002677905 1062.940693 2309 1
2320 0.000003806785 1473.638362 2270 46
2330 0.000002922789 1150.445494 2316 29
2340 0.000002321322 899.270085 2333 1
2350 0.000002759990 1048.482979 2325 18
2360 0.000003012342 1188.419492 2332 48
2370 0.000003075084 1213.398312 2332 1
2380 0.000002308937 908.992437 2376 1
2390 0.000002354683 909.312552 2361 1
2400 0.000001611223 604.451250 2384 1
2410 0.000003771001 1489.736929 2361 20
2420 0.000001600020 624.819835 2384 1
2430 0.000001140156 443.046914 2419 1
2440 0.000002742030 1085.737705 2400 80
2450 0.000002593014 1007.511837 2431 40
2460 0.000003409913 1321.459756 2383 56
2470 0.000001134600 446.790688 2467 1
2480 0.000002927591 1165.730645 2479 1
2490 0.000001330125 520.732530 2479 1
2500 0.000002653889 1033.017200 2493 63
2510 0.000002530417 994.122709 2505 1
2520 0.000003359909 1303.905952 2515 1
2530 0.000003810396 1504.772727 2512 3
2540 0.000002443221 948.682677 2536 1
2550 0.000001485533 587.156863 2542 1
2560 0.000002543019 977.239453 2558 1
2570 0.000003289566 1299.791051 2559 1
2580 0.000003188780 1238.047287 2551 1
2590 0.000002024363 798.073745 2489 1
2600 0.000001729736 684.261923 2588 1
2610 0.000003861644 1503.437931 2592 33
2620 0.000003056158 1200.236641 2557 1
2630 0.000001151124 435.112928 2592 1
2640 0.000002977197 1177.784091 2614 1
2650 0.000001964034 774.201132 2632 1
2660 0.000002348221 903.958271 2626 1
2670 0.000002801597 1106.867790 2638 1
2680 0.000003786459 1436.319403 2649 4
2690 0.000004302380 1698.701487 2612 3
2700 0.000003257074 1292.466667 2680 1
2710 0.000003435672 1323.470480 2694 10
2720 0.000003913117 1548.623529 2678 158
2730 0.000003271965 1284.525641 2723 11
2740 0.000003732092 1460.400730 2721 18
2750 0.000003562315 1384.534182 2731 9
2760 0.000003392160 1335.027536 2704 18
2770 0.000003353512 1315.959928 2766 1
2780 0.000002840620 1099.646043 2744 47
2790 0.000004141325 1635.163082 2766 7
2800 0.000002820645 1092.730357 2789 1
2810 0.000002704643 1074.058719 2792 99
2820 0.000002266342 866.552482 2793 1
2830 0.000003477028 1374.605654 2775 1
2840 0.000003253038 1265.296479 2837 1
2850 0.000001800165 712.174386 2816 1
2860 0.000002679421 1036.171329 2831 1
2870 0.000003216248 1269.158885 2850 56
2880 0.000002043530 765.680903 2873 1
2890 0.000003142744 1240.252249 2878 1
2900 0.000003530309 1393.910345 2882 84
2910 0.000003951869 1541.898969 2889 21
2920 0.000003096423 1209.109589 2915 1
2930 0.000002697955 1061.533447 2830 1
2940 0.000002377935 940.997279 2938 1
2950 0.000002758622 1072.782373 2940 1
2960 0.000002684843 1047.618243 2945 1
2970 0.000003680361 1455.666330 2968 22
2980 0.000002333615 907.639933 2972 1
2990 0.000002651566 1046.840134 2962 1
3000 0.000003322811 1299.446333 2961 1
3010 0.000003837420 1501.132890 3000 31
3020 0.000003574475 1410.338079 2985 1
3030 0.000002471288 952.454785 3028 1
3040 0.000003784111 1284.408224 3033 23
3050 0.000002930935 999.626885 3024 1
3060 0.000002824455 1086.181373 3058 1
3070 0.000004191320 1646.129642 3060 1
3080 0.000002147182 814.087662 3076 1
3090 0.000004621199 1824.641424 3085 28
3100 0.000003686395 1444.050645 3069 1
3110 0.000001836546 702.550482 3039 1
3120 0.000004759819 1883.424359 3105 7
3130 0.000003890518 1520.716933 3103 9
3140 0.000002441841 944.088535 3139 1
3150 0.000003414252 1343.076825 3065 17
3160 0.000003676764 1439.246203 3135 1
3170 0.000003254960 1262.389590 3169 37
3180 0.000004849701 1919.464780 3154 106
3190 0.000001642175 636.456740 3185 1
3200 0.000002033665 798.221562 3160 1
3210 0.000003389191 1332.855140 3186 1
3220 0.000003790153 1476.717081 3168 1
3230 0.000003357677 1320.853251 3225 1
3240 0.000005534655 2170.254630 3216 144
3250 0.000003185027 1261.736308 3215 1
3260 0.000004099623 1595.553067 3151 94
3270 0.000002430501 920.059327 3134 1
3280 0.000002700585 1066.738720 3262 1
3290 0.000003008611 1186.761398 3287 2
3300 0.000003279891 1278.972727 3300 1
3310 0.000002919599 1140.816012 3256 1
3320 0.000005769286 2268.845482 3309 1
3330 0.000003021495 1183.875676 3240 1
3340 0.000004226757 1666.369461 3335 21
3350 0.000002676335 1045.310448 3289 1
3360 0.000002626385 1007.253274 3360 10
3370 0.000003916024 1512.455490 3319 1
3380 0.000002208270 856.138462 3350 1
3390 0.000003647632 1424.981416 3382 1
3400 0.000001913331 756.295882 3394 1
3410 0.000003667563 1422.187097 3312 1
3420 0.000004312878 1704.013743 3411 1
3430 0.000003966598 1542.528863 3414 1
3440 0.000001550142 607.531105 3425 1
3450 0.000003350268 1321.605797 3431 1
3460 0.000001611976 637.451734 3415 1
3470 0.000004002014 1550.155908 3424 27
3480 0.000006141722 2418.432471 3459 32
3490 0.000003681308 1437.310602 3478 1
3500 0.000002651050 1040.784571 3495 1
3510 0.000001010495 394.450142 3502 1
3520 0.000003148554 1234.801420 3495 1
3530 0.000004493345 1759.049292 3442 1
3540 0.000003312792 1295.276271 3472 72
3550 0.000002474859 966.791549 3519 1
3560 0.000003699049 1458.443258 3532 1
3570 0.000006384714 2504.025210 3562 42
3580 0.000002883792 1128.800279 3575 1
3590 0.000001841266 706.793593 3556 1
3600 0.000002820026 1109.699722 3549 1
3610 0.000003427301 1358.392244 3571 1
3620 0.000003752285 1461.108840 3603 40
3630 0.000003897554 1541.663636 3552 1
3640 0.000006710410 2631.317033 3628 2
3650 0.000004020365 1581.920274 3644 81
3660 0.000003045678 1185.498087 3651 1
3670 0.000004322141 1699.116894 3610 15
3680 0.000004049898 1591.452717 3633 1
3690 0.000003744963 1464.641192 3660 1
3700 0.000004989381 1964.102973 3631 1
3710 0.000004777477 1854.963342 3709 74
3720 0.000006104193 2409.673656 3682 2
3730 0.000002701183 1044.465147 3729 1
3740 0.000003737626 1475.082086 3732 1
3750 0.000006374099 2494.625067 3716 4
3760 0.000004189084 1642.400798 3760 8
3770 0.000003898479 1523.697878 3763 1
3780 0.000003934457 1541.456349 3757 1
3790 0.000004806082 1890.117414 3774 1
3800 0.000004466039 1755.971053 3753 1
3810 0.000003406165 1321.442782 3790 1
3820 0.000002779281 1081.376702 3809 1
3830 0.000004262091 1654.134726 3807 36
3840 0.000006128547 2397.813542 3762 82
3850 0.000004301978 1695.764416 3829 1
3860 0.000003800352 1474.227461 3823 1
3870 0.000003398949 1337.186563 3869 1
3880 0.000002966787 1163.448196 3790 6
3890 0.000004806302 1885.352442 3888 1
3900 0.000004411045 1734.273333 3878 9
3910 0.000003230418 1259.403069 3895 1
3920 0.000004629571 1825.504847 3916 91
3930 0.000004482468 1745.702799 3929 1
3940 0.000004184287 1636.442893 3913 1
3950 0.000004664870 1835.902025 3925 1
3960 0.000002903168 1128.925253 3956 1
3970 0.000004863432 1916.697733 3899 1
3980 0.000004025122 1579.302261 3929 1
3990 0.000004279086 1681.012531 3978 1
4000 0.000003315798 1298.438250 3980 1
4010 0.000005349310 2107.764838 4002 2
4020 0.000006252727 2432.603483 3996 99
4030 0.000005554696 2195.247146 3947 84
4040 0.000004661972 1831.725000 4013 2
4050 0.000005252329 2057.367407 4049 28
4060 0.000001787505 705.210837 4045 1
4070 0.000004513643 1774.175676 3994 1
4080 0.000002860584 1117.995098 4061 1
4090 0.000003241920 1269.784597 4069 1
4100 0.000005778016 2278.690244 4084 7
4110 0.000001405608 537.636496 4053 1
4120 0.000004583341 1803.391262 4111 23
4130 0.000003583015 1359.887893 4080 1
4140 0.000004328334 1699.936232 4029 1
4150 0.000004826893 1879.823614 4119 46
4160 0.000003452402 1359.446394 4158 108
4170 0.000003052264 1171.981055 4133 1
4180 0.000003549626 1398.026794 4174 1
4190 0.000006118370 2397.836993 4028 23
4200 0.000004460247 1751.380238 4196 1
4210 0.000003019751 1172.827791 4210 1
4220 0.000002619915 1016.077014 4200 1
4230 0.000002912272 1150.328842 4229 1
4240 0.000005343985 2068.287736 4126 10
4250 0.000002989783 1179.476941 4227 1
4260 0.000004623619 1809.710329 4242 69
4270 0.000002793700 1102.197892 4248 1
4280 0.000005223419 2048.967757 4267 1
4290 0.000006112054 2410.836597 4280 122
4300 0.000004031937 1583.184884 4279 1
4310 0.000004885221 1912.728770 4270 9
4320 0.000005143042 2012.142593 4146 1
4330 0.000007178637 2743.092148 4240 73
4340 0.000004376196 1678.494009 4325 1
4350 0.000004687469 1779.669425 4306 17
4360 0.000002232816 853.057798 4345 1
4370 0.000004206671 1601.226087 4312 1
4380 0.000005288978 2080.516210 4362 1
4390 0.000005254704 2046.941913 4258 1
4400 0.000003074211 1196.417500 4340 1
4410 0.000004434629 1725.216553 4379 1
4420 0.000003059979 1171.505430 4396 1
4430 0.000005894632 2241.231828 4334 1
4440 0.000003419582 1325.647523 4325 1
4450 0.000005754647 2141.575056 4413 1
4460 0.000005196607 1965.231166 4440 1
4470 0.000005568291 2129.977181 4418 18
4480 0.000004722775 1725.808705 4446 13
4490 0.000007370495 2754.180624 4434 1
4500 0.000003648600 1366.431556 4498 1
4510 0.000006918332 2588.801552 4476 1
4520 0.000003017069 1111.250664 4452 1
4530 0.000005757505 2219.175276 4458 17
4540 0.000006816100 2671.738987 4521 1
4550 0.000005497305 2152.564835 4544 1
4560 0.000003648997 1399.946053 4492 1
4570 0.000005167668 1992.560394 4546 1
4580 0.000005576465 2153.334061 4549 1
4590 0.000004860224 1914.209368 4498 1
4600 0.000005249732 2008.017826 4586 74
4610 0.000007063782 2553.274620 4546 1
4620 0.000004636593 1744.927489 4615 1
4630 0.000003251470 1266.322462 4626 1
4640 0.000004786341 1863.778448 4638 1
4650 0.000005180137 2023.492043 4597 1
4660 0.000002864292 1112.063948 4636 1
4670 0.000004453770 1731.111563 4662 1
4680 0.000004800599 1876.392308 4608 1
4690 0.000007717531 3017.023241 4677 1
4700 0.000003558658 1389.445106 4683 1
4710 0.000007219266 2704.797028 4705 1
4720 0.000005460443 2110.425424 4714 24
4730 0.000006460420 2470.430444 4712 1
4740 0.000003730899 1381.665401 4722 1
4750 0.000006402741 2364.233263 4736 62
4760 0.000002614824 997.345798 4760 1
4770 0.000007572090 2898.918658 4752 7
4780 0.000005644612 2129.227615 4734 4
4790 0.000007305548 2794.896451 4728 1
4800 0.000006776137 2605.441458 4781 1
4810 0.000007294616 2758.448025 4760 12
4820 0.000005191791 1923.169502 4766 6
4830 0.000003992172 1547.072257 4737 5
4840 0.000007531622 2916.509917 4828 72
4850 0.000005224623 2014.638969 4740 11
4860 0.000004453501 1704.883951 4830 1
4870 0.000005605334 2166.823203 4852 1
4880 0.000006964681 2718.764139 4800 190
4890 0.000004522989 1741.632106 4871 1
4900 0.000007725888 2995.753878 4768 1
4910 0.000009390062 3605.690631 4904 31
4920 0.000002557949 926.241057 4825 1
4930 0.000007549506 2909.041582 4906 74
4940 0.000005632782 2192.640081 4902 1
4950 0.000004381833 1710.162020 4918 1
4960 0.000005299656 2075.611290 4904 100
4970 0.000006957718 2736.221529 4970 48
4980 0.000006435151 2521.837751 4966 1
4990 0.000003679925 1444.203808 4959 1
5000 0.000003869672 1515.845600 4993 1
5010 0.000007168443 2797.601597 4942 34
5020 0.000008164273 3151.022908 4975 1
5030 0.000003354838 1306.994831 4907 1
5040 0.000007869250 3089.136310 5036 13
5050 0.000004968644 1957.810693 5010 1
5060 0.000003496792 1352.975296 5037 1
5070 0.000005499497 2148.707495 5036 1
5080 0.000008382709 3265.807087 5052 36
5090 0.000004749871 1776.853045 5085 1
5100 0.000004704606 1820.783137 5032 1
5110 0.000003000559 1180.393151 5100 1
5120 0.000005794215 2255.728125 5089 12
5130 0.000008125781 2833.843860 5070 10
5140 0.000003831617 1463.608949 5059 1
5150 0.000006620859 2545.416505 5119 7
5160 0.000002710399 1043.310271 5126 1
5170 0.000007090458 2748.596712 5155 1
5180 0.000006848869 2639.811969 5178 1
5190 0.000002960152 1140.092486 5173 1
5200 0.000005177401 2001.117885 5101 19
5210 0.000006204125 2406.694434 5198 145
5220 0.000008181096 3203.082567 5153 4
5230 0.000006756438 2651.867304 5188 1
5240 0.000004463522 1746.622901 5204 1
5250 0.000006487435 2520.096190 5157 86
5260 0.000006836061 2685.361597 5127 87
5270 0.000008441490 2924.799810 5256 10
5280 0.000009944255 3527.049432 5280 24
5290 0.000006498210 2490.078828 5290 25
5300 0.000002881184 1102.894528 5298 1
5310 0.000008789543 3402.372505 5286 53
5320 0.000003403392 1318.619737 5291 1
5330 0.000006460366 2483.266979 5329 1
5340 0.000006958445 2694.550936 5334 48
5350 0.000006654744 2587.715701 5320 100
5360 0.000006324046 2470.793097 5247 1
5370 0.000007306873 2827.268156 5366 1
5380 0.000003718847 1412.137175 5365 1
5390 0.000002708365 1031.161967 5387 1
5400 0.000006599866 2513.943704 5381 40
5410 0.000007381862 2734.811830 5313 92
5420 0.000008780494 3310.461808 5304 1
5430 0.000005552530 2102.005341 5414 26
5440 0.000006979885 2625.018382 5394 1
5450 0.000004122846 1551.415046 5412 1
5460 0.000003575710 1353.411722 5403 1
5470 0.000005822660 2197.386837 5301 1
5480 0.000006948496 2658.102007 5446 1
5490 0.000003469278 1274.785610 5404 1
5500 0.000007146258 2798.024182 5470 35
5510 0.000007329710 2883.942105 5411 168
5520 0.000003989922 1561.897645 5514 1
5530 0.000008295648 3256.253345 5492 1
5540 0.000005612591 2204.885921 5489 1
5550 0.000006888587 2711.208288 5513 59
5560 0.000003448561 1351.154137 5518 1
5570 0.000006161136 2371.873788 5518 1
5580 0.000006194801 2401.604839 5392 1
5590 0.000004135463 1608.949911 5512 1
5600 0.000004893778 1901.206786 5600 1
5610 0.000006123769 2408.352050 5591 1
5620 0.000007305946 2877.903381 5483 1
5630 0.000007873482 3084.840675 5625 9
5640 0.000004848513 1902.315071 5620 1
5650 0.000006149810 2419.447788 5607 1
5660 0.000006678567 2566.149293 5651 24
5670 0.000005944641 2334.093122 5653 1
5680 0.000002542207 989.171831 5673 1
5690 0.000006345247 2241.846924 5608 4
5700 0.000006309846 2272.781404 5617 1
5710 0.000004656729 1744.776357 5679 1
5720 0.000006389901 2475.987063 5715 1
5730 0.000007314847 2852.567190 5446 21
5740 0.000005952821 2297.489199 5698 1
5750 0.000005124168 1971.445391 5716 1
5760 0.000003025743 1161.145833 5732 1
5770 0.000005623287 2157.140035 5617 1
5780 0.000007324010 2819.681142 5744 74
5790 0.000008039280 3088.852332 5772 1
5800 0.000007764745 2978.438793 5766 40
5810 0.000007819864 2978.388468 5740 5
5820 0.000008497734 3150.971478 5798 14
5830 0.000006349817 2378.838593 5817 1
5840 0.000004745120 1799.327055 5767 1
5850 0.000003466772 1324.178291 5825 1
5860 0.000007649361 2965.020137 5800 126
5870 0.000004207702 1613.119421 5865 1
5880 0.000006598313 2508.210884 5868 1
5890 0.000005115523 1975.227674 5880 1
5900 0.000005189212 2041.446780 5853 1
5910 0.000004354372 1713.232318 5844 1
5920 0.000006683833 2611.368750 5891 1
5930 0.000004709274 1808.834064 5849 1
5940 0.000007035326 2739.677104 5892 78
5950 0.000005700436 2221.656134 5939 1
5960 0.000007750453 3030.894799 5931 1
5970 0.000005399751 2117.035343 5794 1
5980 0.000007436428 2879.427090 5962 12
5990 0.000006591060 2538.937896 5989 81
6000 0.000007686553 2992.918333 5928 1
6010 0.000004344423 1703.596506 5820 1
6020 0.000008050883 3166.856478 5975 1
6030 0.000006889141 2714.870149 5902 1
6040 0.000006122627 2399.172682 5934 1
6050 0.000006607432 2596.884132 6041 1
6060 0.000007297369 2859.271947 5935 1
6070 0.000009195615 3602.262603 6053 1
6080 0.000005865273 2291.308224 6038 1
6090 0.000007112883 2799.574220 6003 5
6100 0.000006144160 2381.849672 6077 1
6110 0.000005424396 2092.729460 6107 1
6120 0.000006011802 2327.500817 6112 50
6130 0.000005736247 2207.782219 6008 5
6140 0.000003521521 1367.528176 6132 1
6150 0.000006188388 2388.202276 6119 1
6160 0.000009621910 3786.193994 6145 1
6170 0.000004763686 1867.278606 6091 1
6180 0.000006244127 2436.918932 6113 7
6190 0.000008002313 3158.059612 6173 1
6200 0.000008258591 3261.513065 6098 1
6210 0.000009590476 3776.004348 6207 36
6220 0.000008207622 3217.926367 6218 1
6230 0.000004184177 1636.832584 6219 1
6240 0.000004323400 1691.034936 6149 1
6250 0.000005624506 2221.480480 6187 1
6260 0.000005388355 2123.893930 6213 1
6270 0.000005126942 2013.571770 6205 2
6280 0.000005938761 2339.258599 6275 10
6290 0.000004731870 1839.505405 6210 1
6300 0.000004215567 1662.211587 6278 1
6310 0.000008699278 3410.673534 6276 1
6320 0.000004419527 1732.907120 6304 1
6330 0.000003199873 1255.007109 6189 1
6340 0.000005406737 2127.434543 6311 1
6350 0.000008867497 3450.958425 6293 72
6360 0.000003257280 1284.848113 6351 1
6370 0.000003858088 1515.667975 6305 1
6380 0.000002405541 936.649687 6223 1
6390 0.000007050036 2771.554773 6340 29
6400 0.000009578727 3742.758906 6388 213
6410 0.000008786157 3431.967863 6285 1
6420 0.000006929715 2720.617757 6418 1
6430 0.000008571336 3373.343546 6412 1
6440 0.000008863828 3483.869720 6416 94
6450 0.000004932748 1937.088217 6380 1
6460 0.000005460007 2126.665635 6449 1
6470 0.000007620551 3003.751314 6414 1
6480 0.000005187937 2036.619907 6394 47
6490 0.000010262674 4042.706934 6481 1
6500 0.000002915270 1153.287385 6307 1
6510 0.000007544370 2981.729032 6421 1
6520 0.000006242581 2414.266104 6487 1
6530 0.000009683521 3817.552527 6507 62
6540 0.000005604074 2196.320948 6501 1
6550 0.000009987902 3941.146107 6502 113
6560 0.000006068984 2397.163567 6510 1
6570 0.000007972681 3122.293912 6556 5
6580 0.000006896736 2718.611094 6558 1
6590 0.000003975649 1556.844310 6542 1
6600 0.000008776401 3465.319091 6542 38
6610 0.000007556969 2974.501513 6604 1
6620 0.000008078549 3178.769789 6600 6
6630 0.000008122997 3202.212670 6617 1
6640 0.000007209546 2827.432530 6596 1
6650 0.000006430226 2535.371429 6647 1
6660 0.000007424178 2909.910961 6649 1
6670 0.000008465043 3344.228336 6637 1
6680 0.000007297918 2865.538623 6467 1
6690 0.000005401982 2120.776084 6645 1
6700 0.000008289039 3280.414030 6669 21
6710 0.000005869842 2296.610283 6690 1
6720 0.000004775553 1876.764435 6676 1
6730 0.000008475664 3351.875780 6705 1
6740 0.000004555286 1787.591098 6733 1
6750 0.000007671321 3001.861481 6674 1
6760 0.000010295502 4061.758580 6754 1
6770 0.000010125543 3989.180945 6753 60
6780 0.000006528965 2554.641445 6777 1
6790 0.000005414445 2127.067599 6767 1
6800 0.000010385905 4116.366618 6754 15
6810 0.000004950705 1947.976799 6781 1
6820 0.000002723394 1064.287830 6817 1
6830 0.000005036842 1963.970278 6800 1
6840 0.000005592168 2200.388743 6816 1
6850 0.000006536176 2568.969343 6784 1
6860 0.000004421502 1738.779446 6855 1
6870 0.000004298929 1683.650946 6773 1
6880 0.000003260342 1273.107558 6783 1
6890 0.000008841315 3498.463425 6792 1
6900 0.000008247515 3251.465362 6631 39
6910 0.000008610397 3375.833864 6897 1
6920 0.000008836858 3493.187428 6753 1
6930 0.000004964562 1940.006782 6921 1
6940 0.000004004332 1585.357349 6879 1
6950 0.000006922060 2727.392086 6895 1
6960 0.000008113397 3201.229023 6844 49
6970 0.000005347493 2092.260976 6929 1
6980 0.000008288991 3276.923066 6964 1
6990 0.000007061181 2780.145923 6904 1
7000 0.000011266452 4464.143857 6993 8
7010 0.000006963028 2749.328245 6987 1
7020 0.000009483478 3756.563818 7003 3
7030 0.000009287886 3675.339260 6994 76
7040 0.000005319952 2104.705824 7001 13
7050 0.000011154130 4417.532908 7045 1
7060 0.000008226934 3253.951133 7047 1
7070 0.000009251779 3659.908628 7046 2
7080 0.000011807277 4684.047599 7069 22
7090 0.000007508440 2963.339069 7048 1
7100 0.000004576126 1802.705352 7034 1
7110 0.000011013901 4377.127707 7068 14
7120 0.000007873581 3113.637079 7090 1
7130 0.000011237168 4405.830856 7126 3
7140 0.000002941856 1155.293417 7057 1
7150 0.000005907471 2327.467273 7113 2
7160 0.000008151201 3211.079749 7021 1
7170 0.000005960241 2341.026360 7156 1
7180 0.000011428462 4537.105292 7132 40
7190 0.000009449300 3728.620862 7186 5
7200 0.000008791254 3468.041111 7194 1
7210 0.000005360603 2113.767406 7157 1
7220 0.000009522052 3778.775485 7142 1
7230 0.000004605592 1820.046750 7223 1
7240 0.000002757416 1078.895994 7202 1
7250 0.000008589709 3400.145655 7201 81
7260 0.000005707941 2251.230165 7260 1
7270 0.000007883014 3104.266575 7185 1
7280 0.000008004174 3151.257143 7266 1
7290 0.000009481181 3745.427709 7213 44
7300 0.000008191360 3232.530137 7296 124
7310 0.000002831796 1118.758413 7309 1
7320 0.000008295252 3257.300956 7298 27
7330 0.000008084922 3180.809686 7280 67
7340 0.000005813143 2280.633106 7282 1
7350 0.000007467088 2948.430340 7322 1
7360 0.000008651391 3400.797418 7312 1
7370 0.000007618208 3004.979512 7333 1
7380 0.000008887874 3517.210840 7303 37
7390 0.000010863819 4269.900677 7386 1
7400 0.000005444901 2142.869595 7391 1
7410 0.000011238496 4425.548178 7210 6
7420 0.000008354445 3293.538679 7373 1
7430 0.000002176735 850.269179 7425 1
7440 0.000005880512 2322.097581 7371 1
7450 0.000005172610 2037.605503 7430 1
7460 0.000009739094 3845.302011 7460 1
7470 0.000008491973 3349.566131 7426 3
7480 0.000007599956 2993.865374 7457 1
7490 0.000013341221 5239.061949 7488 1
7500 0.000008214787 3246.955600 7481 1
7510 0.000006973905 2741.209720 7478 1
7520 0.000007741989 3064.298005 7508 1
7530 0.000009502042 3752.886587 7496 1
7540 0.000005584781 2190.178117 7525 1
7550 0.000005864690 2311.792848 7528 42
7560 0.000008934771 3525.866931 7518 1
7570 0.000010743475 4235.979789 7555 42
7580 0.000011528931 4573.027441 7516 38
7590 0.000012737500 5049.402372 7536 17
7600 0.000010293738 4075.967237 7584 1
7610 0.000007123930 2805.524310 7606 1
7620 0.000003890235 1529.979921 7536 1
7630 0.000005093106 2009.481258 7452 1
7640 0.000005376538 2113.709293 7585 1
7650 0.000006243672 2458.581699 7643 1
7660 0.000007738896 3052.078851 7619 1
7670 0.000009411789 3709.843286 7649 12
7680 0.000007055496 2779.279167 7611 1
7690 0.000005921702 2338.893108 7645 1
7700 0.000006849467 2704.418961 7673 40
7710 0.000003718863 1459.036576 7700 1
7720 0.000004980157 1965.927591 7679 1
7730 0.000008106232 3205.005045 7728 36
7740 0.000012421502 4930.432946 7739 111
7750 0.000004811799 1885.913032 7719 1
7760 0.000009690228 3845.833505 7647 1
7770 0.000008542172 3378.453153 7764 1
7780 0.000005207836 2044.938303 7778 1
7790 0.000008582561 3399.684211 7781 1
7800 0.000007115135 2806.072308 7774 1
7810 0.000006991441 2762.559155 7797 1
7820 0.000011929109 4732.148210 7784 69
7830 0.000009168124 3610.684802 7802 1
7840 0.000008471291 3333.575510 7810 1
7850 0.000011258171 4465.004968 7784 1
7860 0.000006321014 2493.232952 7842 1
7870 0.000006825795 2697.949174 7784 1
7880 0.000005261621 2072.514975 7773 1
7890 0.000008491157 3367.481115 7888 1
7900 0.000003667345 1442.733418 7868 1
7910 0.000009304403 3682.500000 7901 1
7920 0.000004786008 1876.756566 7850 1
7930 0.000009836286 3886.997730 7917 1
7940 0.000008839087 3511.581864 7914 1
7950 0.000010322420 4092.326918 7905 1
7960 0.000004023755 1589.665452 7874 1
7970 0.000012436955 4933.577917 7939 1
7980 0.000007390115 2912.843734 7943 1
7990 0.000011251629 4458.619900 7965 73
8000 0.000013501022 5362.490875 7807 49
8010 0.000007314443 2884.497753 7764 1
8020 0.000010195059 4030.482294 7933 19
8030 0.000013043884 5187.793400 7982 1
8040 0.000008610410 3411.006468 8013 1
8050 0.000003503453 1376.175404 8029 1
8060 0.000010952622 4347.799876 8056 1
8070 0.000005119106 2017.134325 7903 1
8080 0.000008273695 3281.944183 8050 1
8090 0.000008388774 3321.331520 8071 17
8100 0.000005511327 2170.898025 7898 1
8110 0.000007797460 3086.767078 8070 1
8120 0.000010055867 3979.005911 8093 1
8130 0.000009698770 3832.870234 8065 260
8140 0.000006653716 2620.012899 8124 1
8150 0.000014047512 5591.834847 8080 55
8160 0.000010401236 4123.760049 8101 25
8170 0.000009130849 3618.266218 8087 45
8180 0.000008877550 3509.320171 8080 1
8190 0.000007501008 2972.716606 8188 1
8200 0.000009014280 3573.174878 8188 33
8210 0.000009645282 3817.162850 8210 2
8220 0.000007327689 2889.196837 8182 1
8230 0.000004109092 1616.036938 8222 1
8240 0.000006674309 2629.548665 8208 1
8250 0.000011859762 4699.754061 8129 1
8260 0.000005588792 2199.700605 8206 1
8270 0.000005895958 2330.782830 8207 1
8280 0.000011639354 4620.551449 8263 58
8290 0.000007038287 2769.568878 8255 1
8300 0.000010028876 3972.049036 8289 2
8310 0.000009135375 3617.847172 8162 1
8320 0.000009163073 3626.139183 8199 1
8330 0.000006513232 2569.260264 8278 1
8340 0.000003838153 1502.952758 8321 1
8350 0.000007966629 3163.749940 8331 1
8360 0.000005340098 2101.822010 8267 1
8370 0.000004250644 1679.710872 8363 1
8380 0.000007921628 3146.239260 8303 1
8390 0.000010339995 4093.868892 8318 150
8400 0.000010870699 4308.060714 8373 116
8410 0.000006432538 2530.082996 8402 1
8420 0.000010035798 3957.694537 8353 1
8430 0.000007541266 2974.616370 8408 1
8440 0.000007391224 2923.334005 8434 1
8450 0.000006660042 2628.187337 8432 1
8460 0.000011185925 4423.228014 8450 81
8470 0.000008224840 3247.965525 8468 1
8480 0.000007756627 3069.216038 8392 1
8490 0.000010229306 4053.039812 8470 1
8500 0.000008000287 3155.046941 8344 50
8510 0.000010670252 4228.467568 8485 10
8520 0.000011030063 4355.528404 8508 1
8530 0.000009232052 3647.453576 8512 1
8540 0.000011132430 4428.047190 8509 26
8550 0.000005931516 2338.992164 8471 1
8560 0.000013505137 5372.030607 8487 64
8570 0.000010228623 4044.542357 8526 3
8580 0.000008290750 3260.172028 8501 24
8590 0.000009952702 3943.181024 8575 50
8600 0.000008211536 3244.843372 8542 1
8610 0.000011281191 4468.403252 8571 60
8620 0.000005867334 2317.687587 8539 1
8630 0.000008924933 3537.761530 8629 10
8640 0.000008468162 3354.234838 8560 1
8650 0.000006825747 2696.986358 8528 1
8660 0.000007603371 3011.026674 8645 1
8670 0.000006207818 2454.375433 8588 1
8680 0.000011352648 4497.951959 8588 63
8690 0.000007495125 2952.588838 8602 1
8700 0.000012411075 4908.863103 8699 1
8710 0.000006917068 2730.263835 8685 61
8720 0.000007030393 2776.201491 8655 1
8730 0.000011177471 4421.538144 8728 1
8740 0.000004529902 1778.212586 8698 1
8750 0.000009482663 3767.175886 8597 1
8760 0.000007427504 2935.995548 8734 1
8770 0.000012531021 4971.439567 8756 28
8780 0.000007647701 3024.114920 8745 39
8790 0.000008821591 3485.708987 8761 79
8800 0.000013093866 5203.293977 8755 1
8810 0.000011414158 4529.847446 8806 1
8820 0.000004947106 1949.891383 8765 1
8830 0.000008172941 3240.297848 8736 1
8840 0.000006859744 2708.510973 8809 1
8850 0.000014178138 5637.728588 8746 112
8860 0.000009409389 3726.117156 8859 1
8870 0.000009969023 3949.031567 8825 1
8880 0.000013351747 5310.815766 8879 1
8890 0.000009874689 3914.160855 8805 79
8900 0.000004807886 1889.246966 8894 1
8910 0.000006753627 2668.042312 8893 1
8920 0.000014072023 5587.701457 8904 29
8930 0.000011213239 4441.600224 8815 83
8940 0.000013760550 5468.090828 8867 3
8950 0.000011014960 4373.712179 8944 116
8960 0.000010845206 4301.464397 8919 1
8970 0.000006186151 2441.020290 8948 1
8980 0.000006339663 2498.666927 8936 1
8990 0.000005680208 2241.755284 8959 1
9000 0.000014357330 5704.107444 8979 1
9010 0.000011231061 4459.775694 8900 129
9020 0.000010811366 4285.608315 8980 1
9030 0.000006634361 2623.483721 9029 1
9040 0.000005102101 2009.053208 8888 1
9050 0.000010154826 4017.331381 8953 1
9060 0.000010471993 4154.115453 9032 4
9070 0.000009753116 3865.469791 9042 70
9080 0.000008639506 3420.293392 9027 1
9090 0.000006856412 2708.397250 9074 1
9100 0.000012988890 5157.498132 9087 81
9110 0.000011123135 4406.777278 9053 36
9120 0.000006311511 2490.408882 9114 1
9130 0.000009258139 3670.605038 9098 1
9140 0.000012303942 4870.762582 9110 1
9150 0.000008959957 3542.388634 9149 1
9160 0.000008099986 3181.522380 9079 2
9170 0.000006630701 2613.508070 9169 1
9180 0.000008771668 3467.733333 9173 1
9190 0.000008195204 3234.999021 9147 1
9200 0.000016427162 6545.468043 9187 23
9210 0.000010205806 4047.565364 9134 1
9220 0.000007752970 3068.037202 9188 1
9230 0.000008099661 3209.227736 9217 101
9240 0.000004873443 1919.670455 9238 1
9250 0.000010176161 4047.483351 9244 21
9260 0.000012368812 4905.790497 9135 82
9270 0.000015055138 5986.428263 9144 1
9280 0.000007069160 2789.550539 9268 1
9290 0.000012948841 5143.363186 9282 1
9300 0.000018061251 7188.366237 9194 22
9310 0.000013539898 5380.267347 9246 4
9320 0.000009923977 3937.699893 9244 83
9330 0.000004930857 1944.467631 9321 1
9340 0.000008040984 3192.232869 9295 1
9350 0.000009038767 3578.263957 9338 1
9360 0.000007517651 2971.702671 9288 1
9370 0.000009943866 3933.736286 9367 105
9380 0.000010420846 4082.170896 9292 22
9390 0.000003201839 1255.704473 9387 1
9400 0.000007651289 3031.309149 9378 1
9410 0.000011230863 4462.124761 9319 1
9420 0.000010082875 4001.177389 9389 14
9430 0.000008437819 3337.663521 9421 1
9440 0.000006343565 2503.448729 9373 1
9450 0.000010346718 4096.260106 9404 1
9460 0.000005918392 2340.178436 9439 1
9470 0.000005890804 2324.727244 9326 1
9480 0.000010232724 4070.257700 9444 1
9490 0.000008925152 3538.126238 9385 1
9500 0.000005901599 2329.162000 9414 1
9510 0.000012749024 5062.637960 9349 283
9520 0.000009505174 3765.284664 9480 1
9530 0.000009741483 3863.028751 9517 13
9540 0.000015348990 5981.248428 9529 1
9550 0.000014152002 5611.622199 9486 1
9560 0.000011575057 4595.528766 9457 1
9570 0.000006627979 2614.471264 9568 1
9580 0.000013238211 5260.914196 9469 171
9590 0.000010297030 4073.454223 9308 1
9600 0.000008289314 3269.985000 9593 1
9610 0.000011472959 4546.990739 9607 18
9620 0.000014592066 5800.603950 9613 1
9630 0.000004620360 1819.035514 9582 1
9640 0.000014682468 5844.023755 9635 52
9650 0.000007842197 3094.383834 9638 1
9660 0.000011946816 4749.833437 9627 11
9670 0.000015151732 6027.021096 9609 1
9680 0.000011132801 4399.649587 9641 1
9690 0.000009591198 3803.145511 9656 1
9700 0.000013114192 5177.604330 9683 1
9710 0.000012716088 5055.563440 9704 1
9720 0.000008198104 3248.781173 9628 1
9730 0.000009110055 3607.215827 9727 1
9740 0.000003636983 1434.452053 9733 1
9750 0.000008359511 3315.179179 9665 1
9760 0.000012802533 5092.995594 9745 1
9770 0.000010540982 4168.472569 9769 37
9780 0.000013473652 5296.538548 9754 25
9790 0.000006312014 2485.496221 9770 1
9800 0.000013214373 5252.797551 9719 1
9810 0.000006622009 2616.810601 9659 1
9820 0.000008825130 3497.241039 9754 1
9830 0.000009389192 3704.243845 9810 1
9840 0.000006422163 2538.304472 9728 1
9850 0.000010629251 4223.062030 9789 6
9860 0.000012041787 4779.638945 9849 150
9870 0.000015160008 6025.666667 9856 33
9880 0.000009292707 3682.609413 9839 1
9890 0.000010578005 4185.947624 9887 10
9900 0.000007860212 3062.601212 9718 1
9910 0.000013749190 5364.048032 9905 57
9920 0.000011947203 4655.933266 9877 4
9930 0.000007037266 2759.293656 9904 1
9940 0.000015787949 6135.378873 9874 57
9950 0.000015995985 6220.231357 9905 101
9960 0.000010310962 4070.001807 9935 68
9970 0.000012421099 4935.487964 9899 204
9980 0.000015683677 6187.498597 9887 35
9990 0.000012920465 5109.349650 9930 86
10000 0.000006934424 2738.850600 9997 1
