1000 0.000000166077 49.722070 999 1
1010 0.000000168299 57.663178 1010 1
1020 0.000000184293 62.147402 1020 1
1030 0.000000174574 59.992573 1029 1
1040 0.000000163431 55.520817 1040 1
1050 0.000000174807 60.500790 1043 1
1060 0.000000184020 63.240217 1058 1
1070 0.000000186656 64.932981 1070 1
1080 0.000000182282 63.597546 1078 1
1090 0.000000214377 75.786477 1089 1
1100 0.000000207952 73.854927 1096 1
1110 0.000000174301 59.922640 1110 1
1120 0.000000200996 70.761080 1120 1
1130 0.000000170300 58.997540 1128 1
1140 0.000000151004 51.360114 1140 1
1150 0.000000163829 56.395400 1149 1
1160 0.000000205976 73.165328 1159 1
1170 0.000000183129 64.122675 1170 1
1180 0.000000181179 63.395941 1179 1
1190 0.000000182098 63.290538 1190 1
1200 0.000000201323 70.887233 1197 1
1210 0.000000211516 74.903727 1209 1
1220 0.000000167970 57.758328 1220 1
1230 0.000000186751 65.513520 1229 1
1240 0.000000197754 69.526500 1236 1
1250 0.000000207040 72.990512 1249 1
1260 0.000000196095 68.713865 1259 1
1270 0.000000176720 61.118465 1269 1
1280 0.000000208926 74.512500 1279 1
1290 0.000000208482 73.768318 1288 1
1300 0.000000204113 71.977708 1298 1
1310 0.000000216590 76.351588 1310 1
1320 0.000000176188 61.767614 1318 1
1330 0.000000242485 87.291797 1328 1
1340 0.000000196990 69.121104 1338 1
1350 0.000000185598 64.708319 1350 1
1360 0.000000224851 80.452000 1359 1
1370 0.000000199020 69.814526 1368 1
1380 0.000000158057 54.232384 1378 1
1390 0.000000226068 80.639993 1390 1
1400 0.000000169564 58.595157 1399 1
1410 0.000000206739 73.046156 1396 1
1420 0.000000216555 76.995901 1420 1
1430 0.000000189038 65.827077 1430 1
1440 0.000000245201 88.503479 1440 1
1450 0.000000225547 80.251028 1450 1
1460 0.000000216699 76.098890 1449 1
1470 0.000000225282 80.558340 1470 1
1480 0.000000238941 86.044480 1478 1
1490 0.000000214116 76.104987 1489 1
1500 0.000000196047 68.952500 1496 1
1510 0.000000250935 90.831212 1507 1
1520 0.000000240523 85.874053 1520 1
1530 0.000000257153 93.234059 1529 1
1540 0.000000230427 82.670890 1540 1
1550 0.000000303615 110.471071 1549 1
1560 0.000000236104 84.558327 1558 1
1570 0.000000252341 91.014166 1570 1
1580 0.000000212138 75.255570 1580 1
1590 0.000000210991 74.791377 1590 1
1600 0.000000278462 101.782294 1592 1
1610 0.000000187893 65.024516 1610 1
1620 0.000000251649 91.176802 1620 1
1630 0.000000233830 83.706417 1628 1
1640 0.000000252311 91.782384 1640 1
1650 0.000000207017 72.852697 1650 1
1660 0.000000196494 69.158169 1659 1
1670 0.000000238940 86.060275 1670 1
1680 0.000000274402 100.250036 1680 1
1690 0.000000263530 95.481136 1689 1
1700 0.000000246691 89.087818 1698 1
1710 0.000000219401 77.533000 1710 1
1720 0.000000240300 86.785244 1717 1
1730 0.000000267081 97.268728 1723 1
1740 0.000000264836 95.751362 1738 1
1750 0.000000255862 92.632006 1750 1
1760 0.000000236495 84.110062 1755 1
1770 0.000000223661 79.965277 1769 1
1780 0.000000288707 106.591270 1772 1
1790 0.000000256930 92.858123 1785 1
1800 0.000000267847 97.802683 1798 1
1810 0.000000255224 92.428365 1809 1
1820 0.000000300337 111.071335 1815 1
1830 0.000000266564 96.633437 1830 1
1840 0.000000289860 106.459995 1839 1
1850 0.000000248241 89.192135 1850 1
1860 0.000000226314 81.318586 1860 1
1870 0.000000264162 95.671636 1870 1
1880 0.000000301069 111.223574 1879 1
1890 0.000000286437 104.809603 1890 1
1900 0.000000241946 86.935663 1896 1
1910 0.000000250967 90.242492 1910 1
1920 0.000000255118 92.070385 1917 1
1930 0.000000239024 86.457591 1930 1
1940 0.000000275357 100.170289 1940 1
1950 0.000000311187 114.585544 1944 1
1960 0.000000278359 101.406383 1952 1
1970 0.000000254470 92.127289 1968 1
1980 0.000000273015 99.611591 1977 1
1990 0.000000295819 108.007995 1988 1
2000 0.000000371855 139.082690 1998 1
2010 0.000000284427 103.997164 2009 1
2020 0.000000335654 124.330995 2018 1
2030 0.000000292706 107.273468 2025 1
2040 0.000000261983 94.772853 2040 1
2050 0.000000330401 122.092634 2048 1
2060 0.000000280879 102.300068 2056 1
2070 0.000000231532 82.672087 2064 1
2080 0.000000312686 115.073558 2079 1
2090 0.000000308506 113.538297 2090 1
2100 0.000000351222 130.863852 2098 1
2110 0.000000291342 106.553739 2110 1
2120 0.000000290020 106.194726 2118 1
2130 0.000000317978 117.267948 2127 1
2140 0.000000367866 137.410495 2137 1
2150 0.000000388212 145.609265 2142 1
2160 0.000000291151 106.173801 2159 1
2170 0.000000343088 127.673903 2167 1
2180 0.000000322151 119.112216 2173 1
2190 0.000000307923 113.182726 2186 1
2200 0.000000329915 122.331814 2196 1
2210 0.000000352231 130.925575 2207 1
2220 0.000000301259 110.705437 2218 1
2230 0.000000290677 106.523462 2229 1
2240 0.000000343412 126.916067 2240 1
2250 0.000000287637 105.923444 2245 1
2260 0.000000405350 152.469102 2259 1
2270 0.000000338224 125.705643 2268 1
2280 0.000000335929 124.797732 2279 1
2290 0.000000308508 113.814952 2281 1
2300 0.000000380393 141.589848 2298 1
2310 0.000000288882 105.917853 2308 1
2320 0.000000375740 140.189341 2319 1
2330 0.000000303512 111.610798 2320 1
2340 0.000000354660 131.573850 2340 1
2350 0.000000302855 111.462872 2350 1
2360 0.000000371611 139.072081 2359 1
2370 0.000000285618 104.722886 2369 1
2380 0.000000316610 116.880197 2380 1
2390 0.000000319302 116.707439 2389 1
2400 0.000000339390 126.883458 2400 1
2410 0.000000300162 110.461228 2409 1
2420 0.000000361800 135.178736 2417 1
2430 0.000000374533 140.154807 2426 1
2440 0.000000389923 146.458074 2439 1
2450 0.000000375296 140.624604 2442 1
2460 0.000000325252 119.967748 2459 1
2470 0.000000344714 129.083522 2469 1
2480 0.000000367251 137.133383 2480 1
2490 0.000000412483 155.506386 2489 1
2500 0.000000357852 133.554620 2500 1
2510 0.000000314842 116.487394 2508 1
2520 0.000000419340 157.692659 2520 1
2530 0.000000380714 142.738447 2526 1
2540 0.000000342322 127.465413 2532 1
2550 0.000000381953 143.346722 2550 1
2560 0.000000387579 145.411395 2559 1
2570 0.000000411783 155.284568 2570 1
2580 0.000000367478 136.842101 2580 1
2590 0.000000350354 130.564297 2590 1
2600 0.000000366739 136.929073 2600 1
2610 0.000000373607 139.859441 2610 1
2620 0.000000364404 133.719626 2618 1
2630 0.000000353576 131.506973 2627 1
2640 0.000000353037 131.003208 2637 1
2650 0.000000350222 130.198675 2646 1
2660 0.000000417455 157.133876 2660 1
2670 0.000000408918 154.077303 2670 1
2680 0.000000384717 144.369049 2678 1
2690 0.000000368733 138.119342 2688 1
2700 0.000000409983 153.878363 2695 1
2710 0.000000331676 123.089978 2707 1
2720 0.000000417089 157.259673 2719 1
2730 0.000000338891 126.166198 2729 1
2740 0.000000331014 122.972770 2739 1
2750 0.000000441226 166.986778 2750 1
2760 0.000000466371 177.351174 2758 1
2770 0.000000388306 145.926552 2770 1
2780 0.000000408986 154.251558 2774 1
2790 0.000000412381 155.680516 2790 1
2800 0.000000405669 152.953707 2800 1
2810 0.000000474966 180.737110 2810 1
2820 0.000000490911 187.043404 2818 1
2830 0.000000352987 131.895859 2830 1
2840 0.000000455738 173.060275 2835 1
2850 0.000000428502 161.970944 2845 1
2860 0.000000403792 151.469007 2858 1
2870 0.000000419140 158.072073 2869 1
2880 0.000000407752 153.902056 2875 1
2890 0.000000476395 181.332848 2881 1
2900 0.000000393779 148.109690 2900 1
2910 0.000000348204 129.440560 2910 1
2920 0.000000402846 151.734490 2915 1
2930 0.000000441052 167.249225 2930 1
2940 0.000000447619 169.828878 2938 1
2950 0.000000391264 147.237993 2949 1
2960 0.000000436435 164.830828 2960 1
2970 0.000000399947 150.798367 2968 1
2980 0.000000423766 160.422507 2980 1
2990 0.000000458684 174.331719 2988 1
3000 0.000000419665 158.582027 2999 1
3010 0.000000396720 149.986837 3008 1
3020 0.000000425918 161.236497 3016 1
3030 0.000000480447 182.933779 3029 1
3040 0.000000353304 132.019974 3039 1
3050 0.000000442074 167.196905 3044 1
3060 0.000000406240 153.120471 3055 1
3070 0.000000434803 164.655632 3070 1
3080 0.000000394098 148.364286 3079 1
3090 0.000000438384 165.996055 3089 1
3100 0.000000426685 161.359626 3100 1
3110 0.000000468775 177.960084 3109 1
3120 0.000000467355 177.827112 3120 1
3130 0.000000438587 166.321099 3129 1
3140 0.000000371919 138.320217 3138 1
3150 0.000000421517 159.418610 3149 1
3160 0.000000394461 148.762528 3160 1
3170 0.000000377888 141.941416 3170 1
3180 0.000000518507 198.006975 3177 1
3190 0.000000367403 137.579376 3190 1
3200 0.000000481386 183.525909 3197 1
3210 0.000000415168 156.910981 3191 1
3220 0.000000426696 161.379006 3212 1
3230 0.000000498530 189.980659 3230 1
3240 0.000000391137 146.824769 3238 1
3250 0.000000494198 188.607834 3248 1
3260 0.000000421934 159.535420 3257 1
3270 0.000000429066 162.192205 3270 1
3280 0.000000424809 160.818610 3279 1
3290 0.000000484840 184.654733 3283 1
3300 0.000000404850 152.957267 3299 1
3310 0.000000444786 169.133725 3310 1
3320 0.000000547753 210.109446 3319 1
3330 0.000000448595 170.522949 3330 1
3340 0.000000476987 180.820907 3340 1
3350 0.000000440070 166.980687 3350 1
3360 0.000000456347 173.561110 3352 1
3370 0.000000533978 204.542392 3370 1
3380 0.000000456588 172.998459 3376 1
3390 0.000000581547 223.646687 3390 1
3400 0.000000412073 155.837774 3399 1
3410 0.000000476983 181.203572 3409 1
3420 0.000000520618 199.168696 3418 1
3430 0.000000456043 173.224181 3420 1
3440 0.000000587504 225.922328 3437 1
3450 0.000000397540 149.915093 3450 1
3460 0.000000505207 192.935569 3460 1
3470 0.000000471787 179.781023 3465 1
3480 0.000000484785 184.232181 3478 1
3490 0.000000444462 168.564630 3480 1
3500 0.000000470747 178.654669 3500 1
3510 0.000000403532 152.504795 3506 1
3520 0.000000499292 190.031616 3508 1
3530 0.000000380607 143.210555 3528 1
3540 0.000000562795 216.121709 3535 1
3550 0.000000497303 189.551527 3549 1
3560 0.000000608999 234.852469 3560 1
3570 0.000000526945 201.177451 3570 1
3580 0.000000511642 194.806240 3575 1
3590 0.000000510869 195.649203 3586 1
3600 0.000000463160 176.153433 3600 1
3610 0.000000448179 170.318828 3604 1
3620 0.000000473982 179.496552 3617 1
3630 0.000000533669 204.324248 3628 1
3640 0.000000456838 173.773192 3639 1
3650 0.000000552751 211.814948 3646 1
3660 0.000000582567 224.300000 3659 1
3670 0.000000465375 176.999845 3670 1
3680 0.000000505884 192.833573 3676 1
3690 0.000000483090 184.209008 3686 1
3700 0.000000549240 210.694197 3694 1
3710 0.000000499721 190.522995 3710 1
3720 0.000000658130 254.327750 3717 1
3730 0.000000509955 194.757319 3728 1
3740 0.000000545933 208.989342 3739 1
3750 0.000000603128 232.348835 3748 1
3760 0.000000542254 208.005253 3758 1
3770 0.000000504128 192.223772 3767 1
3780 0.000000598160 230.457495 3770 1
3790 0.000000462253 175.933929 3789 1
3800 0.000000454206 172.297047 3796 1
3810 0.000000546938 210.079320 3810 1
3820 0.000000654353 252.846759 3820 1
3830 0.000000528143 202.344274 3823 1
3840 0.000000575977 221.639474 3839 1
3850 0.000000536950 205.519000 3845 1
3860 0.000000617514 238.201855 3860 1
3870 0.000000506740 193.963323 3867 1
3880 0.000000593737 228.342407 3880 1
3890 0.000000478191 182.449884 3890 1
3900 0.000000539362 206.769244 3900 1
3910 0.000000462044 175.288642 3907 1
3920 0.000000417529 158.055793 3919 1
3930 0.000000495083 189.173827 3927 1
3940 0.000000569290 218.243122 3940 1
3950 0.000000513690 196.650934 3950 1
3960 0.000000501731 191.837058 3957 1
3970 0.000000534054 204.438668 3970 1
3980 0.000000582924 224.401894 3980 1
3990 0.000000473964 180.795333 3986 1
4000 0.000000680836 262.847722 3997 1
4010 0.000000570602 219.468459 4010 1
4020 0.000000578661 222.071933 4019 1
4030 0.000000660352 255.359174 4026 1
4040 0.000000590143 226.923881 4037 1
4050 0.000000481627 183.818309 4050 1
4060 0.000000436558 165.698495 4056 1
4070 0.000000505868 193.061624 4066 1
4080 0.000000516407 197.823174 4075 1
4090 0.000000642416 248.245425 4085 1
4100 0.000000594094 228.175515 4098 1
4110 0.000000595318 229.525168 4109 1
4120 0.000000533714 204.871561 4119 1
4130 0.000000459814 175.475111 4130 1
4140 0.000000674525 261.280063 4140 1
4150 0.000000496949 189.566164 4148 1
4160 0.000000476923 182.036803 4159 1
4170 0.000000552411 212.022885 4168 1
4180 0.000000596499 229.135218 4179 1
4190 0.000000455718 173.536537 4178 1
4200 0.000000559578 214.796076 4200 1
4210 0.000000490384 186.861644 4205 1
4220 0.000000564935 217.310604 4215 1
4230 0.000000660231 255.061222 4223 1
4240 0.000000626607 234.632347 4237 1
4250 0.000000528505 201.850367 4245 1
4260 0.000000611988 235.851336 4259 1
4270 0.000000504829 193.090194 4269 1
4280 0.000000584919 224.883084 4280 1
4290 0.000000649346 251.157823 4288 1
4300 0.000000548658 210.205337 4295 1
4310 0.000000570987 219.770852 4309 1
4320 0.000000560100 214.656231 4320 1
4330 0.000000666407 257.965975 4327 1
4340 0.000000650441 250.549571 4330 1
4350 0.000000544829 209.225722 4340 1
4360 0.000000709175 275.183865 4359 1
4370 0.000000581688 223.950785 4369 1
4380 0.000000563464 216.537347 4379 1
4390 0.000000467240 177.775155 4387 1
4400 0.000000560734 215.563880 4397 1
4410 0.000000550430 211.127401 4410 1
4420 0.000000600503 230.122674 4418 1
4430 0.000000743565 288.467280 4415 1
4440 0.000000553218 212.691820 4439 1
4450 0.000000644125 248.710270 4450 1
4460 0.000000604519 232.828121 4449 1
4470 0.000000591738 228.007515 4457 1
4480 0.000000644704 248.830833 4478 1
4490 0.000000502050 191.920655 4488 1
4500 0.000000535107 204.963567 4497 1
4510 0.000000571638 220.026534 4510 1
4520 0.000000514221 196.894518 4512 1
4530 0.000000659831 254.695490 4525 1
4540 0.000000593418 228.715529 4540 1
4550 0.000000520775 199.091189 4550 1
4560 0.000000570599 219.413452 4555 1
4570 0.000000558442 214.000335 4569 1
4580 0.000000662799 256.470961 4575 1
4590 0.000000673352 260.366562 4586 1
4600 0.000000525253 201.458070 4597 1
4610 0.000000548805 210.872636 4605 1
4620 0.000000635520 238.686794 4617 1
4630 0.000000767698 298.125674 4626 1
4640 0.000000613087 236.635500 4636 1
4650 0.000000644203 248.750617 4650 1
4660 0.000000656201 253.472107 4660 1
4670 0.000000783989 304.686704 4670 1
4680 0.000000517307 198.267808 4677 1
4690 0.000000674010 260.706644 4689 1
4700 0.000000556762 213.734251 4694 1
4710 0.000000680194 263.183049 4709 1
4720 0.000000649068 251.126981 4720 1
4730 0.000000702028 272.077784 4725 1
4740 0.000000584339 225.208013 4739 1
4750 0.000000723878 280.787297 4747 1
4760 0.000000565759 217.379536 4756 1
4770 0.000000634822 244.917803 4766 1
4780 0.000000601447 232.035073 4779 1
4790 0.000000840018 327.164029 4782 1
4800 0.000000696680 270.012869 4799 1
4810 0.000000655757 253.851158 4810 1
4820 0.000000619157 238.630604 4819 1
4830 0.000000645704 249.734896 4829 1
4840 0.000000633578 244.683372 4834 1
4850 0.000000856699 334.245901 4849 1
4860 0.000000572463 219.059358 4848 1
4870 0.000000626687 242.121195 4870 1
4880 0.000000567984 218.347557 4880 1
4890 0.000000690567 267.477067 4884 1
4900 0.000000834394 324.495861 4892 1
4910 0.000000728109 282.741764 4901 1
4920 0.000000686949 266.053935 4908 1
4930 0.000000711022 275.126704 4929 1
4940 0.000000691633 267.612816 4934 1
4950 0.000000689852 267.067699 4948 1
4960 0.000000730249 283.706179 4957 1
4970 0.000000608087 234.185769 4969 1
4980 0.000000661329 255.863255 4980 1
4990 0.000000641695 247.859786 4987 1
5000 0.000000691367 267.869730 4997 1
5010 0.000000733814 285.421136 5004 1
5020 0.000000689614 267.130683 5016 1
5030 0.000000698614 270.985668 5025 1
5040 0.000000671177 259.513990 5039 1
5050 0.000000698659 270.919091 5047 1
5060 0.000000682353 264.723822 5054 1
5070 0.000000693363 268.445126 5058 1
5080 0.000000761931 296.329736 5080 1
5090 0.000000703564 272.573079 5088 1
5100 0.000000656998 254.006763 5100 1
5110 0.000000657134 253.521708 5105 1
5120 0.000000751369 291.376896 5120 1
5130 0.000000782102 304.476906 5130 1
5140 0.000000752012 292.007683 5140 1
5150 0.000000634766 244.931559 5146 1
5160 0.000000777331 302.253618 5153 1
5170 0.000000749572 291.013544 5161 1
5180 0.000000814322 317.327911 5180 1
5190 0.000000729681 282.949274 5190 1
5200 0.000000812832 316.567415 5199 1
5210 0.000000700170 271.403762 5210 1
5220 0.000000692365 268.084839 5218 1
5230 0.000000801736 312.417438 5230 1
5240 0.000000606428 234.310517 5238 1
5250 0.000000802043 311.625632 5246 1
5260 0.000000657774 254.494983 5257 1
5270 0.000000883566 344.599556 5270 1
5280 0.000000578807 222.656803 5271 1
5290 0.000000884319 345.643418 5288 1
5300 0.000000762306 296.150102 5299 1
5310 0.000000714392 276.580058 5308 1
5320 0.000000649419 251.162895 5319 1
5330 0.000000863472 336.633445 5325 1
5340 0.000000708914 272.803607 5340 1
5350 0.000000746891 290.515400 5332 1
5360 0.000000738399 286.292147 5354 1
5370 0.000000824798 321.059862 5368 1
5380 0.000000763585 296.649270 5378 1
5390 0.000000910247 355.746614 5387 1
5400 0.000000763004 296.419252 5399 1
5410 0.000000760542 294.902793 5408 1
5420 0.000000682501 264.652262 5417 1
5430 0.000000788096 306.655274 5427 1
5440 0.000000771915 300.015116 5439 1
5450 0.000000863478 337.125791 5441 1
5460 0.000000729718 283.055132 5456 1
5470 0.000000890954 347.768009 5470 1
5480 0.000000906576 353.903347 5470 1
5490 0.000000829597 323.426639 5490 1
5500 0.000000892800 348.338480 5498 1
5510 0.000000750064 291.417947 5509 1
5520 0.000000870899 339.797630 5509 1
5530 0.000000740163 287.392345 5512 1
5540 0.000000525093 200.974522 5536 1
5550 0.000000713436 276.474957 5549 1
5560 0.000000683380 264.932131 5550 1
5570 0.000000778063 302.603129 5562 1
5580 0.000001014038 397.271086 5576 1
5590 0.000000772316 300.108488 5588 1
5600 0.000000809528 315.517725 5599 1
5610 0.000000683077 264.481073 5610 1
5620 0.000000851771 332.037600 5617 1
5630 0.000000873331 340.531607 5625 1
5640 0.000000789041 307.258183 5637 1
5650 0.000000869468 339.717251 5650 1
5660 0.000000847973 330.680882 5660 1
5670 0.000000697435 270.576806 5668 1
5680 0.000000742768 288.075819 5679 1
5690 0.000000717037 278.457320 5689 1
5700 0.000000866984 338.252407 5691 1
5710 0.000000783223 304.663182 5705 1
5720 0.000000808870 314.629418 5720 1
5730 0.000000803070 312.852663 5723 1
5740 0.000000800090 311.388787 5734 1
5750 0.000000771693 300.087297 5740 1
5760 0.000000855820 333.389832 5753 1
5770 0.000000704010 273.128432 5768 1
5780 0.000000805457 313.407280 5779 1
5790 0.000000870165 338.693392 5785 1
5800 0.000000791366 307.845405 5798 1
5810 0.000000638873 246.918620 5808 1
5820 0.000000731521 283.975538 5811 1
5830 0.000000750082 291.457789 5824 1
5840 0.000000878352 342.952022 5840 1
5850 0.000000863416 336.655899 5850 1
5860 0.000000686629 266.090845 5859 1
5870 0.000000699407 270.736990 5857 1
5880 0.000000628264 242.689129 5878 1
5890 0.000000697718 270.722012 5888 1
5900 0.000000855988 333.597385 5885 1
5910 0.000000718355 278.689665 5903 1
5920 0.000000770542 299.579456 5914 1
5930 0.000000903868 353.542897 5926 1
5940 0.000000681500 263.467736 5937 1
5950 0.000000555720 213.478534 5948 1
5960 0.000000797569 310.662891 5959 1
5970 0.000000843691 328.837208 5970 1
5980 0.000000854887 332.777855 5980 1
5990 0.000000740047 287.202891 5989 1
6000 0.000000897392 350.413770 6000 1
6010 0.000000807091 314.234306 6010 1
6020 0.000000810324 315.744314 6011 1
6030 0.000000801393 312.142507 6027 1
6040 0.000000788399 306.669075 6040 1
6050 0.000000814902 317.416043 6050 1
6060 0.000000697098 270.003800 6058 1
6070 0.000001002361 392.453858 6069 1
6080 0.000000713928 276.888181 6079 1
6090 0.000000790283 307.367305 6086 1
6100 0.000001020264 399.464584 6095 1
6110 0.000000632662 244.276453 6102 1
6120 0.000000848600 330.480301 6116 1
6130 0.000000865476 337.805051 6123 1
6140 0.000000867389 337.307055 6140 1
6150 0.000000797037 310.465815 6148 1
6160 0.000000865036 337.425927 6159 1
6170 0.000000956252 366.753096 6169 1
6180 0.000001006653 380.714036 6175 1
6190 0.000000944833 358.380160 6183 1
6200 0.000000904500 349.191990 6196 1
6210 0.000000730991 275.623833 6205 1
6220 0.000001097499 416.968907 6219 1
6230 0.000000826697 311.748058 6227 1
6240 0.000000796866 302.711115 6236 1
6250 0.000000779827 295.496075 6241 1
6260 0.000000989163 381.012110 6252 1
6270 0.000000898391 346.524432 6268 1
6280 0.000000927244 356.120952 6279 1
6290 0.000000794212 306.065075 6288 1
6300 0.000000749455 288.771875 6296 1
6310 0.000000812304 313.916448 6308 1
6320 0.000000799532 305.707364 6312 1
6330 0.000000877829 336.868711 6330 1
6340 0.000000841460 318.568142 6327 1
6350 0.000000870260 330.231871 6334 1
6360 0.000000867697 329.873620 6356 1
6370 0.000000848333 327.137947 6363 1
6380 0.000000968156 373.482647 6379 1
6390 0.000000901888 348.901383 6389 1
6400 0.000000794519 309.116703 6395 1
6410 0.000000865916 338.055574 6400 1
6420 0.000000814955 317.294139 6405 1
6430 0.000000852368 331.284810 6430 1
6440 0.000000825496 321.832693 6436 1
6450 0.000000882419 344.359546 6447 1
6460 0.000000738382 286.798816 6460 1
6470 0.000000853410 332.740822 6468 1
6480 0.000000884990 345.882319 6476 1
6490 0.000001037152 406.426106 6490 1
6500 0.000000811226 315.840469 6500 1
6510 0.000000789894 307.638129 6500 1
6520 0.000000898287 351.095845 6513 1
6530 0.000000803017 312.947665 6529 1
6540 0.000000864807 337.324989 6540 1
6550 0.000000786155 306.157565 6547 1
6560 0.000000950744 371.899872 6549 1
6570 0.000000773256 300.904215 6570 1
6580 0.000000965006 377.718711 6578 1
6590 0.000000937280 366.516238 6586 1
6600 0.000000868469 338.764562 6600 1
6610 0.000000888530 346.929832 6609 1
6620 0.000000782271 304.563532 6616 1
6630 0.000000811997 316.166290 6630 1
6640 0.000000945833 370.117729 6632 1
6650 0.000001026544 402.782125 6650 1
6660 0.000000893343 348.964946 6660 1
6670 0.000000787602 306.441195 6654 1
6680 0.000000815567 317.714091 6678 1
6690 0.000000690135 267.217256 6686 1
6700 0.000000948146 370.350334 6699 1
6710 0.000000922597 360.758007 6705 1
6720 0.000001016155 398.116345 6717 1
6730 0.000001067636 418.913578 6725 1
6740 0.000000763471 297.026337 6718 1
6750 0.000000917999 358.996194 6750 1
6760 0.000000832414 324.270830 6760 1
6770 0.000000890295 347.526269 6770 1
6780 0.000001097980 430.919742 6772 1
6790 0.000000902148 352.721166 6786 1
6800 0.000000771691 299.984560 6799 1
6810 0.000000820691 319.928648 6810 1
6820 0.000000970171 379.895909 6819 1
6830 0.000000924620 361.254987 6830 1
6840 0.000000862336 336.587708 6835 1
6850 0.000000947815 370.794337 6848 1
6860 0.000000912689 356.430831 6858 1
6870 0.000001071394 420.013656 6869 1
6880 0.000001021041 398.300484 6878 1
6890 0.000000956392 374.094669 6890 1
6900 0.000000986653 386.015438 6900 1
6910 0.000000952109 372.717829 6908 1
6920 0.000000863678 336.987701 6919 1
6930 0.000000820103 319.631911 6929 1
6940 0.000000900585 351.583830 6937 1
6950 0.000000909767 355.505532 6950 1
6960 0.000000923206 360.569333 6959 1
6970 0.000000962613 376.839399 6965 1
6980 0.000000759648 295.333636 6980 1
6990 0.000000941978 368.226714 6979 1
7000 0.000000901596 351.121426 6996 1
7010 0.000000883255 344.518531 7010 1
7020 0.000000858535 334.128947 7006 1
7030 0.000000777909 302.695172 7022 1
7040 0.000000996044 390.130756 7040 1
7050 0.000000934151 365.278966 7048 1
7060 0.000000893014 345.852449 7051 1
7070 0.000001079796 423.321543 7060 1
7080 0.000000848347 330.573809 7078 1
7090 0.000000965233 376.026776 7085 1
7100 0.000000825362 321.932238 7091 1
7110 0.000000814289 317.427883 7110 1
7120 0.000000768043 298.817235 7120 1
7130 0.000000977161 382.448205 7114 1
7140 0.000000886906 346.484436 7140 1
7150 0.000001059686 415.467399 7145 1
7160 0.000000941269 368.174831 7150 1
7170 0.000000953174 372.261382 7156 1
7180 0.000001108124 431.983870 7180 1
7190 0.000000944041 369.212926 7173 1
7200 0.000001017458 398.685592 7196 1
7210 0.000000909232 355.253854 7210 1
7220 0.000000891141 347.986884 7220 1
7230 0.000000925577 361.783160 7225 1
7240 0.000001052660 412.877111 7238 1
7250 0.000001003736 392.991192 7247 1
7260 0.000001039009 406.817353 7257 1
7270 0.000000894718 349.553576 7268 1
7280 0.000000986216 386.028345 7278 1
7290 0.000001144043 447.335300 7290 1
7300 0.000000810750 315.964888 7297 1
7310 0.000001015648 397.729912 7307 1
7320 0.000001006425 394.273328 7320 1
7330 0.000000812944 316.904682 7329 1
7340 0.000000804289 312.354158 7338 1
7350 0.000001014710 397.911667 7347 1
7360 0.000001280359 503.891856 7348 1
7370 0.000000837521 326.676342 7369 1
7380 0.000001084998 425.873156 7378 1
7390 0.000000985809 385.790498 7385 1
7400 0.000001178605 462.906162 7400 1
7410 0.000000995245 389.893483 7391 1
7420 0.000000991868 387.240865 7415 1
7430 0.000001114349 437.214577 7427 1
7440 0.000000898074 350.806870 7440 1
7450 0.000001050776 412.251691 7443 1
7460 0.000001169013 458.085981 7459 1
7470 0.000001142020 442.429546 7467 1
7480 0.000000914168 357.356176 7470 1
7490 0.000000887992 347.051402 7488 1
7500 0.000000999056 390.931652 7499 1
7510 0.000000921937 360.504499 7501 1
7520 0.000001004300 393.627959 7519 1
7530 0.000001051891 408.066299 7530 1
7540 0.000001094342 429.958589 7540 1
7550 0.000001178908 463.672943 7548 1
7560 0.000000926566 362.119045 7554 1
7570 0.000001023135 400.473341 7559 1
7580 0.000000967160 378.579297 7580 1
7590 0.000001081870 424.750030 7581 1
7600 0.000000878577 343.150943 7598 1
7610 0.000001014601 397.807488 7608 1
7620 0.000001006219 394.437508 7618 1
7630 0.000001142703 448.008008 7618 1
7640 0.000001096542 430.308555 7632 1
7650 0.000001183704 465.087878 7649 1
7660 0.000001157002 453.716651 7640 1
7670 0.000001128710 443.587721 7667 1
7680 0.000001016450 398.504367 7669 1
7690 0.000000939651 367.346497 7690 1
7700 0.000000953575 372.798206 7697 1
7710 0.000000974179 379.689781 7702 1
7720 0.000001074407 421.309494 7718 1
7730 0.000001168922 459.694032 7721 1
7740 0.000001106297 434.020479 7736 1
7750 0.000001106792 434.536741 7742 1
7760 0.000001372617 540.765246 7755 1
7770 0.000001025019 401.909229 7769 1
7780 0.000000980772 383.889616 7767 1
7790 0.000000989652 387.384442 7784 1
7800 0.000001052384 412.739755 7797 1
7810 0.000000892306 347.871693 7809 1
7820 0.000001193220 469.288549 7819 1
7830 0.000000967866 378.988298 7828 1
7840 0.000001001924 392.334976 7836 1
7850 0.000001052479 412.878822 7841 1
7860 0.000001328551 522.617489 7854 1
7870 0.000001093619 428.842327 7856 1
7880 0.000001240913 488.444244 7877 1
7890 0.000001123287 440.863625 7877 1
7900 0.000000890578 347.909542 7878 1
7910 0.000000883047 344.945777 7909 1
7920 0.000000990666 388.157913 7920 1
7930 0.000001276788 502.084619 7929 1
7940 0.000000934176 365.204678 7938 1
7950 0.000001183788 465.690355 7948 1
7960 0.000001248421 487.757036 7959 1
7970 0.000001184074 465.574203 7962 1
7980 0.000000709059 275.331041 7973 1
7990 0.000001195582 470.006821 7988 1
8000 0.000001065234 417.551173 7990 1
8010 0.000001274040 501.721292 8010 1
8020 0.000001023555 401.253672 8011 1
8030 0.000001202282 473.053782 8029 1
8040 0.000000937374 366.879085 8038 1
8050 0.000001123949 441.056522 8044 1
8060 0.000001113396 437.310876 8054 1
8070 0.000001180107 461.667800 8066 1
8080 0.000001198710 471.600351 8080 1
8090 0.000001097610 430.798446 8082 1
8100 0.000001072640 421.100378 8086 1
8110 0.000000966131 378.193570 8109 1
8120 0.000001144351 449.636919 8116 1
8130 0.000001341104 527.768087 8126 1
8140 0.000001309510 515.816128 8139 1
8150 0.000001008814 395.487534 8134 1
8160 0.000001025283 401.833337 8154 1
8170 0.000001037851 406.727164 8159 1
8180 0.000001120771 440.388980 8177 1
8190 0.000001152321 452.676387 8188 1
8200 0.000000970507 379.783044 8196 1
8210 0.000000978510 383.381323 8210 1
8220 0.000001195332 470.159310 8215 1
8230 0.000001063065 417.004831 8229 1
8240 0.000001178064 462.990070 8230 1
8250 0.000001325155 521.926971 8247 1
8260 0.000001286237 505.564079 8255 1
8270 0.000001093757 429.430186 8259 1
8280 0.000001149071 451.586818 8276 1
8290 0.000001148178 451.686657 8290 1
8300 0.000000937433 366.588592 8290 1
8310 0.000001195081 469.659643 8310 1
8320 0.000000999820 391.269691 8301 1
8330 0.000000887948 347.038879 8326 1
8340 0.000001082085 424.432031 8336 1
8350 0.000001054650 413.805319 8341 1
8360 0.000001234769 485.961366 8359 1
8370 0.000000906663 354.250534 8362 1
8380 0.000001447026 570.318075 8380 1
8390 0.000001435416 566.035466 8390 1
8400 0.000001179195 463.612724 8397 1
8410 0.000001167975 458.858193 8402 1
8420 0.000001314859 514.871471 8418 1
8430 0.000001083086 421.398268 8429 1
8440 0.000001367197 537.481014 8439 1
8450 0.000001244027 489.502907 8450 1
8460 0.000001171822 460.211917 8460 1
8470 0.000000972617 380.983260 8453 1
8480 0.000000995243 389.815883 8477 1
8490 0.000001355209 531.718935 8486 1
8500 0.000001087329 426.744389 8494 1
8510 0.000001252463 492.246887 8505 1
8520 0.000001238005 487.214724 8513 1
8530 0.000001277766 502.625841 8521 1
8540 0.000000993466 389.270157 8528 1
8550 0.000001146669 450.550850 8549 1
8560 0.000001145570 449.848631 8560 1
8570 0.000001174228 461.714068 8563 1
8580 0.000001437071 566.714375 8573 1
8590 0.000001180978 461.629792 8586 1
8600 0.000001188166 467.128863 8597 1
8610 0.000001228429 478.361245 8609 1
8620 0.000001120523 439.800486 8614 1
8630 0.000001319427 520.132779 8629 1
8640 0.000000948274 370.833270 8635 1
8650 0.000001131242 440.711420 8642 1
8660 0.000001175414 460.839064 8653 1
8670 0.000001371989 541.049302 8670 1
8680 0.000001256881 493.672076 8668 1
8690 0.000001334261 525.988487 8689 1
8700 0.000001412429 554.592257 8700 1
8710 0.000001178621 463.669871 8703 1
8720 0.000000991481 388.610954 8719 1
8730 0.000001323422 521.263071 8727 1
8740 0.000001155458 453.357215 8739 1
8750 0.000001246902 489.316907 8742 1
8760 0.000001268214 499.085087 8758 1
8770 0.000001228722 483.164351 8765 1
8780 0.000001314724 518.098351 8778 1
8790 0.000001365746 537.931182 8790 1
8800 0.000001222215 480.931600 8793 1
8810 0.000001151197 451.650169 8806 1
8820 0.000001126420 442.895128 8811 1
8830 0.000000900427 350.198954 8828 1
8840 0.000001167503 458.357686 8833 1
8850 0.000001046537 410.112436 8847 1
8860 0.000001193446 469.709401 8860 1
8870 0.000001432578 564.936809 8869 1
8880 0.000001050272 412.001688 8878 1
8890 0.000001202897 471.586396 8889 1
8900 0.000000838021 326.408624 8885 1
8910 0.000001145423 448.986176 8907 1
8920 0.000001212741 476.791354 8918 1
8930 0.000001178842 463.444320 8923 1
8940 0.000001158478 455.016493 8930 1
8950 0.000001105642 432.993623 8947 1
8960 0.000001109669 434.989314 8954 1
8970 0.000001177694 462.982375 8970 1
8980 0.000001326646 523.072224 8980 1
8990 0.000000976603 382.335126 8989 1
9000 0.000001320651 520.303782 8995 1
9010 0.000001160035 455.922749 9009 1
9020 0.000001203929 471.562031 9004 1
9030 0.000001240072 487.235509 9027 1
9040 0.000001194927 469.949357 9022 1
9050 0.000001062517 416.851669 9042 1
9060 0.000001238194 484.384615 9060 1
9070 0.000001070536 419.552329 9058 1
9080 0.000001332929 515.168783 9055 1
9090 0.000001085136 426.072123 9085 1
9100 0.000001141109 448.192452 9099 1
9110 0.000001026958 403.000188 9104 1
9120 0.000001237065 483.035402 9109 1
9130 0.000001200011 471.236363 9129 1
9140 0.000001164121 457.701084 9136 1
9150 0.000001340375 528.133155 9142 1
9160 0.000001343446 529.059251 9160 1
9170 0.000001335141 521.975306 9161 1
9180 0.000001141042 447.555525 9177 1
9190 0.000001138302 447.328492 9190 1
9200 0.000001279278 503.666334 9169 1
9210 0.000001174511 461.888684 9197 1
9220 0.000001007233 394.678961 9220 1
9230 0.000001338030 526.989679 9224 1
9240 0.000001362853 537.440307 9218 1
9250 0.000001273221 501.286762 9250 1
9260 0.000001459197 575.713424 9257 1
9270 0.000001252364 485.865628 9270 1
9280 0.000001200720 471.797482 9275 1
9290 0.000001173155 461.074302 9285 1
9300 0.000001298314 511.257988 9297 1
9310 0.000001445184 568.049950 9310 1
9320 0.000001308608 512.003323 9315 1
9330 0.000001052093 412.150503 9329 1
9340 0.000001332677 524.798178 9330 1
9350 0.000001503608 593.409627 9347 1
9360 0.000001254154 494.120501 9358 1
9370 0.000001063456 416.768113 9365 1
9380 0.000001354814 533.653512 9371 1
9390 0.000001262878 497.283901 9388 1
9400 0.000001038300 407.399412 9399 1
9410 0.000001223924 481.607870 9408 1
9420 0.000001499135 591.592564 9419 1
9430 0.000001205843 473.916076 9428 1
9440 0.000001204761 473.980133 9440 1
9450 0.000001470454 580.306142 9446 1
9460 0.000001341335 528.569498 9457 1
9470 0.000001239799 487.423473 9470 1
9480 0.000001557492 613.257555 9479 1
9490 0.000001275800 502.681913 9489 1
9500 0.000001189240 464.239427 9495 1
9510 0.000001187864 462.695790 9495 1
9520 0.000001389744 548.348336 9519 1
9530 0.000001218971 479.405842 9530 1
9540 0.000001321132 519.661130 9531 1
9550 0.000001173369 461.084135 9543 1
9560 0.000001221081 480.691442 9550 1
9570 0.000001274864 499.487199 9570 1
9580 0.000001397884 550.787572 9579 1
9590 0.000001357429 535.400241 9588 1
9600 0.000001240684 488.119695 9592 1
9610 0.000001190328 468.106223 9609 1
9620 0.000000898748 351.485150 9617 1
9630 0.000001292355 508.943669 9624 1
9640 0.000001305291 514.142150 9638 1
9650 0.000001489832 588.084229 9646 1
9660 0.000001303020 513.102610 9644 1
9670 0.000001103798 430.490184 9649 1
9680 0.000001152622 450.394557 9678 1
9690 0.000001437725 567.086791 9682 1
9700 0.000001471511 580.987924 9695 1
9710 0.000001373793 541.795207 9706 1
9720 0.000001314934 513.538572 9720 1
9730 0.000001505314 588.495093 9728 1
9740 0.000001357815 530.492139 9729 1
9750 0.000001398609 546.378271 9743 1
9760 0.000001418565 555.926690 9735 1
9770 0.000001204197 471.022687 9768 1
9780 0.000001451280 570.555326 9780 1
9790 0.000001336958 521.908374 9786 1
9800 0.000001569694 602.705401 9780 1
9810 0.000001400123 550.497456 9806 1
9820 0.000001359943 536.249044 9817 1
9830 0.000001443149 567.286256 9820 1
9840 0.000001097007 430.652687 9838 1
9850 0.000001520801 601.223953 9848 1
9860 0.000001377516 542.732706 9856 1
9870 0.000001385813 546.921781 9866 1
9880 0.000001262307 497.397590 9866 1
9890 0.000001241676 489.014065 9890 1
9900 0.000001569572 615.507454 9897 1
9910 0.000001136834 447.152171 9897 1
9920 0.000001194385 468.524577 9918 1
9930 0.000001592287 626.380026 9919 1
9940 0.000001432064 564.959237 9938 1
9950 0.000001449823 572.573892 9944 1
9960 0.000001574658 622.406431 9951 1
9970 0.000001643226 646.728923 9968 1
9980 0.000001231450 484.066323 9976 1
9990 0.000001368919 538.194148 9987 1
10000 0.000001324257 520.447848 9996 1
