1000 0.000000047450 10.567254 1000 1
1010 0.000000046970 10.393909 1010 1
1020 0.000000046647 10.275301 1020 1
1030 0.000000046871 10.334822 1030 1
1040 0.000000047748 10.702920 1040 1
1050 0.000000047332 10.523606 1050 1
1060 0.000000049514 10.838840 1060 1
1070 0.000000047330 10.536018 1070 1
1080 0.000000047592 10.651629 1080 1
1090 0.000000048680 11.080295 1090 1
1100 0.000000048930 11.172448 1100 1
1110 0.000000047508 10.614936 1110 1
1120 0.000000048392 10.967186 1120 1
1130 0.000000048437 10.987453 1130 1
1140 0.000000049982 11.291753 1140 1
1150 0.000000047981 10.798220 1150 1
1160 0.000000049712 11.295302 1160 1
1170 0.000000051483 11.373415 1170 1
1180 0.000000049044 11.252772 1180 1
1190 0.000000049104 11.014701 1190 1
1200 0.000000049772 11.532221 1200 1
1210 0.000000050512 11.439250 1210 1
1220 0.000000050123 11.437361 1220 1
1230 0.000000054133 11.787077 1230 1
1240 0.000000053136 11.902990 1240 1
1250 0.000000051662 11.756904 1250 1
1260 0.000000050240 11.394976 1260 1
1270 0.000000052448 11.909156 1270 1
1280 0.000000051607 11.679901 1280 1
1290 0.000000051048 11.663202 1290 1
1300 0.000000057548 12.195081 1300 1
1310 0.000000065577 11.954912 1310 1
1320 0.000000058136 12.267473 1320 1
1330 0.000000054593 11.910860 1330 1
1340 0.000000062401 12.231561 1340 1
1350 0.000000056731 12.472460 1350 1
1360 0.000000062712 12.753959 1360 1
1370 0.000000055552 12.109980 1370 1
1380 0.000000057484 12.422266 1380 1
1390 0.000000059398 12.451921 1390 1
1400 0.000000057313 12.405947 1400 1
1410 0.000000060181 12.713044 1410 1
1420 0.000000057503 12.695965 1420 1
1430 0.000000055982 12.765735 1430 1
1440 0.000000057331 12.541946 1440 1
1450 0.000000056793 13.033225 1450 1
1460 0.000000059277 13.090388 1460 1
1470 0.000000059434 12.918287 1470 1
1480 0.000000056606 13.021621 1480 1
1490 0.000000057506 12.830220 1490 1
1500 0.000000058582 13.252678 1500 1
1510 0.000000059476 12.991725 1510 1
1520 0.000000056626 12.576277 1520 1
1530 0.000000058855 13.166893 1530 1
1540 0.000000061480 13.578217 1540 1
1550 0.000000058361 13.796085 1550 1
1560 0.000000058650 13.008716 1560 1
1570 0.000000058104 13.585276 1570 1
1580 0.000000058252 13.704436 1580 1
1590 0.000000058140 13.652605 1590 1
1600 0.000000057719 13.546610 1600 1
1610 0.000000058237 13.704785 1610 1
1620 0.000000059533 13.863569 1620 1
1630 0.000000059793 13.588520 1630 1
1640 0.000000060861 13.441411 1640 1
1650 0.000000061074 13.692738 1650 1
1660 0.000000060733 14.011436 1660 1
1670 0.000000061754 14.023540 1670 1
1680 0.000000060912 14.158113 1680 1
1690 0.000000060227 14.280917 1690 1
1700 0.000000060358 14.245193 1700 1
1710 0.000000060352 14.417036 1710 1
1720 0.000000063163 14.284920 1720 1
1730 0.000000059659 14.014037 1730 1
1740 0.000000063973 14.659648 1740 1
1750 0.000000063632 14.574162 1750 1
1760 0.000000058881 13.999916 1760 1
1770 0.000000068162 14.374672 1770 1
1780 0.000000065136 14.657612 1780 1
1790 0.000000064105 13.932730 1790 1
1800 0.000000062187 14.446879 1800 1
1810 0.000000060893 14.675892 1810 1
1820 0.000000061261 14.584377 1820 1
1830 0.000000058657 14.961846 1830 1
1840 0.000000058615 14.852777 1840 1
1850 0.000000059715 15.010494 1850 1
1860 0.000000059000 14.610740 1860 1
1870 0.000000061125 15.718749 1870 1
1880 0.000000059630 15.100950 1880 1
1890 0.000000059642 15.043449 1890 1
1900 0.000000059466 15.245159 1900 1
1910 0.000000058997 15.052020 1910 1
1920 0.000000059753 15.537806 1920 1
1930 0.000000059795 15.508028 1930 1
1940 0.000000059573 15.443526 1940 1
1950 0.000000059405 15.377499 1950 1
1960 0.000000059198 15.126018 1960 1
1970 0.000000061997 16.390492 1970 1
1980 0.000000059811 15.532608 1980 1
1990 0.000000059206 15.305003 1990 1
2000 0.000000062738 16.362868 2000 1
2010 0.000000060775 15.892236 2010 1
2020 0.000000059146 15.281640 2020 1
2030 0.000000062064 16.370701 2030 1
2040 0.000000061091 15.765664 2040 1
2050 0.000000061778 16.150635 2050 1
2060 0.000000060293 15.741916 2060 1
2070 0.000000059915 15.601929 2070 1
2080 0.000000061001 16.038126 2080 1
2090 0.000000062883 16.375054 2090 1
2100 0.000000061873 16.380047 2100 1
2110 0.000000061953 16.413548 2110 1
2120 0.000000061386 16.169907 2120 1
2130 0.000000062771 16.728195 2130 1
2140 0.000000062290 16.537678 2140 1
2150 0.000000062009 16.448219 2150 1
2160 0.000000062282 16.517297 2160 1
2170 0.000000063353 16.419131 2170 1
2180 0.000000062285 16.451800 2180 1
2190 0.000000061308 16.140549 2190 1
2200 0.000000062722 16.039330 2200 1
2210 0.000000061800 16.193905 2210 1
2220 0.000000063429 17.005161 2220 1
2230 0.000000065052 17.541502 2230 1
2240 0.000000062458 16.622870 2240 1
2250 0.000000064124 17.204975 2250 1
2260 0.000000065152 16.977850 2260 1
2270 0.000000064673 17.480474 2270 1
2280 0.000000065414 17.765225 2280 1
2290 0.000000064156 17.268645 2290 1
2300 0.000000066055 17.944083 2300 1
2310 0.000000065148 17.652047 2310 1
2320 0.000000062304 16.535494 2320 1
2330 0.000000063530 17.015993 2330 1
2340 0.000000066152 17.533649 2340 1
2350 0.000000064692 17.504484 2350 1
2360 0.000000067039 18.431884 2360 1
2370 0.000000067091 18.460171 2370 1
2380 0.000000065339 17.777999 2380 1
2390 0.000000065453 17.638594 2390 1
2400 0.000000065541 17.849326 2400 1
2410 0.000000066356 18.177241 2410 1
2420 0.000000064153 17.250134 2420 1
2430 0.000000065984 18.030578 2430 1
2440 0.000000066260 18.148049 2440 1
2450 0.000000066843 18.360428 2450 1
2460 0.000000067400 18.589338 2460 1
2470 0.000000068230 18.925928 2470 1
2480 0.000000066382 18.171217 2480 1
2490 0.000000066950 18.414460 2490 1
2500 0.000000066597 18.287868 2500 1
2510 0.000000066295 17.956854 2510 1
2520 0.000000068753 19.100885 2520 1
2530 0.000000067328 18.497908 2530 1
2540 0.000000067032 18.385811 2540 1
2550 0.000000068807 19.111689 2550 1
2560 0.000000068856 19.124738 2560 1
2570 0.000000067795 18.714768 2570 1
2580 0.000000070873 19.768535 2580 1
2590 0.000000069133 19.256842 2590 1
2600 0.000000067698 18.682493 2600 1
2610 0.000000067797 18.750274 2610 1
2620 0.000000069705 19.453449 2620 1
2630 0.000000071107 19.466443 2630 1
2640 0.000000071207 19.059758 2640 1
2650 0.000000069388 18.676498 2650 1
2660 0.000000072208 19.190556 2660 1
2670 0.000000072025 19.164282 2670 1
2680 0.000000074543 20.090503 2680 1
2690 0.000000073364 18.957047 2690 1
2700 0.000000071393 19.502187 2700 1
2710 0.000000069710 19.050054 2710 1
2720 0.000000069937 19.486529 2720 1
2730 0.000000069457 18.756922 2730 1
2740 0.000000072370 18.780721 2740 1
2750 0.000000071420 19.017155 2750 1
2760 0.000000072755 19.802190 2760 1
2770 0.000000072064 19.225452 2770 1
2780 0.000000073104 20.086613 2780 1
2790 0.000000081154 19.899587 2790 1
2800 0.000000071937 20.090555 2800 1
2810 0.000000070496 19.405800 2810 1
2820 0.000000076198 20.446624 2820 1
2830 0.000000076196 20.941813 2830 1
2840 0.000000078718 20.531134 2840 1
2850 0.000000077813 20.201167 2850 1
2860 0.000000078629 20.314764 2860 1
2870 0.000000075890 21.065111 2870 1
2880 0.000000080811 20.378160 2880 1
2890 0.000000074638 20.873750 2890 1
2900 0.000000078635 20.245326 2900 1
2910 0.000000075338 20.382799 2910 1
2920 0.000000072559 19.388074 2920 1
2930 0.000000073165 20.766221 2930 1
2940 0.000000073241 20.873002 2940 1
2950 0.000000073495 20.711188 2950 1
2960 0.000000072874 20.770648 2960 1
2970 0.000000073869 21.175790 2970 1
2980 0.000000072744 20.718589 2980 1
2990 0.000000073551 20.736846 2990 1
3000 0.000000074746 21.509887 3000 1
3010 0.000000072289 20.548307 3010 1
3020 0.000000073973 21.200828 3020 1
3030 0.000000075647 21.466960 3030 1
3040 0.000000079665 22.464484 3040 1
3050 0.000000072311 20.367667 3050 1
3060 0.000000075141 21.677886 3060 1
3070 0.000000076797 22.201553 3070 1
3080 0.000000073972 20.843402 3080 1
3090 0.000000075268 21.729551 3090 1
3100 0.000000072385 20.582326 3100 1
3110 0.000000073093 20.882662 3110 1
3120 0.000000076006 21.785282 3120 1
3130 0.000000075896 21.992214 3130 1
3140 0.000000075296 21.772901 3140 1
3150 0.000000076061 22.064793 3150 1
3160 0.000000077642 21.871002 3160 1
3170 0.000000074981 21.630598 3170 1
3180 0.000000075817 21.968386 3180 1
3190 0.000000078302 22.969719 3190 1
3200 0.000000076845 22.375855 3200 1
3210 0.000000079304 23.232710 3210 1
3220 0.000000078052 22.853834 3220 1
3230 0.000000074928 21.562729 3230 1
3240 0.000000076743 22.327101 3240 1
3250 0.000000079511 23.419406 3250 1
3260 0.000000074149 21.305087 3260 1
3270 0.000000077877 22.609772 3270 1
3280 0.000000075556 21.677797 3280 1
3290 0.000000076195 22.063317 3290 1
3300 0.000000077088 22.410955 3300 1
3310 0.000000080975 23.726984 3310 1
3320 0.000000079172 23.269176 3320 1
3330 0.000000077546 22.645218 3330 1
3340 0.000000078534 23.060886 3340 1
3350 0.000000076867 22.294981 3350 1
3360 0.000000077058 22.465377 3360 1
3370 0.000000077279 22.467465 3370 1
3380 0.000000079770 23.547016 3380 1
3390 0.000000078062 22.854020 3390 1
3400 0.000000079490 23.409759 3400 1
3410 0.000000078252 22.934871 3410 1
3420 0.000000078104 22.881355 3420 1
3430 0.000000076993 22.390659 3430 1
3440 0.000000079767 23.503361 3440 1
3450 0.000000081483 24.247618 3450 1
3460 0.000000079493 23.401613 3460 1
3470 0.000000080099 23.678723 3470 1
3480 0.000000079532 23.332829 3480 1
3490 0.000000079205 23.331813 3490 1
3500 0.000000082868 24.788015 3500 1
3510 0.000000080943 23.990651 3510 1
3520 0.000000082199 24.494060 3520 1
3530 0.000000080545 23.859899 3530 1
3540 0.000000081495 24.238834 3540 1
3550 0.000000078443 23.001964 3550 1
3560 0.000000080165 23.712727 3560 1
3570 0.000000078452 23.015423 3570 1
3580 0.000000081458 24.225117 3580 1
3590 0.000000082621 24.602753 3590 1
3600 0.000000081013 24.014743 3600 1
3610 0.000000080968 24.017296 3610 1
3620 0.000000080801 23.401765 3620 1
3630 0.000000082418 24.619156 3630 1
3640 0.000000081488 24.173521 3640 1
3650 0.000000080712 23.935790 3650 1
3660 0.000000082766 24.746766 3660 1
3670 0.000000082960 24.821060 3670 1
3680 0.000000079401 23.379365 3680 1
3690 0.000000085295 25.629406 3690 1
3700 0.000000083051 24.871829 3700 1
3710 0.000000082215 24.530901 3710 1
3720 0.000000084816 25.562152 3720 1
3730 0.000000080131 23.705732 3730 1
3740 0.000000083968 24.973780 3740 1
3750 0.000000080394 23.801472 3750 1
3760 0.000000080492 23.840493 3760 1
3770 0.000000083943 24.813769 3770 1
3780 0.000000082369 24.556500 3780 1
3790 0.000000083726 24.831546 3790 1
3800 0.000000085883 25.989269 3800 1
3810 0.000000084057 25.214156 3810 1
3820 0.000000084695 25.312747 3820 1
3830 0.000000083358 24.987014 3830 1
3840 0.000000085624 25.875952 3840 1
3850 0.000000085472 25.789528 3850 1
3860 0.000000085128 25.699127 3860 1
3870 0.000000081874 24.399467 3870 1
3880 0.000000084232 25.334750 3880 1
3890 0.000000085381 25.816129 3890 1
3900 0.000000087284 26.570982 3900 1
3910 0.000000086430 26.179500 3910 1
3920 0.000000087199 26.560770 3920 1
3930 0.000000085510 25.889659 3930 1
3940 0.000000087495 26.619497 3940 1
3950 0.000000089416 26.496369 3950 1
3960 0.000000087455 25.728076 3960 1
3970 0.000000087541 25.801592 3970 1
3980 0.000000087084 26.106261 3980 1
3990 0.000000091547 26.717974 3990 1
4000 0.000000091401 27.687502 4000 1
4010 0.000000085851 24.850407 4010 1
4020 0.000000089230 26.238961 4020 1
4030 0.000000085471 25.350385 4030 1
4040 0.000000086196 25.607117 4040 1
4050 0.000000087709 26.514553 4050 1
4060 0.000000085386 25.782675 4060 1
4070 0.000000088353 26.356464 4070 1
4080 0.000000086810 26.356913 4080 1
4090 0.000000089070 27.263675 4090 1
4100 0.000000091022 28.042333 4100 1
4110 0.000000091606 28.246318 4110 1
4120 0.000000092194 28.504378 4120 1
4130 0.000000088335 26.980358 4130 1
4140 0.000000089485 27.430598 4140 1
4150 0.000000092973 28.818363 4150 1
4160 0.000000089158 27.320283 4160 1
4170 0.000000089599 27.475189 4170 1
4180 0.000000089720 27.536114 4180 1
4190 0.000000090707 27.911693 4190 1
4200 0.000000089980 27.641581 4200 1
4210 0.000000089900 27.520146 4210 1
4220 0.000000090418 27.791449 4220 1
4230 0.000000086566 26.271675 4230 1
4240 0.000000091095 28.057467 4240 1
4250 0.000000091896 28.401258 4250 1
4260 0.000000091117 28.098340 4260 1
4270 0.000000090301 27.773967 4270 1
4280 0.000000090937 28.025953 4280 1
4290 0.000000089099 27.331525 4290 1
4300 0.000000090159 27.692008 4300 1
4310 0.000000091215 28.136346 4310 1
4320 0.000000091504 28.236378 4320 1
4330 0.000000092351 28.590995 4330 1
4340 0.000000090721 27.930181 4340 1
4350 0.000000090051 27.638048 4350 1
4360 0.000000091543 28.268632 4360 1
4370 0.000000090532 27.855247 4370 1
4380 0.000000088354 26.620508 4380 1
4390 0.000000092635 28.695564 4390 1
4400 0.000000095980 30.035930 4400 1
4410 0.000000094087 29.259326 4410 1
4420 0.000000093166 28.918094 4420 1
4430 0.000000096632 30.299169 4430 1
4440 0.000000091336 28.165664 4440 1
4450 0.000000095963 30.030065 4450 1
4460 0.000000093120 28.524527 4460 1
4470 0.000000091534 28.235210 4470 1
4480 0.000000091778 28.197560 4480 1
4490 0.000000095178 29.687757 4490 1
4500 0.000000094878 29.589696 4500 1
4510 0.000000091491 28.226016 4510 1
4520 0.000000096748 30.342507 4519 1
4530 0.000000093420 29.011332 4530 1
4540 0.000000098027 30.859573 4539 1
4550 0.000000094955 29.613145 4550 1
4560 0.000000096151 30.112804 4560 1
4570 0.000000095427 29.804293 4570 1
4580 0.000000095747 29.957749 4579 1
4590 0.000000094420 29.402384 4590 1
4600 0.000000095937 30.025848 4600 1
4610 0.000000095206 29.246848 4610 1
4620 0.000000099054 31.246795 4620 1
4630 0.000000094254 29.344159 4630 1
4640 0.000000092810 28.774453 4640 1
4650 0.000000097614 29.819347 4650 1
4660 0.000000098985 29.135946 4660 1
4670 0.000000095283 28.214818 4670 1
4680 0.000000097222 29.733209 4680 1
4690 0.000000096684 29.507152 4690 1
4700 0.000000097642 29.649533 4700 1
4710 0.000000101989 30.444157 4710 1
4720 0.000000103950 29.953489 4720 1
4730 0.000000102894 29.541916 4730 1
4740 0.000000104101 30.733474 4740 1
4750 0.000000096064 30.066224 4750 1
4760 0.000000099786 31.106837 4760 1
4770 0.000000096699 30.323519 4770 1
4780 0.000000098928 29.976385 4780 1
4790 0.000000095007 29.613094 4790 1
4800 0.000000098043 30.849372 4800 1
4810 0.000000094066 29.271265 4810 1
4820 0.000000099029 31.193989 4820 1
4830 0.000000095803 29.968699 4830 1
4840 0.000000100234 31.298823 4840 1
4850 0.000000101068 31.792945 4850 1
4860 0.000000094127 29.267673 4860 1
4870 0.000000098033 30.859974 4870 1
4880 0.000000095212 29.733061 4880 1
4890 0.000000096881 29.882039 4890 1
4900 0.000000100895 31.009946 4900 1
4910 0.000000098820 30.343846 4910 1
4920 0.000000093856 28.549334 4920 1
4930 0.000000101237 32.091805 4930 1
4940 0.000000096622 30.061632 4940 1
4950 0.000000098579 30.319112 4950 1
4960 0.000000103039 31.590855 4960 1
4970 0.000000100902 30.966987 4970 1
4980 0.000000099377 30.878173 4980 1
4990 0.000000101021 31.744796 4990 1
5000 0.000000103433 31.630859 5000 1
5010 0.000000105907 31.993429 5010 1
5020 0.000000100824 30.168419 5020 1
5030 0.000000104656 31.977320 5030 1
5040 0.000000097699 30.308677 5040 1
5050 0.000000101751 31.898102 5050 1
5060 0.000000103656 32.675162 5060 1
5070 0.000000103800 32.852430 5070 1
5080 0.000000104058 32.541693 5080 1
5090 0.000000101702 31.516815 5090 1
5100 0.000000104701 32.978383 5100 1
5110 0.000000106883 34.365159 5110 1
5120 0.000000102443 32.524514 5120 1
5130 0.000000100947 31.935737 5130 1
5140 0.000000106021 33.552902 5140 1
5150 0.000000102122 32.188996 5150 1
5160 0.000000099540 31.107015 5160 1
5170 0.000000098677 31.004033 5170 1
5180 0.000000102274 32.116229 5180 1
5190 0.000000103649 32.660439 5190 1
5200 0.000000100466 31.649065 5200 1
5210 0.000000102663 32.411666 5210 1
5220 0.000000098735 30.997335 5220 1
5230 0.000000102610 32.657358 5230 1
5240 0.000000105647 33.425550 5240 1
5250 0.000000102200 32.466426 5250 1
5260 0.000000106578 34.235469 5260 1
5270 0.000000101758 31.911864 5270 1
5280 0.000000105611 33.432526 5280 1
5290 0.000000108331 34.472342 5290 1
5300 0.000000107083 34.005371 5300 1
5310 0.000000106418 33.563725 5310 1
5320 0.000000100775 31.436564 5320 1
5330 0.000000108518 34.394938 5330 1
5340 0.000000108629 34.643988 5340 1
5350 0.000000106128 34.049217 5350 1
5360 0.000000104073 33.242847 5360 1
5370 0.000000101665 31.823518 5370 1
5380 0.000000106801 33.874395 5380 1
5390 0.000000106252 33.940235 5390 1
5400 0.000000108271 34.521630 5400 1
5410 0.000000109299 33.837421 5410 1
5420 0.000000107498 33.493380 5420 1
5430 0.000000107282 34.359603 5430 1
5440 0.000000108718 34.700214 5440 1
5450 0.000000109860 35.554424 5450 1
5460 0.000000102688 32.702409 5460 1
5470 0.000000108176 34.923539 5470 1
5480 0.000000107991 34.859973 5480 1
5490 0.000000111597 36.293535 5490 1
5500 0.000000109490 35.118190 5500 1
5510 0.000000111694 36.239962 5509 1
5520 0.000000111002 36.032350 5520 1
5530 0.000000106111 34.089406 5529 1
5540 0.000000107297 34.570579 5540 1
5550 0.000000106307 34.183681 5550 1
5560 0.000000103179 32.907904 5559 1
5570 0.000000105125 33.697515 5570 1
5580 0.000000112113 36.504602 5580 1
5590 0.000000108766 35.155665 5590 1
5600 0.000000107249 34.465939 5600 1
5610 0.000000112299 36.509152 5610 1
5620 0.000000113350 36.972222 5620 1
5630 0.000000102452 32.633643 5630 1
5640 0.000000112594 36.688312 5640 1
5650 0.000000110116 34.676985 5650 1
5660 0.000000110346 35.613288 5660 1
5670 0.000000112629 36.569817 5670 1
5680 0.000000107942 34.811651 5680 1
5690 0.000000109847 35.542690 5690 1
5700 0.000000104134 33.246949 5700 1
5710 0.000000107647 34.676517 5710 1
5720 0.000000113913 37.212210 5720 1
5730 0.000000111955 36.396538 5730 1
5740 0.000000113326 36.854721 5740 1
5750 0.000000110265 35.709784 5750 1
5760 0.000000115614 37.846699 5760 1
5770 0.000000117247 37.628612 5770 1
5780 0.000000105476 33.815177 5780 1
5790 0.000000110089 35.633238 5790 1
5800 0.000000112615 36.710485 5800 1
5810 0.000000106387 34.207456 5810 1
5820 0.000000111657 36.325556 5820 1
5830 0.000000107461 34.621352 5830 1
5840 0.000000110568 35.849741 5840 1
5850 0.000000113743 37.151501 5850 1
5860 0.000000113707 37.145769 5860 1
5870 0.000000112292 36.581545 5870 1
5880 0.000000114513 37.357315 5880 1
5890 0.000000109691 35.537149 5890 1
5900 0.000000109848 35.586989 5900 1
5910 0.000000111953 36.428994 5910 1
5920 0.000000114816 37.454780 5920 1
5930 0.000000107653 34.679265 5930 1
5940 0.000000111083 35.977742 5940 1
5950 0.000000111591 36.180645 5950 1
5960 0.000000113598 37.076598 5960 1
5970 0.000000114929 37.634050 5970 1
5980 0.000000112135 36.515939 5980 1
5990 0.000000110990 35.983434 5990 1
6000 0.000000112184 36.502837 6000 1
6010 0.000000115727 37.947121 6010 1
6020 0.000000111078 36.064801 6019 1
6030 0.000000120138 39.556326 6030 1
6040 0.000000107601 34.590108 6040 1
6050 0.000000114420 37.424905 6050 1
6060 0.000000108517 35.066643 6060 1
6070 0.000000110334 35.787231 6070 1
6080 0.000000116886 38.413508 6080 1
6090 0.000000120059 39.583147 6090 1
6100 0.000000109339 35.386170 6100 1
6110 0.000000110608 35.906800 6110 1
6120 0.000000116555 38.285290 6120 1
6130 0.000000116232 38.149879 6130 1
6140 0.000000117250 38.507755 6140 1
6150 0.000000117613 38.685874 6150 1
6160 0.000000114360 37.405156 6160 1
6170 0.000000112647 36.125516 6170 1
6180 0.000000114314 36.463930 6180 1
6190 0.000000111976 35.849265 6190 1
6200 0.000000116737 38.054945 6200 1
6210 0.000000120316 39.071153 6210 1
6220 0.000000116611 37.784064 6220 1
6230 0.000000117888 38.535111 6230 1
6240 0.000000116773 37.841520 6240 1
6250 0.000000121540 39.899067 6250 1
6260 0.000000118571 38.661947 6260 1
6270 0.000000115600 37.744389 6270 1
6280 0.000000121283 39.728949 6280 1
6290 0.000000117997 38.586436 6290 1
6300 0.000000112950 36.740931 6300 1
6310 0.000000119443 39.164816 6310 1
6320 0.000000119325 39.240609 6320 1
6330 0.000000117562 38.262382 6330 1
6340 0.000000121136 39.613534 6340 1
6350 0.000000116876 37.953409 6350 1
6360 0.000000121326 39.783688 6360 1
6370 0.000000118207 38.675599 6370 1
6380 0.000000120051 39.624641 6380 1
6390 0.000000118043 38.844555 6390 1
6400 0.000000118222 38.505345 6400 1
6410 0.000000112865 36.641115 6410 1
6420 0.000000117558 38.673517 6420 1
6430 0.000000118171 38.828866 6430 1
6440 0.000000114548 37.243315 6440 1
6450 0.000000123498 40.366307 6450 1
6460 0.000000122323 39.747682 6460 1
6470 0.000000120320 39.215132 6470 1
6480 0.000000116859 37.689391 6480 1
6490 0.000000125877 41.100912 6490 1
6500 0.000000126010 41.030975 6500 1
6510 0.000000122322 40.525748 6510 1
6520 0.000000119044 39.252159 6520 1
6530 0.000000121102 39.981556 6530 1
6540 0.000000125373 40.935114 6540 1
6550 0.000000117489 37.866062 6550 1
6560 0.000000119944 38.929903 6560 1
6570 0.000000118077 38.494133 6570 1
6580 0.000000121553 39.895281 6580 1
6590 0.000000127925 41.391983 6590 1
6600 0.000000127695 41.942705 6600 1
6610 0.000000122972 40.202565 6610 1
6620 0.000000121758 39.329230 6620 1
6630 0.000000127355 41.043960 6630 1
6640 0.000000124480 40.613079 6640 1
6650 0.000000118577 38.503282 6650 1
6660 0.000000119424 39.180280 6660 1
6670 0.000000118108 38.900712 6670 1
6680 0.000000116559 38.287831 6680 1
6690 0.000000126415 42.011190 6690 1
6700 0.000000123249 40.875822 6700 1
6710 0.000000121374 40.211802 6710 1
6720 0.000000125231 41.765467 6720 1
6730 0.000000120455 39.755675 6730 1
6740 0.000000126021 42.071651 6740 1
6750 0.000000127906 42.812488 6750 1
6760 0.000000121505 40.270218 6760 1
6770 0.000000127787 42.669050 6770 1
6780 0.000000125456 41.779177 6780 1
6790 0.000000123223 40.696984 6789 1
6800 0.000000131934 43.391016 6800 1
6810 0.000000124355 40.906000 6810 1
6820 0.000000123732 40.419020 6820 1
6830 0.000000130708 43.138393 6830 1
6840 0.000000122399 39.959282 6840 1
6850 0.000000121296 39.142649 6850 1
6860 0.000000124531 40.389725 6860 1
6870 0.000000125162 41.289627 6870 1
6880 0.000000128105 42.878806 6880 1
6890 0.000000124543 41.353724 6890 1
6900 0.000000127104 42.070147 6900 1
6910 0.000000128748 42.973347 6910 1
6920 0.000000131473 43.920859 6920 1
6930 0.000000124150 41.047610 6930 1
6940 0.000000128988 41.845890 6940 1
6950 0.000000128388 41.798051 6950 1
6960 0.000000128468 42.101318 6960 1
6970 0.000000123504 39.564183 6970 1
6980 0.000000127662 42.105303 6980 1
6990 0.000000126256 42.152060 6990 1
7000 0.000000129149 43.324737 7000 1
7010 0.000000129936 43.596609 7010 1
7020 0.000000129205 43.351895 7020 1
7030 0.000000124336 41.363822 7030 1
7040 0.000000133843 44.266874 7040 1
7050 0.000000128688 42.846214 7050 1
7060 0.000000127294 42.511028 7060 1
7070 0.000000128179 42.805880 7069 1
7080 0.000000127249 42.555588 7080 1
7090 0.000000125754 41.908829 7090 1
7100 0.000000127752 42.686959 7100 1
7110 0.000000130806 43.989315 7110 1
7120 0.000000133913 45.162190 7120 1
7130 0.000000129013 43.187695 7130 1
7140 0.000000133551 44.904872 7140 1
7150 0.000000125071 41.679563 7149 1
7160 0.000000127196 42.524084 7160 1
7170 0.000000126458 42.225263 7170 1
7180 0.000000126956 42.400630 7180 1
7190 0.000000124754 41.495239 7190 1
7200 0.000000121784 40.360234 7200 1
7210 0.000000130596 43.900355 7210 1
7220 0.000000130375 43.657739 7220 1
7230 0.000000123385 40.992859 7230 1
7240 0.000000130294 43.377940 7240 1
7250 0.000000129284 43.260246 7250 1
7260 0.000000130976 43.930624 7259 1
7270 0.000000129640 43.047955 7270 1
7280 0.000000134686 44.299190 7280 1
7290 0.000000133290 43.110089 7290 1
7300 0.000000132859 42.219939 7300 1
7310 0.000000137603 45.695348 7310 1
7320 0.000000132796 44.743546 7320 1
7330 0.000000134433 45.371700 7330 1
7340 0.000000131283 44.131389 7339 1
7350 0.000000137562 46.474708 7350 1
7360 0.000000133537 45.044976 7359 1
7370 0.000000127600 42.571757 7370 1
7380 0.000000128894 43.008283 7380 1
7390 0.000000134145 45.156427 7390 1
7400 0.000000135815 45.928183 7400 1
7410 0.000000134850 45.353019 7410 1
7420 0.000000126507 42.175621 7419 1
7430 0.000000127574 42.653463 7430 1
7440 0.000000133093 44.890472 7440 1
7450 0.000000135222 45.646347 7450 1
7460 0.000000134610 44.756038 7460 1
7470 0.000000128785 42.995304 7470 1
7480 0.000000128575 43.089026 7480 1
7490 0.000000132980 44.785836 7490 1
7500 0.000000135578 45.845979 7500 1
7510 0.000000128670 43.021404 7510 1
7520 0.000000136024 45.986606 7520 1
7530 0.000000132521 44.386398 7529 1
7540 0.000000130683 43.822094 7540 1
7550 0.000000140005 47.584330 7550 1
7560 0.000000134136 45.280996 7560 1
7570 0.000000137009 46.392422 7570 1
7580 0.000000142463 48.612239 7580 1
7590 0.000000136597 45.577701 7590 1
7600 0.000000134626 44.656394 7600 1
7610 0.000000144361 45.216100 7610 1
7620 0.000000139019 45.880736 7620 1
7630 0.000000132704 44.732184 7630 1
7640 0.000000137760 46.728016 7640 1
7650 0.000000135887 45.937545 7650 1
7660 0.000000134482 45.416600 7660 1
7670 0.000000142470 48.633643 7670 1
7680 0.000000131982 44.350232 7680 1
7690 0.000000129489 43.404236 7690 1
7700 0.000000133841 44.913300 7700 1
7710 0.000000137988 46.770588 7710 1
7720 0.000000135186 45.682700 7720 1
7730 0.000000143679 48.887796 7730 1
7740 0.000000137623 46.318850 7740 1
7750 0.000000138969 47.012019 7750 1
7760 0.000000135387 44.829509 7760 1
7770 0.000000130424 43.772975 7770 1
7780 0.000000140522 47.778641 7780 1
7790 0.000000128348 42.750668 7790 1
7800 0.000000136877 46.380262 7800 1
7810 0.000000139780 47.383361 7810 1
7820 0.000000135835 45.920490 7819 1
7830 0.000000138490 47.017426 7830 1
7840 0.000000139517 47.442708 7840 1
7850 0.000000137692 46.531828 7850 1
7860 0.000000145402 49.753235 7860 1
7870 0.000000139119 47.195281 7870 1
7880 0.000000136513 46.227921 7880 1
7890 0.000000133909 45.161274 7890 1
7900 0.000000137836 46.469597 7900 1
7910 0.000000139592 47.455473 7910 1
7920 0.000000136194 46.045768 7920 1
7930 0.000000144322 49.236782 7930 1
7940 0.000000144189 49.040867 7940 1
7950 0.000000139338 47.142696 7950 1
7960 0.000000145151 49.523550 7960 1
7970 0.000000143875 48.929673 7970 1
7980 0.000000147027 50.406007 7980 1
7990 0.000000131757 44.258401 7990 1
8000 0.000000144747 49.429266 8000 1
8010 0.000000139228 46.959126 8009 1
8020 0.000000141918 48.204649 8020 1
8030 0.000000137247 46.324952 8030 1
8040 0.000000140724 47.835483 8040 1
8050 0.000000139114 47.310670 8050 1
8060 0.000000137508 46.276608 8060 1
8070 0.000000138117 46.839226 8070 1
8080 0.000000133256 44.796198 8080 1
8090 0.000000143468 48.856443 8090 1
8100 0.000000144221 49.218870 8100 1
8110 0.000000137225 46.526918 8110 1
8120 0.000000140213 47.740138 8120 1
8130 0.000000148309 50.898963 8130 1
8140 0.000000141779 48.280357 8140 1
8150 0.000000148910 51.140522 8150 1
8160 0.000000140777 47.849053 8160 1
8170 0.000000142212 48.317535 8170 1
8180 0.000000144294 48.890671 8179 1
8190 0.000000141567 48.282406 8190 1
8200 0.000000142185 48.529441 8199 1
8210 0.000000145433 49.850145 8210 1
8220 0.000000144755 49.467891 8220 1
8230 0.000000140283 47.492704 8230 1
8240 0.000000142129 48.081073 8240 1
8250 0.000000149355 51.425988 8250 1
8260 0.000000144356 49.356007 8260 1
8270 0.000000146675 50.205191 8270 1
8280 0.000000146913 50.422381 8280 1
8290 0.000000141638 48.208315 8290 1
8300 0.000000144573 49.397676 8300 1
8310 0.000000140355 47.802494 8310 1
8320 0.000000140062 47.689723 8320 1
8330 0.000000144031 49.277048 8330 1
8340 0.000000145635 49.924264 8340 1
8350 0.000000139021 47.254532 8350 1
8360 0.000000147413 50.609147 8360 1
8370 0.000000145010 49.658863 8370 1
8380 0.000000142307 48.562470 8380 1
8390 0.000000143102 48.836702 8390 1
8400 0.000000142893 48.825589 8400 1
8410 0.000000139598 47.505081 8410 1
8420 0.000000149261 51.393564 8420 1
8430 0.000000153789 53.196054 8430 1
8440 0.000000147690 50.721116 8440 1
8450 0.000000145235 49.751066 8450 1
8460 0.000000149036 51.240982 8460 1
8470 0.000000145210 49.766988 8470 1
8480 0.000000149113 51.314492 8480 1
8490 0.000000155431 53.859017 8490 1
8500 0.000000146090 50.122011 8500 1
8510 0.000000147676 50.754238 8510 1
8520 0.000000140394 47.831173 8518 1
8530 0.000000145530 49.878431 8530 1
8540 0.000000143414 49.021561 8540 1
8550 0.000000152452 52.653971 8550 1
8560 0.000000144514 49.479197 8560 1
8570 0.000000144257 49.362124 8570 1
8580 0.000000148481 51.061182 8580 1
8590 0.000000148502 51.060207 8590 1
8600 0.000000146722 50.211026 8600 1
8610 0.000000152053 52.454314 8610 1
8620 0.000000152934 52.839512 8620 1
8630 0.000000152389 52.505987 8630 1
8640 0.000000151704 52.366636 8640 1
8650 0.000000157822 53.936965 8650 1
8660 0.000000154031 53.161808 8660 1
8670 0.000000151049 52.036422 8670 1
8680 0.000000145634 49.710064 8680 1
8690 0.000000148895 51.178327 8690 1
8700 0.000000148235 50.874479 8700 1
8710 0.000000145969 50.019910 8710 1
8720 0.000000151865 52.321634 8720 1
8730 0.000000149174 51.324737 8730 1
8740 0.000000150851 51.322196 8740 1
8750 0.000000154162 53.293152 8750 1
8760 0.000000145974 49.996124 8760 1
8770 0.000000149200 51.329674 8770 1
8780 0.000000150480 51.805977 8780 1
8790 0.000000147334 50.587082 8790 1
8800 0.000000144358 49.408402 8800 1
8810 0.000000142154 48.495964 8810 1
8820 0.000000147237 50.425570 8820 1
8830 0.000000150319 51.778897 8830 1
8840 0.000000152272 50.261925 8840 1
8850 0.000000165132 52.782472 8850 1
8860 0.000000166064 55.230169 8860 1
8870 0.000000163149 52.096768 8869 1
8880 0.000000157320 51.686894 8880 1
8890 0.000000162191 53.318442 8890 1
8900 0.000000157918 51.732643 8900 1
8910 0.000000157836 51.780578 8910 1
8920 0.000000155976 51.059824 8920 1
8930 0.000000165627 54.878754 8930 1
8940 0.000000165461 54.595687 8940 1
8950 0.000000154130 50.173698 8950 1
8960 0.000000166792 55.015039 8960 1
8970 0.000000158791 52.166751 8970 1
8980 0.000000169741 56.071786 8980 1
8990 0.000000153121 52.422900 8990 1
9000 0.000000153756 52.939437 9000 1
9010 0.000000151985 52.207908 9010 1
9020 0.000000148601 50.921820 9020 1
9030 0.000000161369 55.066455 9030 1
9040 0.000000156816 54.272140 9040 1
9050 0.000000147614 50.527435 9050 1
9060 0.000000153855 53.009811 9060 1
9070 0.000000146339 50.005740 9070 1
9080 0.000000155432 53.684422 9080 1
9090 0.000000152419 52.271631 9090 1
9100 0.000000152193 52.299632 9100 1
9110 0.000000151940 52.184588 9110 1
9120 0.000000162425 56.468222 9120 1
9130 0.000000151930 52.258456 9130 1
9140 0.000000157423 54.423171 9140 1
9150 0.000000156268 53.962570 9149 1
9160 0.000000153386 52.869359 9160 1
9170 0.000000155551 53.584391 9169 1
9180 0.000000151081 51.739779 9180 1
9190 0.000000154464 51.897974 9190 1
9200 0.000000159351 52.386585 9200 1
9210 0.000000162729 53.910610 9210 1
9220 0.000000158649 51.706895 9220 1
9230 0.000000163773 54.249520 9229 1
9240 0.000000163931 54.081142 9240 1
9250 0.000000163833 54.481635 9250 1
9260 0.000000157530 54.304571 9260 1
9270 0.000000157115 54.261858 9270 1
9280 0.000000155128 53.289277 9280 1
9290 0.000000153544 52.890346 9290 1
9300 0.000000156765 54.124219 9300 1
9310 0.000000151535 52.131284 9309 1
9320 0.000000163537 56.924439 9320 1
9330 0.000000155311 53.619401 9330 1
9340 0.000000154157 53.197660 9340 1
9350 0.000000158164 54.781699 9350 1
9360 0.000000162634 56.598138 9360 1
9370 0.000000156798 54.229942 9370 1
9380 0.000000147480 50.536071 9380 1
9390 0.000000153044 52.621202 9390 1
9400 0.000000155685 53.671690 9400 1
9410 0.000000168715 58.597264 9410 1
9420 0.000000156759 54.108330 9420 1
9430 0.000000163561 56.837239 9429 1
9440 0.000000156122 53.850924 9440 1
9450 0.000000161063 55.883391 9450 1
9460 0.000000156638 53.823945 9460 1
9470 0.000000165671 57.677131 9470 1
9480 0.000000156309 53.963558 9480 1
9490 0.000000155869 53.820987 9490 1
9500 0.000000155974 53.733939 9500 1
9510 0.000000162623 56.559891 9510 1
9520 0.000000160469 55.611568 9520 1
9530 0.000000160303 55.503112 9530 1
9540 0.000000165676 57.686207 9540 1
9550 0.000000163469 56.864489 9549 1
9560 0.000000158353 54.846962 9560 1
9570 0.000000159990 55.410319 9570 1
9580 0.000000164687 57.271586 9580 1
9590 0.000000165461 57.738493 9590 1
9600 0.000000159432 55.247643 9600 1
9610 0.000000157734 54.468894 9609 1
9620 0.000000164803 57.442769 9620 1
9630 0.000000161158 56.020956 9630 1
9640 0.000000160159 55.388491 9640 1
9650 0.000000156272 54.121488 9650 1
9660 0.000000155896 53.971988 9659 1
9670 0.000000170473 59.819780 9670 1
9680 0.000000162550 56.643165 9679 1
9690 0.000000167441 58.612866 9690 1
9700 0.000000165147 57.678207 9699 1
9710 0.000000160695 55.920159 9710 1
9720 0.000000164834 57.565591 9720 1
9730 0.000000159761 55.522672 9730 1
9740 0.000000173711 56.233459 9739 1
9750 0.000000174549 56.940713 9750 1
9760 0.000000174541 58.174304 9760 1
9770 0.000000174177 58.016763 9770 1
9780 0.000000174311 57.649572 9780 1
9790 0.000000170807 56.577925 9790 1
9800 0.000000169820 55.153017 9800 1
9810 0.000000165827 54.721197 9810 1
9820 0.000000173041 57.622120 9820 1
9830 0.000000184003 61.800965 9830 1
9840 0.000000178138 59.807966 9840 1
9850 0.000000172235 57.523846 9850 1
9860 0.000000168304 56.005855 9860 1
9870 0.000000174845 58.471326 9870 1
9880 0.000000174979 56.967748 9878 1
9890 0.000000178232 59.759245 9890 1
9900 0.000000165932 58.021363 9899 1
9910 0.000000161772 56.350851 9910 1
9920 0.000000165584 57.860425 9920 1
9930 0.000000169009 59.205841 9930 1
9940 0.000000169088 59.272992 9940 1
9950 0.000000163155 56.899103 9950 1
9960 0.000000169987 59.650147 9960 1
9970 0.000000169944 59.506516 9970 1
9980 0.000000160312 55.729099 9980 1
9990 0.000000166070 58.078759 9990 1
10000 0.000000154744 53.559777 10000 1
