100 0.000009 642.727000 934 523
110 0.000008 731.584000 1096 608
120 0.000009 822.406000 1142 679
130 0.000009 908.236000 1318 757
140 0.000010 996.419000 1363 826
150 0.000011 1089.603000 1523 906
160 0.000012 1180.229000 1648 964
170 0.000012 1273.304000 1721 1078
180 0.000013 1368.123000 1851 1152
190 0.000014 1462.599000 1899 1218
200 0.000015 1561.916000 2086 1317
210 0.000016 1657.524000 2293 1397
220 0.000017 1759.259000 2413 1510
230 0.000018 1861.475000 2658 1573
240 0.000019 1955.041000 2654 1635
250 0.000020 2059.381000 2850 1751
260 0.000020 2165.097000 2921 1813
270 0.000021 2270.424000 3067 1911
280 0.000022 2365.003000 3430 2008
290 0.000023 2484.582000 3332 2049
300 0.000024 2583.651000 3438 2216
310 0.000025 2693.559000 3633 2269
320 0.000026 2797.626000 3613 2379
330 0.000027 2906.493000 3797 2477
340 0.000028 3014.634000 4002 2581
350 0.000029 3131.781000 3989 2711
360 0.000039 3241.574000 4207 2799
370 0.000039 3337.446000 4390 2885
380 0.000032 3449.826000 4873 2952
390 0.000032 3557.813000 4559 3086
400 0.000033 3662.820000 4824 3189
410 0.000035 3769.527000 4993 3266
420 0.000035 3889.501000 5003 3353
430 0.000037 4009.525000 5565 3404
440 0.000038 4133.438000 5234 3557
450 0.000038 4231.645000 5400 3667
460 0.000039 4332.050000 5489 3719
470 0.000040 4464.368000 5985 3848
480 0.000041 4568.443000 6219 3923
490 0.000043 4694.682000 6090 3998
500 0.000045 4816.909000 6265 4107
510 0.000059 4916.177000 6373 4177
520 0.000046 5045.902000 6369 4304
530 0.000047 5157.790000 6438 4452
540 0.000047 5274.967000 6777 4565
550 0.000048 5391.822000 6923 4709
560 0.000049 5501.733000 7292 4646
570 0.000050 5625.814000 6967 4910
580 0.000051 5749.922000 7495 4956
590 0.000053 5846.251000 7492 5097
600 0.000053 5964.718000 7457 5081
610 0.000054 6107.254000 7879 5395
620 0.000056 6215.135000 8120 5373
630 0.000056 6313.231000 8065 5440
640 0.000057 6477.711000 8092 5572
650 0.000058 6591.128000 8755 5676
660 0.000059 6710.400000 8396 5919
670 0.000060 6814.031000 8653 5942
680 0.000063 6961.619000 9168 6029
690 0.000062 7067.104000 8942 6241
700 0.000065 7204.376000 8872 6214
710 0.000065 7300.589000 9470 6385
720 0.000066 7446.081000 9875 6267
730 0.000067 7574.112000 9714 6707
740 0.000068 7701.893000 10294 6678
750 0.000069 7819.713000 10426 6855
760 0.000070 7957.584000 10512 6940
770 0.000071 8069.442000 9863 7071
780 0.000072 8197.534000 11731 7096
790 0.000073 8299.694000 10478 7239
800 0.000074 8436.920000 10624 7314
810 0.000076 8554.087000 11368 7404
820 0.000077 8675.429000 11468 7462
830 0.000077 8817.272000 11384 7608
840 0.000078 8937.427000 11029 7833
850 0.000079 9060.854000 11376 7920
860 0.000080 9178.773000 12473 8117
870 0.000081 9296.978000 12322 8240
880 0.000083 9471.639000 13031 8288
890 0.000085 9545.250000 12274 8386
900 0.000085 9698.555000 13017 8540
910 0.000085 9803.958000 12165 8513
920 0.000087 9926.669000 12299 8806
930 0.000088 10079.720000 12508 8915
940 0.000089 10228.292000 12646 8863
950 0.000090 10347.613000 13576 8946
960 0.000091 10517.148000 13094 9121
970 0.000092 10606.806000 13391 9273
980 0.000093 10722.872000 13821 9347
990 0.000095 10837.725000 14064 9549
1000 0.000097 10963.235000 13422 9686
