100 0.000009 
110 0.000011 
120 0.000013 
130 0.000015 
140 0.000017 
150 0.000020 
160 0.000023 
170 0.000026 
180 0.000029 
190 0.000033 
200 0.000036 
210 0.000039 
220 0.000047
230 0.000046
240 0.000049
250 0.000053
260 0.000057
270 0.000061
280 0.000066
290 0.000070
300 0.000075
310 0.000080
320 0.000085
330 0.000091
340 0.000096
350 0.000102
360 0.000107
370 0.000113
380 0.000119
390 0.000126
400 0.000132
410 0.000138
420 0.000145
430 0.000152
440 0.000159 
450 0.000166 
460 0.000173 
470 0.000181 
480 0.000188 
490 0.000196 
500 0.000204 
510 0.000212 
520 0.000220 
530 0.000229 
540 0.000237 
550 0.000246 
560 0.000255 
570 0.000264 
580 0.000273 
590 0.000282 
600 0.000292 
610 0.000301 
620 0.000311 
630 0.000321 
640 0.000331 
650 0.000341 
660 0.000352 
670 0.000362 
680 0.000374 
690 0.000384 
700 0.000395 
710 0.000407 
720 0.000418 
730 0.000429 
740 0.000441 
750 0.000453 
760 0.000465 
770 0.000478 
780 0.000489 
790 0.000502 
800 0.000515 
810 0.000527 
820 0.000540 
830 0.000553 
840 0.000567 
850 0.000580 
860 0.000594 
870 0.000608 
880 0.000622 
890 0.000636 
900 0.000650 
910 0.000664 
920 0.000679 
930 0.000693 
940 0.000708 
950 0.000727 
960 0.000739 
970 0.000753 
980 0.000778 
990 0.000804 
1000 0.000820
