100 1953
110 2230
120 2930
130 3303
140 3976
150 4626
160 4965
170 6019
180 6805
190 7538
200 8490
210 9301
220 10293
230 11096
240 12139
250 13522
260 14240
270 15812
280 16677
290 18261
300 19057
310 20703
320 22192
330 23790
340 25200
350 26534
360 27641
370 29265
380 31755
390 33497
400 35682
410 36772
420 39112
430 41085
440 42399
450 45013
460 46862
470 48788
480 49773
490 53827
500 55996
510 56796
520 60559
530 63605
540 65334
550 67709
560 70124
570 73068
580 76140
590 77239
600 80998
610 83813
620 86439
630 90058
640 93472
650 96003
660 98744
670 100812
680 103313
690 107330
700 111098
710 114438
720 117213
730 122549
740 124146
750 129107
760 130553
770 135561
780 140049
790 143418
800 145629
810 149903
820 152840
830 157747
840 159904
850 165003
860 168203
870 173819
880 177457
890 182169
900 184885
910 191092
920 195593
930 197442
940 204866
950 208817
960 209676
970 214124
980 221045
990 226357
1000 232376
