100 2576.172000
110 3106.115900
120 3690.579400
130 4318.798200
140 5003.274500
150 5739.876500
160 6514.764200
170 7355.143300
180 8234.573500
190 9159.747800
200 10150.818300
210 11174.841100
220 12264.012800
230 13395.195200
240 14584.757900
250 15830.396500
260 17100.423300
270 18410.463300
280 19818.366800
290 21232.715700
300 22725.710400
310 24257.006700
320 25843.287400
330 27471.507300
340 29136.445400
350 30889.073900
360 32665.558300
370 34495.356500
380 36381.994200
390 38314.572000
400 40324.092300
410 42341.978100
420 44437.882700
430 46546.693000
440 48696.368700
450 50967.402700
460 53234.748200
470 55576.921800
480 57969.310200
490 60390.968800
500 62894.798700
510 65382.483200
520 68017.031800
530 70612.002800
540 73340.899500
550 76021.231600
560 78816.787300
570 81659.399600
580 84556.230800
590 87438.384400
600 90457.782400
610 93477.566800
620 96568.235400
630 99640.160300
640 102875.095300 
650 106110.223900 
660 109383.377400 
670 112702.040500 
680 116148.959400 
690 119563.208500 
700 123057.784100 
710 126565.112300 
720 130146.432600 
730 133753.692400 
740 137473.872100 
750 141166.679400 
760 145021.947200 
770 148830.682500 
780 152689.790900 
790 156638.322800 
800 160603.387400 
810 164596.087000 
820 168740.906700 
830 172872.877600 
840 177005.848900 
850 181293.702800 
860 185552.744400 
870 189898.851900 
880 194269.232200 
890 198731.236000 
900 203169.232900 
910 207636.245800 
920 212220.991800 
930 216996.577200 
940 221600.558000 
950 226291.105200 
960 231188.614100 
970 235902.582000 
980 240946.726500 
990 245734.046600 
1000 250780.992200 