100 2431
110 2574
120 3497
130 3983
140 4412
150 5828
160 6393
170 7651
180 9086
190 9528
200 9616 
210 11279
220 12118
230 13074
240 14828
250 16327
260 16547
270 17582
280 19148
290 20174
300 23261
310 23671
320 25562
330 28143
340 29040
350 31256
360 31556
370 33521
380 36139
390 39229
400 38202
410 41689
420 43766
430 45771
440 49914
450 51356
460 51043
470 54181
480 58460
490 61240
500 60447
510 70807
520 69487
530 70563
540 76435
550 75160
560 78816
570 83013
580 79287
590 85022
600 89647
610 92302
620 97338
630 99914
640 104518
650 105887
660 112415
670 112005
680 113609
690 120742
700 124588
710 127080
720 135426
730 137196
740 135396
750 143450
760 144114
770 150481
780 154350
790 160416
800 162024
810 160162
820 171578
830 168289
840 181533
850 186347
860 187534
870 189865
880 201196
890 196351
900 207353
910 208524
920 206513
930 217799
940 230968
950 236371
960 232622
970 226686
980 238368
990 248776
1000 258622
