1000 0.000003510790 500.500000 1000 1
1010 0.000003494742 505.500000 1010 1
1020 0.000003046455 510.500000 1020 1
1030 0.000001707260 515.500000 1030 1
1040 0.000001589682 520.500000 1040 1
1050 0.000001457252 525.500000 1050 1
1060 0.000001340780 530.500000 1060 1
1070 0.000001382663 535.500000 1070 1
1080 0.000001367342 540.500000 1080 1
1090 0.000001397824 545.500000 1090 1
1100 0.000001420319 550.500000 1100 1
1110 0.000001405023 555.500000 1110 1
1120 0.000001486325 560.500000 1120 1
1130 0.000001452723 565.500000 1130 1
1140 0.000001643663 570.500000 1140 1
1150 0.000001477443 575.500000 1150 1
1160 0.000001469216 580.500000 1160 1
1170 0.000001503314 585.500000 1170 1
1180 0.000001493625 590.500000 1180 1
1190 0.000001539934 595.500000 1190 1
1200 0.000001516478 600.500000 1200 1
1210 0.000001551664 605.500000 1210 1
1220 0.000001542090 610.500000 1220 1
1230 0.000001608672 615.500000 1230 1
1240 0.000001567224 620.500000 1240 1
1250 0.000001599072 625.500000 1250 1
1260 0.000001592883 630.500000 1260 1
1270 0.000001622861 635.500000 1270 1
1280 0.000001621293 640.500000 1280 1
1290 0.000001649208 645.500000 1290 1
1300 0.000001644537 650.500000 1300 1
1310 0.000001658531 655.500000 1310 1
1320 0.000001667314 660.500000 1320 1
1330 0.000001682444 665.500000 1330 1
1340 0.000001694547 670.500000 1340 1
1350 0.000001863773 675.500000 1350 1
1360 0.000001737989 680.500000 1360 1
1370 0.000001729720 685.500000 1370 1
1380 0.000001745388 690.500000 1380 1
1390 0.000001756342 695.500000 1390 1
1400 0.000001766987 700.500000 1400 1
1410 0.000001779267 705.500000 1410 1
1420 0.000001793401 710.500000 1420 1
1430 0.000001804193 715.500000 1430 1
1440 0.000001818446 720.500000 1440 1
1450 0.000001829616 725.500000 1450 1
1460 0.000001841653 730.500000 1460 1
1470 0.000001855858 735.500000 1470 1
1480 0.000001868600 740.500000 1480 1
1490 0.000001880083 745.500000 1490 1
1500 0.000001892255 750.500000 1500 1
1510 0.000001906285 755.500000 1510 1
1520 0.000001917788 760.500000 1520 1
1530 0.000001928550 765.500000 1530 1
1540 0.000001957921 770.500000 1540 1
1550 0.000001967385 775.500000 1550 1
1560 0.000001969883 780.500000 1560 1
1570 0.000001979683 785.500000 1570 1
1580 0.000001994062 790.500000 1580 1
1590 0.000002006411 795.500000 1590 1
1600 0.000002018508 800.500000 1600 1
1610 0.000002030635 805.500000 1610 1
1620 0.000002043453 810.500000 1620 1
1630 0.000002055114 815.500000 1630 1
1640 0.000002067593 820.500000 1640 1
1650 0.000002081825 825.500000 1650 1
1660 0.000002093198 830.500000 1660 1
1670 0.000002105814 835.500000 1670 1
1680 0.000002117699 840.500000 1680 1
1690 0.000002128762 845.500000 1690 1
1700 0.000002141548 850.500000 1700 1
1710 0.000002156457 855.500000 1710 1
1720 0.000002168095 860.500000 1720 1
1730 0.000002180473 865.500000 1730 1
1740 0.000002194722 870.500000 1740 1
1750 0.000002218349 875.500000 1750 1
1760 0.000002250450 880.500000 1760 1
1770 0.000002243698 885.500000 1770 1
1780 0.000002257194 890.500000 1780 1
1790 0.000002268570 895.500000 1790 1
1800 0.000002279862 900.500000 1800 1
1810 0.000002303719 905.500000 1810 1
1820 0.000002304931 910.500000 1820 1
1830 0.000002317609 915.500000 1830 1
1840 0.000002329056 920.500000 1840 1
1850 0.000002342850 925.500000 1850 1
1860 0.000002343289 930.500000 1860 1
1870 0.000002356092 935.500000 1870 1
1880 0.000002367391 940.500000 1880 1
1890 0.000002385489 945.500000 1890 1
1900 0.000002396853 950.500000 1900 1
1910 0.000002405028 955.500000 1910 1
1920 0.000002417542 960.500000 1920 1
1930 0.000002431425 965.500000 1930 1
1940 0.000002443073 970.500000 1940 1
1950 0.000002452924 975.500000 1950 1
1960 0.000002467932 980.500000 1960 1
1970 0.000002478881 985.500000 1970 1
1980 0.000002505054 990.500000 1980 1
1990 0.000002505204 995.500000 1990 1
2000 0.000002521803 1000.500000 2000 1
2010 0.000002530223 1005.500000 2010 1
2020 0.000002538401 1010.500000 2020 1
2030 0.000002554220 1015.500000 2030 1
2040 0.000002568956 1020.500000 2040 1
2050 0.000002583424 1025.500000 2050 1
2060 0.000002594175 1030.500000 2060 1
2070 0.000002601351 1035.500000 2070 1
2080 0.000002616788 1040.500000 2080 1
2090 0.000002630913 1045.500000 2090 1
2100 0.000002639151 1050.500000 2100 1
2110 0.000002656579 1055.500000 2110 1
2120 0.000002667776 1060.500000 2120 1
2130 0.000002680423 1065.500000 2130 1
2140 0.000002700865 1070.500000 2140 1
2150 0.000002705364 1075.500000 2150 1
2160 0.000002728470 1080.500000 2160 1
2170 0.000002729221 1085.500000 2170 1
2180 0.000002743893 1090.500000 2180 1
2190 0.000002755734 1095.500000 2190 1
2200 0.000002771416 1100.500000 2200 1
2210 0.000002781827 1105.500000 2210 1
2220 0.000002793479 1110.500000 2220 1
2230 0.000002807351 1115.500000 2230 1
2240 0.000002818034 1120.500000 2240 1
2250 0.000002831732 1125.500000 2250 1
2260 0.000002843895 1130.500000 2260 1
2270 0.000002856813 1135.500000 2270 1
2280 0.000002869109 1140.500000 2280 1
2290 0.000002880581 1145.500000 2290 1
2300 0.000002896689 1150.500000 2300 1
2310 0.000002915433 1155.500000 2310 1
2320 0.000002928483 1160.500000 2320 1
2330 0.000002930664 1165.500000 2330 1
2340 0.000002947360 1170.500000 2340 1
2350 0.000002958740 1175.500000 2350 1
2360 0.000002986728 1180.500000 2360 1
2370 0.000002979571 1185.500000 2370 1
2380 0.000002993356 1190.500000 2380 1
2390 0.000003006203 1195.500000 2390 1
2400 0.000003018038 1200.500000 2400 1
2410 0.000003029937 1205.500000 2410 1
2420 0.000003042242 1210.500000 2420 1
2430 0.000003056387 1215.500000 2430 1
2440 0.000003070614 1220.500000 2440 1
2450 0.000003084001 1225.500000 2450 1
2460 0.000003155904 1230.500000 2460 1
2470 0.000003115626 1235.500000 2470 1
2480 0.000003131478 1240.500000 2480 1
2490 0.000003130918 1245.500000 2490 1
2500 0.000003145620 1250.500000 2500 1
2510 0.000003163039 1255.500000 2510 1
2520 0.000003170262 1260.500000 2520 1
2530 0.000003190346 1265.500000 2530 1
2540 0.000003192296 1270.500000 2540 1
2550 0.000003213774 1275.500000 2550 1
2560 0.000003227520 1280.500000 2560 1
2570 0.000003241809 1285.500000 2570 1
2580 0.000003244461 1290.500000 2580 1
2590 0.000003265800 1295.500000 2590 1
2600 0.000003268234 1300.500000 2600 1
2610 0.000003281550 1305.500000 2610 1
2620 0.000003294343 1310.500000 2620 1
2630 0.000003306698 1315.500000 2630 1
2640 0.000003342713 1320.500000 2640 1
2650 0.000003332244 1325.500000 2650 1
2660 0.000003345998 1330.500000 2660 1
2670 0.000003373151 1335.500000 2670 1
2680 0.000003370448 1340.500000 2680 1
2690 0.000003382652 1345.500000 2690 1
2700 0.000003394367 1350.500000 2700 1
2710 0.000003405420 1355.500000 2710 1
2720 0.000003419570 1360.500000 2720 1
2730 0.000003429828 1365.500000 2730 1
2740 0.000003441197 1370.500000 2740 1
2750 0.000003459466 1375.500000 2750 1
2760 0.000003468656 1380.500000 2760 1
2770 0.000003481203 1385.500000 2770 1
2780 0.000003492084 1390.500000 2780 1
2790 0.000003508700 1395.500000 2790 1
2800 0.000003517648 1400.500000 2800 1
2810 0.000003531744 1405.500000 2810 1
2820 0.000003545866 1410.500000 2820 1
2830 0.000003557099 1415.500000 2830 1
2840 0.000003565905 1420.500000 2840 1
2850 0.000003590780 1425.500000 2850 1
2860 0.000003592628 1430.500000 2860 1
2870 0.000003606273 1435.500000 2870 1
2880 0.000003620017 1440.500000 2880 1
2890 0.000003630720 1445.500000 2890 1
2900 0.000003642226 1450.500000 2900 1
2910 0.000003655982 1455.500000 2910 1
2920 0.000003670453 1460.500000 2920 1
2930 0.000003681734 1465.500000 2930 1
2940 0.000003695658 1470.500000 2940 1
2950 0.000003708893 1475.500000 2950 1
2960 0.000003720867 1480.500000 2960 1
2970 0.000003732372 1485.500000 2970 1
2980 0.000003745410 1490.500000 2980 1
2990 0.000003757742 1495.500000 2990 1
3000 0.000003765997 1500.500000 3000 1
3010 0.000003822339 1505.500000 3010 1
3020 0.000003806175 1510.500000 3020 1
3030 0.000003813299 1515.500000 3030 1
3040 0.000003819494 1520.500000 3040 1
3050 0.000003871162 1525.500000 3050 1
3060 0.000003852204 1530.500000 3060 1
3070 0.000003874649 1535.500000 3070 1
3080 0.000004011801 1540.500000 3080 1
3090 0.000003894117 1545.500000 3090 1
3100 0.000003892565 1550.500000 3100 1
3110 0.000003906236 1555.500000 3110 1
3120 0.000003918958 1560.500000 3120 1
3130 0.000003949439 1565.500000 3130 1
3140 0.000003946331 1570.500000 3140 1
3150 0.000003957778 1575.500000 3150 1
3160 0.000003968457 1580.500000 3160 1
3170 0.000003988979 1585.500000 3170 1
3180 0.000003996209 1590.500000 3180 1
3190 0.000004008756 1595.500000 3190 1
3200 0.000004016989 1600.500000 3200 1
3210 0.000004033723 1605.500000 3210 1
3220 0.000004534821 1610.500000 3220 1
3230 0.000004251115 1615.500000 3230 1
3240 0.000004073695 1620.500000 3240 1
3250 0.000004082072 1625.500000 3250 1
3260 0.000004093305 1630.500000 3260 1
3270 0.000004102858 1635.500000 3270 1
3280 0.000004117121 1640.500000 3280 1
3290 0.000004135633 1645.500000 3290 1
3300 0.000004142906 1650.500000 3300 1
3310 0.000004157389 1655.500000 3310 1
3320 0.000004167992 1660.500000 3320 1
3330 0.000004191628 1665.500000 3330 1
3340 0.000004203600 1670.500000 3340 1
3350 0.000004208510 1675.500000 3350 1
3360 0.000004226543 1680.500000 3360 1
3370 0.000004233526 1685.500000 3370 1
3380 0.000004243095 1690.500000 3380 1
3390 0.000004262320 1695.500000 3390 1
3400 0.000004274228 1700.500000 3400 1
3410 0.000004303723 1705.500000 3410 1
3420 0.000004298964 1710.500000 3420 1
3430 0.000004316965 1715.500000 3430 1
3440 0.000004330891 1720.500000 3440 1
3450 0.000004339091 1725.500000 3450 1
3460 0.000004345170 1730.500000 3460 1
3470 0.000004364320 1735.500000 3470 1
3480 0.000004367595 1740.500000 3480 1
3490 0.000004390624 1745.500000 3490 1
3500 0.000004401073 1750.500000 3500 1
3510 0.000004514705 1755.500000 3510 1
3520 0.000004466010 1760.500000 3520 1
3530 0.000004470584 1765.500000 3530 1
3540 0.000004467420 1770.500000 3540 1
3550 0.000004455963 1775.500000 3550 1
3560 0.000004475646 1780.500000 3560 1
3570 0.000004479629 1785.500000 3570 1
3580 0.000004498013 1790.500000 3580 1
3590 0.000004511937 1795.500000 3590 1
3600 0.000004536902 1800.500000 3600 1
3610 0.000004549299 1805.500000 3610 1
3620 0.000004548049 1810.500000 3620 1
3630 0.000004562766 1815.500000 3630 1
3640 0.000004568596 1820.500000 3640 1
3650 0.000004586955 1825.500000 3650 1
3660 0.000004599090 1830.500000 3660 1
3670 0.000004606362 1835.500000 3670 1
3680 0.000004624412 1840.500000 3680 1
3690 0.000004630845 1845.500000 3690 1
3700 0.000004642091 1850.500000 3700 1
3710 0.000004661940 1855.500000 3710 1
3720 0.000004715246 1860.500000 3720 1
3730 0.000004687358 1865.500000 3730 1
3740 0.000004698598 1870.500000 3740 1
3750 0.000004703432 1875.500000 3750 1
3760 0.000004720822 1880.500000 3760 1
3770 0.000004762060 1885.500000 3770 1
3780 0.000004744909 1890.500000 3780 1
3790 0.000004764251 1895.500000 3790 1
3800 0.000004768083 1900.500000 3800 1
3810 0.000004783478 1905.500000 3810 1
3820 0.000004799312 1910.500000 3820 1
3830 0.000004808936 1915.500000 3830 1
3840 0.000004818831 1920.500000 3840 1
3850 0.000004835115 1925.500000 3850 1
3860 0.000004895150 1930.500000 3860 1
3870 0.000004860902 1935.500000 3870 1
3880 0.000004874099 1940.500000 3880 1
3890 0.000004881094 1945.500000 3890 1
3900 0.000004903920 1950.500000 3900 1
3910 0.000004905779 1955.500000 3910 1
3920 0.000004923544 1960.500000 3920 1
3930 0.000004937159 1965.500000 3930 1
3940 0.000004947955 1970.500000 3940 1
3950 0.000004966919 1975.500000 3950 1
3960 0.000004970657 1980.500000 3960 1
3970 0.000004989066 1985.500000 3970 1
3980 0.000005001967 1990.500000 3980 1
3990 0.000005005744 1995.500000 3990 1
4000 0.000005052698 2000.500000 4000 1
4010 0.000005034207 2005.500000 4010 1
4020 0.000005048352 2010.500000 4020 1
4030 0.000005060966 2015.500000 4030 1
4040 0.000005074285 2020.500000 4040 1
4050 0.000005093807 2025.500000 4050 1
4060 0.000005096376 2030.500000 4060 1
4070 0.000005107919 2035.500000 4070 1
4080 0.000005121120 2040.500000 4080 1
4090 0.000005130355 2045.500000 4090 1
4100 0.000005149553 2050.500000 4100 1
4110 0.000005155293 2055.500000 4110 1
4120 0.000005174890 2060.500000 4120 1
4130 0.000005182276 2065.500000 4130 1
4140 0.000005194595 2070.500000 4140 1
4150 0.000005209772 2075.500000 4150 1
4160 0.000005262794 2080.500000 4160 1
4170 0.000005234832 2085.500000 4170 1
4180 0.000005250444 2090.500000 4180 1
4190 0.000005284556 2095.500000 4190 1
4200 0.000005265152 2100.500000 4200 1
4210 0.000005283014 2105.500000 4210 1
4220 0.000005291417 2110.500000 4220 1
4230 0.000005366350 2115.500000 4230 1
4240 0.000005369438 2120.500000 4240 1
4250 0.000005351747 2125.500000 4250 1
4260 0.000005348661 2130.500000 4260 1
4270 0.000005359096 2135.500000 4270 1
4280 0.000005376180 2140.500000 4280 1
4290 0.000005382521 2145.500000 4290 1
4300 0.000005402199 2150.500000 4300 1
4310 0.000005402292 2155.500000 4310 1
4320 0.000005434297 2160.500000 4320 1
4330 0.000005444456 2165.500000 4330 1
4340 0.000005447379 2170.500000 4340 1
4350 0.000005461438 2175.500000 4350 1
4360 0.000005466723 2180.500000 4360 1
4370 0.000005492483 2185.500000 4370 1
4380 0.000005494661 2190.500000 4380 1
4390 0.000005510456 2195.500000 4390 1
4400 0.000005520112 2200.500000 4400 1
4410 0.000005539474 2205.500000 4410 1
4420 0.000005604508 2210.500000 4420 1
4430 0.000005562074 2215.500000 4430 1
4440 0.000005569164 2220.500000 4440 1
4450 0.000005586733 2225.500000 4450 1
4460 0.000005603387 2230.500000 4460 1
4470 0.000005705519 2235.500000 4470 1
4480 0.000005651577 2240.500000 4480 1
4490 0.000005642988 2245.500000 4490 1
4500 0.000005645453 2250.500000 4500 1
4510 0.000005664474 2255.500000 4510 1
4520 0.000005667797 2260.500000 4520 1
4530 0.000005686410 2265.500000 4530 1
4540 0.000005697868 2270.500000 4540 1
4550 0.000005707161 2275.500000 4550 1
4560 0.000005730438 2280.500000 4560 1
4570 0.000005734078 2285.500000 4570 1
4580 0.000005749956 2290.500000 4580 1
4590 0.000005762659 2295.500000 4590 1
4600 0.000005777172 2300.500000 4600 1
4610 0.000005783216 2305.500000 4610 1
4620 0.000005800847 2310.500000 4620 1
4630 0.000005806680 2315.500000 4630 1
4640 0.000005823769 2320.500000 4640 1
4650 0.000005899392 2325.500000 4650 1
4660 0.000005854387 2330.500000 4660 1
4670 0.000005857412 2335.500000 4670 1
4680 0.000005871634 2340.500000 4680 1
4690 0.000005885163 2345.500000 4690 1
4700 0.000005893740 2350.500000 4700 1
4710 0.000005908855 2355.500000 4710 1
4720 0.000005913484 2360.500000 4720 1
4730 0.000005936288 2365.500000 4730 1
4740 0.000005950473 2370.500000 4740 1
4750 0.000005965684 2375.500000 4750 1
4760 0.000005979199 2380.500000 4760 1
4770 0.000005982543 2385.500000 4770 1
4780 0.000006003045 2390.500000 4780 1
4790 0.000006013334 2395.500000 4790 1
4800 0.000006021891 2400.500000 4800 1
4810 0.000006031563 2405.500000 4810 1
4820 0.000006066021 2410.500000 4820 1
4830 0.000006064418 2415.500000 4830 1
4840 0.000006078826 2420.500000 4840 1
4850 0.000006089336 2425.500000 4850 1
4860 0.000006148037 2430.500000 4860 1
4870 0.000006116301 2435.500000 4870 1
4880 0.000006135835 2440.500000 4880 1
4890 0.000006128752 2445.500000 4890 1
4900 0.000006148376 2450.500000 4900 1
4910 0.000006156719 2455.500000 4910 1
4920 0.000006176071 2460.500000 4920 1
4930 0.000006185688 2465.500000 4930 1
4940 0.000006193422 2470.500000 4940 1
4950 0.000006207636 2475.500000 4950 1
4960 0.000006219543 2480.500000 4960 1
4970 0.000006240015 2485.500000 4970 1
4980 0.000006291840 2490.500000 4980 1
4990 0.000006257757 2495.500000 4990 1
5000 0.000006275958 2500.500000 5000 1
5010 0.000006283857 2505.500000 5010 1
5020 0.000006292253 2510.500000 5020 1
5030 0.000006310418 2515.500000 5030 1
5040 0.000006387431 2520.500000 5040 1
5050 0.000006956790 2525.500000 5050 1
5060 0.000006680844 2530.500000 5060 1
5070 0.000006593156 2535.500000 5070 1
5080 0.000006568398 2540.500000 5080 1
5090 0.000006555717 2545.500000 5090 1
5100 0.000006521736 2550.500000 5100 1
5110 0.000006417304 2555.500000 5110 1
5120 0.000006463657 2560.500000 5120 1
5130 0.000006548692 2565.500000 5130 1
5140 0.000006569463 2570.500000 5140 1
5150 0.000006484683 2575.500000 5150 1
5160 0.000006568725 2580.500000 5160 1
5170 0.000006673243 2585.500000 5170 1
5180 0.000006666533 2590.500000 5180 1
5190 0.000006700100 2595.500000 5190 1
5200 0.000006768458 2600.500000 5200 1
5210 0.000006711702 2605.500000 5210 1
5220 0.000006695854 2610.500000 5220 1
5230 0.000006771695 2615.500000 5230 1
5240 0.000006716618 2620.500000 5240 1
5250 0.000006700582 2625.500000 5250 1
5260 0.000006701231 2630.500000 5260 1
5270 0.000006790664 2635.500000 5270 1
5280 0.000006776430 2640.500000 5280 1
5290 0.000006799410 2645.500000 5290 1
5300 0.000006772026 2650.500000 5300 1
5310 0.000006740750 2655.500000 5310 1
5320 0.000006763170 2660.500000 5320 1
5330 0.000006814894 2665.500000 5330 1
5340 0.000006826463 2670.500000 5340 1
5350 0.000006808810 2675.500000 5350 1
5360 0.000006743812 2680.500000 5360 1
5370 0.000006740019 2685.500000 5370 1
5380 0.000006748319 2690.500000 5380 1
5390 0.000006775710 2695.500000 5390 1
5400 0.000006815752 2700.500000 5400 1
5410 0.000006812484 2705.500000 5410 1
5420 0.000006819219 2710.500000 5420 1
5430 0.000006831842 2715.500000 5430 1
5440 0.000007008412 2720.500000 5440 1
5450 0.000006914966 2725.500000 5450 1
5460 0.000006951478 2730.500000 5460 1
5470 0.000006891315 2735.500000 5470 1
5480 0.000006930441 2740.500000 5480 1
5490 0.000006907760 2745.500000 5490 1
5500 0.000007197231 2750.500000 5500 1
5510 0.000007419231 2755.500000 5510 1
5520 0.000007213947 2760.500000 5520 1
5530 0.000007259687 2765.500000 5530 1
5540 0.000006959143 2770.500000 5540 1
5550 0.000007093413 2775.500000 5550 1
5560 0.000007062219 2780.500000 5560 1
5570 0.000007289937 2785.500000 5570 1
5580 0.000007012086 2790.500000 5580 1
5590 0.000007022056 2795.500000 5590 1
5600 0.000007024212 2800.500000 5600 1
5610 0.000007209054 2805.500000 5610 1
5620 0.000007222413 2810.500000 5620 1
5630 0.000007064509 2815.500000 5630 1
5640 0.000007074910 2820.500000 5640 1
5650 0.000007085349 2825.500000 5650 1
5660 0.000007098956 2830.500000 5660 1
5670 0.000007112783 2835.500000 5670 1
5680 0.000007126369 2840.500000 5680 1
5690 0.000007135136 2845.500000 5690 1
5700 0.000007211299 2850.500000 5700 1
5710 0.000007180230 2855.500000 5710 1
5720 0.000007257531 2860.500000 5720 1
5730 0.000007330834 2865.500000 5730 1
5740 0.000007257514 2870.500000 5740 1
5750 0.000007216582 2875.500000 5750 1
5760 0.000007223336 2880.500000 5760 1
5770 0.000007249609 2885.500000 5770 1
5780 0.000007256794 2890.500000 5780 1
5790 0.000007265470 2895.500000 5790 1
5800 0.000007270540 2900.500000 5800 1
5810 0.000007398713 2905.500000 5810 1
5820 0.000007529719 2910.500000 5820 1
5830 0.000007541563 2915.500000 5830 1
5840 0.000007478041 2920.500000 5840 1
5850 0.000007520166 2925.500000 5850 1
5860 0.000007507534 2930.500000 5860 1
5870 0.000007437471 2935.500000 5870 1
5880 0.000007380003 2940.500000 5880 1
5890 0.000007384372 2945.500000 5890 1
5900 0.000007399944 2950.500000 5900 1
5910 0.000007424129 2955.500000 5910 1
5920 0.000007448751 2960.500000 5920 1
5930 0.000007434928 2965.500000 5930 1
5940 0.000007446392 2970.500000 5940 1
5950 0.000007457440 2975.500000 5950 1
5960 0.000007469707 2980.500000 5960 1
5970 0.000007481735 2985.500000 5970 1
5980 0.000007533167 2990.500000 5980 1
5990 0.000007516923 2995.500000 5990 1
6000 0.000007519767 3000.500000 6000 1
6010 0.000007657649 3005.500000 6010 1
6020 0.000007807292 3010.500000 6020 1
6030 0.000007821067 3015.500000 6030 1
6040 0.000007820527 3020.500000 6040 1
6050 0.000007898288 3025.500000 6050 1
6060 0.000007846147 3030.500000 6060 1
6070 0.000007899251 3035.500000 6070 1
6080 0.000007815219 3040.500000 6080 1
6090 0.000008163732 3045.500000 6090 1
6100 0.000007962698 3050.500000 6100 1
6110 0.000007753900 3055.500000 6110 1
6120 0.000008159924 3060.500000 6120 1
6130 0.000007929645 3065.500000 6130 1
6140 0.000007825132 3070.500000 6140 1
6150 0.000008139800 3075.500000 6150 1
6160 0.000008142614 3080.500000 6160 1
6170 0.000008212730 3085.500000 6170 1
6180 0.000008073079 3090.500000 6180 1
6190 0.000008435783 3095.500000 6190 1
6200 0.000008122090 3100.500000 6200 1
6210 0.000008367658 3105.500000 6210 1
6220 0.000008134765 3110.500000 6220 1
6230 0.000008233290 3115.500000 6230 1
6240 0.000008229325 3120.500000 6240 1
6250 0.000008065661 3125.500000 6250 1
6260 0.000008625407 3130.500000 6260 1
6270 0.000008610439 3135.500000 6270 1
6280 0.000008028902 3140.500000 6280 1
6290 0.000007973729 3145.500000 6290 1
6300 0.000008077017 3150.500000 6300 1
6310 0.000008631395 3155.500000 6310 1
6320 0.000008748679 3160.500000 6320 1
6330 0.000008204901 3165.500000 6330 1
6340 0.000008416711 3170.500000 6340 1
6350 0.000008514234 3175.500000 6350 1
6360 0.000008324753 3180.500000 6360 1
6370 0.000008687450 3185.500000 6370 1
6380 0.000008331451 3190.500000 6380 1
6390 0.000008212764 3195.500000 6390 1
6400 0.000008580767 3200.500000 6400 1
6410 0.000008573929 3205.500000 6410 1
6420 0.000008534689 3210.500000 6420 1
6430 0.000008377610 3215.500000 6430 1
6440 0.000008174358 3220.500000 6440 1
6450 0.000008172607 3225.500000 6450 1
6460 0.000008363783 3230.500000 6460 1
6470 0.000008197651 3235.500000 6470 1
6480 0.000008180615 3240.500000 6480 1
6490 0.000008187161 3245.500000 6490 1
6500 0.000008158436 3250.500000 6500 1
6510 0.000008284360 3255.500000 6510 1
6520 0.000008912900 3260.500000 6520 1
6530 0.000008355960 3265.500000 6530 1
6540 0.000008297310 3270.500000 6540 1
6550 0.000008528490 3275.500000 6550 1
6560 0.000008506367 3280.500000 6560 1
6570 0.000008310717 3285.500000 6570 1
6580 0.000008434958 3290.500000 6580 1
6590 0.000008474726 3295.500000 6590 1
6600 0.000008337673 3300.500000 6600 1
6610 0.000008514660 3305.500000 6610 1
6620 0.000008812444 3310.500000 6620 1
6630 0.000008772175 3315.500000 6630 1
6640 0.000008789161 3320.500000 6640 1
6650 0.000008454000 3325.500000 6650 1
6660 0.000008404528 3330.500000 6660 1
6670 0.000008379214 3335.500000 6670 1
6680 0.000008391315 3340.500000 6680 1
6690 0.000008784097 3345.500000 6690 1
6700 0.000008756680 3350.500000 6700 1
6710 0.000008895589 3355.500000 6710 1
6720 0.000008993533 3360.500000 6720 1
6730 0.000009051411 3365.500000 6730 1
6740 0.000008950067 3370.500000 6740 1
6750 0.000008828077 3375.500000 6750 1
6760 0.000008935128 3380.500000 6760 1
6770 0.000009034924 3385.500000 6770 1
6780 0.000008772914 3390.500000 6780 1
6790 0.000008717836 3395.500000 6790 1
6800 0.000008787842 3400.500000 6800 1
6810 0.000008909428 3405.500000 6810 1
6820 0.000008693803 3410.500000 6820 1
6830 0.000008587540 3415.500000 6830 1
6840 0.000008639057 3420.500000 6840 1
6850 0.000009677671 3425.500000 6850 1
6860 0.000009899604 3430.500000 6860 1
6870 0.000009917135 3435.500000 6870 1
6880 0.000010267630 3440.500000 6880 1
6890 0.000008713130 3445.500000 6890 1
6900 0.000008708102 3450.500000 6900 1
6910 0.000008676290 3455.500000 6910 1
6920 0.000008670461 3460.500000 6920 1
6930 0.000009283640 3465.500000 6930 1
6940 0.000009349772 3470.500000 6940 1
6950 0.000008893694 3475.500000 6950 1
6960 0.000009688147 3480.500000 6960 1
6970 0.000008976090 3485.500000 6970 1
6980 0.000008881148 3490.500000 6980 1
6990 0.000009246377 3495.500000 6990 1
7000 0.000009366806 3500.500000 7000 1
7010 0.000009357480 3505.500000 7010 1
7020 0.000009399381 3510.500000 7020 1
7030 0.000009522223 3515.500000 7030 1
7040 0.000009385085 3520.500000 7040 1
7050 0.000009647149 3525.500000 7050 1
7060 0.000009485465 3530.500000 7060 1
7070 0.000008987863 3535.500000 7070 1
7080 0.000008976659 3540.500000 7080 1
7090 0.000009489959 3545.500000 7090 1
7100 0.000009395936 3550.500000 7100 1
7110 0.000009092018 3555.500000 7110 1
7120 0.000009614621 3560.500000 7120 1
7130 0.000009575301 3565.500000 7130 1
7140 0.000009286567 3570.500000 7140 1
7150 0.000009195181 3575.500000 7150 1
7160 0.000009778182 3580.500000 7160 1
7170 0.000009760094 3585.500000 7170 1
7180 0.000009582560 3590.500000 7180 1
7190 0.000009492513 3595.500000 7190 1
7200 0.000009161544 3600.500000 7200 1
7210 0.000009453856 3605.500000 7210 1
7220 0.000009690067 3610.500000 7220 1
7230 0.000009164626 3615.500000 7230 1
7240 0.000009137300 3620.500000 7240 1
7250 0.000009689082 3625.500000 7250 1
7260 0.000009656559 3630.500000 7260 1
7270 0.000009748774 3635.500000 7270 1
7280 0.000009849384 3640.500000 7280 1
7290 0.000009719827 3645.500000 7290 1
7300 0.000009686845 3650.500000 7300 1
7310 0.000009722612 3655.500000 7310 1
7320 0.000009867613 3660.500000 7320 1
7330 0.000009954709 3665.500000 7330 1
7340 0.000009724727 3670.500000 7340 1
7350 0.000009688744 3675.500000 7350 1
7360 0.000009918043 3680.500000 7360 1
7370 0.000009484173 3685.500000 7370 1
7380 0.000009862182 3690.500000 7380 1
7390 0.000009634876 3695.500000 7390 1
7400 0.000009297754 3700.500000 7400 1
7410 0.000009296013 3705.500000 7410 1
7420 0.000009539355 3710.500000 7420 1
7430 0.000010042535 3715.500000 7430 1
7440 0.000009700418 3720.500000 7440 1
7450 0.000010103278 3725.500000 7450 1
7460 0.000010255232 3730.500000 7460 1
7470 0.000009930724 3735.500000 7470 1
7480 0.000009738407 3740.500000 7480 1
7490 0.000009595346 3745.500000 7490 1
7500 0.000009899865 3750.500000 7500 1
7510 0.000010056593 3755.500000 7510 1
7520 0.000009907629 3760.500000 7520 1
7530 0.000009878112 3765.500000 7530 1
7540 0.000009898280 3770.500000 7540 1
7550 0.000009761254 3775.500000 7550 1
7560 0.000010038692 3780.500000 7560 1
7570 0.000009893436 3785.500000 7570 1
7580 0.000010407641 3790.500000 7580 1
7590 0.000010464825 3795.500000 7590 1
7600 0.000011445096 3800.500000 7600 1
7610 0.000010350029 3805.500000 7610 1
7620 0.000010137535 3810.500000 7620 1
7630 0.000009961614 3815.500000 7630 1
7640 0.000009968916 3820.500000 7640 1
7650 0.000009887049 3825.500000 7650 1
7660 0.000009865707 3830.500000 7660 1
7670 0.000010035294 3835.500000 7670 1
7680 0.000009790090 3840.500000 7680 1
7690 0.000010593809 3845.500000 7690 1
7700 0.000011760719 3850.500000 7700 1
7710 0.000010932523 3855.500000 7710 1
7720 0.000010080920 3860.500000 7720 1
7730 0.000009951612 3865.500000 7730 1
7740 0.000010495787 3870.500000 7740 1
7750 0.000010882662 3875.500000 7750 1
7760 0.000010151353 3880.500000 7760 1
7770 0.000010362001 3885.500000 7770 1
7780 0.000010654354 3890.500000 7780 1
7790 0.000010508719 3895.500000 7790 1
7800 0.000010005662 3900.500000 7800 1
7810 0.000010874641 3905.500000 7810 1
7820 0.000010357549 3910.500000 7820 1
7830 0.000010023922 3915.500000 7830 1
7840 0.000010037643 3920.500000 7840 1
7850 0.000010094860 3925.500000 7850 1
7860 0.000010139014 3930.500000 7860 1
7870 0.000009986601 3935.500000 7870 1
7880 0.000010028596 3940.500000 7880 1
7890 0.000010065629 3945.500000 7890 1
7900 0.000009948995 3950.500000 7900 1
7910 0.000009946406 3955.500000 7910 1
7920 0.000010140043 3960.500000 7920 1
7930 0.000009993877 3965.500000 7930 1
7940 0.000010005210 3970.500000 7940 1
7950 0.000009995232 3975.500000 7950 1
7960 0.000010077644 3980.500000 7960 1
7970 0.000010441794 3985.500000 7970 1
7980 0.000010476641 3990.500000 7980 1
7990 0.000010340805 3995.500000 7990 1
8000 0.000010283154 4000.500000 8000 1
8010 0.000010202045 4005.500000 8010 1
8020 0.000010046917 4010.500000 8020 1
8030 0.000010102793 4015.500000 8030 1
8040 0.000010267871 4020.500000 8040 1
8050 0.000010094770 4025.500000 8050 1
8060 0.000010103396 4030.500000 8060 1
8070 0.000010266835 4035.500000 8070 1
8080 0.000010721920 4040.500000 8080 1
8090 0.000010276672 4045.500000 8090 1
8100 0.000010337607 4050.500000 8100 1
8110 0.000010164261 4055.500000 8110 1
8120 0.000010809130 4060.500000 8120 1
8130 0.000010254453 4065.500000 8130 1
8140 0.000010347899 4070.500000 8140 1
8150 0.000010220475 4075.500000 8150 1
8160 0.000010243786 4080.500000 8160 1
8170 0.000010365192 4085.500000 8170 1
8180 0.000010483006 4090.500000 8180 1
8190 0.000010310395 4095.500000 8190 1
8200 0.000010288046 4100.500000 8200 1
8210 0.000010549621 4105.500000 8210 1
8220 0.000010582092 4110.500000 8220 1
8230 0.000010654410 4115.500000 8230 1
8240 0.000010708196 4120.500000 8240 1
8250 0.000010611348 4125.500000 8250 1
8260 0.000010597026 4130.500000 8260 1
8270 0.000010498454 4135.500000 8270 1
8280 0.000010433351 4140.500000 8280 1
8290 0.000010917723 4145.500000 8290 1
8300 0.000010552734 4150.500000 8300 1
8310 0.000010492045 4155.500000 8310 1
8320 0.000010602699 4160.500000 8320 1
8330 0.000010463683 4165.500000 8330 1
8340 0.000010868189 4170.500000 8340 1
8350 0.000010740432 4175.500000 8350 1
8360 0.000010686479 4180.500000 8360 1
8370 0.000010729596 4185.500000 8370 1
8380 0.000010752561 4190.500000 8380 1
8390 0.000010518115 4195.500000 8390 1
8400 0.000010763168 4200.500000 8400 1
8410 0.000011108577 4205.500000 8410 1
8420 0.000011127594 4210.500000 8420 1
8430 0.000010786227 4215.500000 8430 1
8440 0.000011369594 4220.500000 8440 1
8450 0.000010737803 4225.500000 8450 1
8460 0.000010772168 4230.500000 8460 1
8470 0.000010628137 4235.500000 8470 1
8480 0.000010625015 4240.500000 8480 1
8490 0.000010657408 4245.500000 8490 1
8500 0.000010827999 4250.500000 8500 1
8510 0.000011484237 4255.500000 8510 1
8520 0.000011357281 4260.500000 8520 1
8530 0.000010855327 4265.500000 8530 1
8540 0.000010701031 4270.500000 8540 1
8550 0.000010780017 4275.500000 8550 1
8560 0.000010875304 4280.500000 8560 1
8570 0.000010741805 4285.500000 8570 1
8580 0.000010764681 4290.500000 8580 1
8590 0.000011009175 4295.500000 8590 1
8600 0.000012697088 4300.500000 8600 1
8610 0.000012867461 4305.500000 8610 1
8620 0.000013195440 4310.500000 8620 1
8630 0.000011568943 4315.500000 8630 1
8640 0.000011146500 4320.500000 8640 1
8650 0.000010891790 4325.500000 8650 1
8660 0.000011111378 4330.500000 8660 1
8670 0.000011388565 4335.500000 8670 1
8680 0.000011089699 4340.500000 8680 1
8690 0.000011427363 4345.500000 8690 1
8700 0.000011875928 4350.500000 8700 1
8710 0.000011572278 4355.500000 8710 1
8720 0.000011502167 4360.500000 8720 1
8730 0.000011629745 4365.500000 8730 1
8740 0.000011436343 4370.500000 8740 1
8750 0.000011082408 4375.500000 8750 1
8760 0.000011218812 4380.500000 8760 1
8770 0.000011273949 4385.500000 8770 1
8780 0.000011122738 4390.500000 8780 1
8790 0.000011189344 4395.500000 8790 1
8800 0.000011336869 4400.500000 8800 1
8810 0.000011920113 4405.500000 8810 1
8820 0.000011701957 4410.500000 8820 1
8830 0.000011305089 4415.500000 8830 1
8840 0.000011358726 4420.500000 8840 1
8850 0.000011253030 4425.500000 8850 1
8860 0.000011455901 4430.500000 8860 1
8870 0.000011721114 4435.500000 8870 1
8880 0.000012357855 4440.500000 8880 1
8890 0.000011433751 4445.500000 8890 1
8900 0.000011311870 4450.500000 8900 1
8910 0.000011172635 4455.500000 8910 1
8920 0.000011206069 4460.500000 8920 1
8930 0.000011204959 4465.500000 8930 1
8940 0.000012286553 4470.500000 8940 1
8950 0.000012075261 4475.500000 8950 1
8960 0.000011605820 4480.500000 8960 1
8970 0.000012314404 4485.500000 8970 1
8980 0.000012209430 4490.500000 8980 1
8990 0.000012104076 4495.500000 8990 1
9000 0.000012060935 4500.500000 9000 1
9010 0.000011721568 4505.500000 9010 1
9020 0.000012055121 4510.500000 9020 1
9030 0.000012093613 4515.500000 9030 1
9040 0.000011813532 4520.500000 9040 1
9050 0.000011578774 4525.500000 9050 1
9060 0.000012038465 4530.500000 9060 1
9070 0.000012168030 4535.500000 9070 1
9080 0.000012234127 4540.500000 9080 1
9090 0.000012379447 4545.500000 9090 1
9100 0.000012753667 4550.500000 9100 1
9110 0.000012401703 4555.500000 9110 1
9120 0.000011946240 4560.500000 9120 1
9130 0.000011723578 4565.500000 9130 1
9140 0.000011742764 4570.500000 9140 1
9150 0.000011722403 4575.500000 9150 1
9160 0.000011857746 4580.500000 9160 1
9170 0.000011799509 4585.500000 9170 1
9180 0.000011797874 4590.500000 9180 1
9190 0.000011696893 4595.500000 9190 1
9200 0.000011835357 4600.500000 9200 1
9210 0.000011869715 4605.500000 9210 1
9220 0.000011847696 4610.500000 9220 1
9230 0.000012639735 4615.500000 9230 1
9240 0.000013003927 4620.500000 9240 1
9250 0.000012668570 4625.500000 9250 1
9260 0.000011924112 4630.500000 9260 1
9270 0.000011820382 4635.500000 9270 1
9280 0.000012404408 4640.500000 9280 1
9290 0.000012322251 4645.500000 9290 1
9300 0.000011842031 4650.500000 9300 1
9310 0.000012379829 4655.500000 9310 1
9320 0.000011897438 4660.500000 9320 1
9330 0.000011988932 4665.500000 9330 1
9340 0.000012016947 4670.500000 9340 1
9350 0.000011983923 4675.500000 9350 1
9360 0.000011991877 4680.500000 9360 1
9370 0.000011881486 4685.500000 9370 1
9380 0.000012049642 4690.500000 9380 1
9390 0.000011900757 4695.500000 9390 1
9400 0.000012107746 4700.500000 9400 1
9410 0.000012065774 4705.500000 9410 1
9420 0.000012238320 4710.500000 9420 1
9430 0.000012090556 4715.500000 9430 1
9440 0.000012268373 4720.500000 9440 1
9450 0.000012577030 4725.500000 9450 1
9460 0.000012319286 4730.500000 9460 1
9470 0.000012315100 4735.500000 9470 1
9480 0.000012642356 4740.500000 9480 1
9490 0.000012484148 4745.500000 9490 1
9500 0.000012550734 4750.500000 9500 1
9510 0.000012667260 4755.500000 9510 1
9520 0.000012146937 4760.500000 9520 1
9530 0.000012386691 4765.500000 9530 1
9540 0.000013933413 4770.500000 9540 1
9550 0.000012468777 4775.500000 9550 1
9560 0.000012244690 4780.500000 9560 1
9570 0.000012526846 4785.500000 9570 1
9580 0.000013007187 4790.500000 9580 1
9590 0.000012756348 4795.500000 9590 1
9600 0.000012257768 4800.500000 9600 1
9610 0.000012350788 4805.500000 9610 1
9620 0.000012059065 4810.500000 9620 1
9630 0.000012351481 4815.500000 9630 1
9640 0.000012996485 4820.500000 9640 1
9650 0.000012136410 4825.500000 9650 1
9660 0.000012243746 4830.500000 9660 1
9670 0.000012521871 4835.500000 9670 1
9680 0.000012961834 4840.500000 9680 1
9690 0.000012359017 4845.500000 9690 1
9700 0.000012651853 4850.500000 9700 1
9710 0.000014891458 4855.500000 9710 1
9720 0.000013995630 4860.500000 9720 1
9730 0.000012897965 4865.500000 9730 1
9740 0.000012566729 4870.500000 9740 1
9750 0.000012630559 4875.500000 9750 1
9760 0.000012681061 4880.500000 9760 1
9770 0.000012509623 4885.500000 9770 1
9780 0.000012724505 4890.500000 9780 1
9790 0.000012807768 4895.500000 9790 1
9800 0.000014066370 4900.500000 9800 1
9810 0.000012994339 4905.500000 9810 1
9820 0.000012858955 4910.500000 9820 1
9830 0.000013413863 4915.500000 9830 1
9840 0.000012491903 4920.500000 9840 1
9850 0.000012419792 4925.500000 9850 1
9860 0.000012372137 4930.500000 9860 1
9870 0.000012399787 4935.500000 9870 1
9880 0.000012462915 4940.500000 9880 1
9890 0.000012522173 4945.500000 9890 1
9900 0.000012476146 4950.500000 9900 1
9910 0.000012451766 4955.500000 9910 1
9920 0.000012421690 4960.500000 9920 1
9930 0.000012436322 4965.500000 9930 1
9940 0.000012446457 4970.500000 9940 1
9950 0.000012485660 4975.500000 9950 1
9960 0.000012483115 4980.500000 9960 1
9970 0.000012485279 4985.500000 9970 1
9980 0.000012498613 4990.500000 9980 1
9990 0.000012551167 4995.500000 9990 1
10000 0.000012542574 5000.500000 10000 1
