100 0.000008 693.480000 832 639
110 0.000008 780.470000 939 712
120 0.000009 870.633000 1041 798
130 0.000010 957.992000 1244 883
140 0.000010 1047.603000 1260 970
150 0.000011 1140.157000 1314 1043
160 0.000012 1234.827000 1451 1146
170 0.000013 1330.114000 1621 1225
180 0.000014 1422.173000 1739 1320
190 0.000014 1521.948000 1855 1407
200 0.000015 1617.764000 2026 1498
210 0.000016 1714.240000 2057 1602
220 0.000017 1815.935000 2157 1665
230 0.000018 1912.806000 2311 1782
240 0.000019 2019.373000 2400 1878
250 0.000020 2114.363000 2468 1972
260 0.000021 2220.795000 2506 2059
270 0.000022 2323.048000 2636 2160
280 0.000023 2423.016000 2805 2256
290 0.000023 2529.134000 2859 2343
300 0.000024 2631.071000 3056 2438
310 0.000025 2739.313000 3284 2531
320 0.000026 2840.177000 3316 2631
330 0.000027 2947.660000 3387 2750
340 0.000028 3057.488000 3549 2850
350 0.000030 3158.190000 3689 2948
360 0.000031 3273.397000 4024 3060
370 0.000031 3377.273000 4024 3135
380 0.000032 3489.524000 4096 3251
390 0.000033 3594.875000 4211 3345
400 0.000034 3698.274000 4356 3455
410 0.000035 3812.868000 4397 3566
420 0.000036 3928.347000 4549 3614
430 0.000037 4028.414000 4534 3757
440 0.000038 4148.239000 4826 3857
450 0.000039 4260.002000 5010 3970
460 0.000040 4369.644000 5109 4080
470 0.000041 4475.842000 5394 4195
480 0.000042 4594.082000 5301 4287
490 0.000043 4708.014000 5214 4393
500 0.000044 4814.588000 5468 4507
510 0.000045 4929.607000 5793 4583
520 0.000046 5049.733000 5733 4703
530 0.000047 5146.966000 5800 4829
540 0.000047 5272.005000 6374 4895
550 0.000049 5398.705000 6147 5035
560 0.000051 5504.638000 6512 5117
570 0.000051 5610.131000 6491 5266
580 0.000052 5731.354000 6507 5362
590 0.000053 5848.784000 6731 5474
600 0.000054 5975.156000 7038 5591
610 0.000055 6074.859000 7339 5690
620 0.000056 6200.117000 7183 5796
630 0.000057 6310.712000 7255 5918
640 0.000058 6441.276000 7516 6016
650 0.000059 6548.852000 7674 6142
660 0.000060 6665.347000 7906 6243
670 0.000061 6790.422000 7865 6365
680 0.000062 6909.427000 8174 6456
690 0.000063 7034.400000 8180 6561
700 0.000064 7141.801000 8450 6702
710 0.000065 7270.204000 8895 6809
720 0.000066 7374.401000 8262 6931
730 0.000067 7513.117000 8944 7039
740 0.000068 7611.789000 8902 7177
750 0.000069 7744.417000 8927 7183
760 0.000071 7863.919000 8992 7321
770 0.000071 7988.736000 9493 7468
780 0.000072 8106.119000 9089 7590
790 0.000073 8233.005000 9707 7758
800 0.000075 8346.714000 9556 7833
810 0.000076 8465.735000 9945 7975
820 0.000077 8597.048000 10080 8044
830 0.000078 8708.641000 10177 8119
840 0.000080 8837.969000 10213 8276
850 0.000080 8964.085000 10381 8411
860 0.000081 9063.125000 10528 8559
870 0.000082 9185.246000 10433 8663
880 0.000083 9317.125000 10775 8794
890 0.000085 9448.586000 10904 8874
900 0.000085 9573.527000 10960 8972
910 0.000086 9694.162000 10840 9088
920 0.000088 9809.299000 11361 9245
930 0.000089 9943.706000 11590 9326
940 0.000090 10071.738000 12023 9472
950 0.000091 10179.998000 11731 9529
960 0.000091 10318.080000 11894 9736
970 0.000093 10436.222000 12127 9679
980 0.000094 10560.229000 12123 9863
990 0.000095 10668.309000 12010 10035
1000 0.000097 10837.678000 12564 10204
