100 2023
110 2446
120 2856
130 3440
140 4022
150 4468
160 5326
170 6015
180 6615
190 7554
200 8327
210 9226
220 10223
230 11027
240 12432
250 13685
260 14310
270 15248
280 16730
290 18158
300 19707
310 20908
320 22058
330 23929
340 23972
350 26309
360 27981
370 30254
380 31933
390 32873
400 35307
410 36132
420 39283
430 40988
440 43492
450 44091
460 46742
470 48280
480 51497
490 53709
500 55293
510 58335
520 60622
530 61341
540 64608
550 68708
560 70483
570 73921
580 76338
590 77888
600 81905
610 83791
620 86290
630 90803
640 91150
650 93880
660 99022
670 100577
680 105595
690 108565
700 112092
710 116066
720 118252
730 121158
740 124911
750 128297
760 132076
770 135151
780 138376
790 142006
800 147975
810 149967
820 153008
830 156872
840 162322
850 166466
860 170696
870 173723
880 178893
890 182868
900 185951
910 189157
920 195669
930 201249
940 205906
950 207955
960 213028
970 218855
980 217893
990 227328
1000 231697