100 2430
110 2839
120 3581
130 4545
140 5139
150 5953
160 6687
170 7433
180 9073
190 8700
200 9379
210 10046 
220 12264 
230 13135 
240 14973 
250 15135 
260 17653 
270 18021 
280 20821 
290 21626 
300 23862 
310 23647 
320 24378 
330 25997 
340 29512 
350 29779 
360 32355 
370 36438 
380 36776 
390 36569 
400 38861 
410 41495 
420 43185 
430 47140 
440 49903 
450 50677 
460 51560 
470 59224 
480 56546 
490 61491 
500 67209 
510 62464 
520 69714 
530 71398 
540 75526 
550 74328 
560 81484 
570 81623 
580 85207 
590 90519 
600 91716 
610 90672 
620 96226 
630 95744 
640 99382 
650 110386 
660 108398 
670 116212 
680 116654 
690 115968 
700 123287 
710 127318 
720 131324 
730 131361 
740 131942 
750 136149 
760 145383 
770 144989 
780 142484 
790 150308 
800 163541 
810 163546 
820 170306 
830 174889 
840 184974 
850 178544 
860 197837 
870 188038 
880 193380 
890 194572 
900 204038 
910 205313 
920 214936 
930 213735 
940 217574 
950 219962 
960 234128 
970 232238 
980 234292 
990 245636 
1000 251662