100 0.000009 
110 0.000012 
120 0.000013 
130 0.000016 
140 0.000018 
150 0.000020 
160 0.000023 
170 0.000026 
180 0.000029 
190 0.000032 
200 0.000035 
210 0.000038 
220 0.000042 
230 0.000046 
240 0.000052 
250 0.000053 
260 0.000058 
270 0.000062 
280 0.000066 
290 0.000075 
300 0.000083 
310 0.000091 
320 0.000102 
330 0.000110 
340 0.000103 
350 0.000106 
360 0.000112 
370 0.000119 
380 0.000125 
390 0.000131 
400 0.000138 
410 0.000143 
420 0.000150 
430 0.000153 
440 0.000162 
450 0.000168 
460 0.000175 
470 0.000182 
480 0.000189 
490 0.000197 
500 0.000207 
510 0.000212 
520 0.000221 
530 0.000230 
540 0.000238 
550 0.000247 
560 0.000256 
570 0.000265 
580 0.000275 
590 0.000284 
600 0.000294 
610 0.000303 
620 0.000317 
630 0.000323 
640 0.000333 
650 0.000344 
660 0.000354 
670 0.000365 
680 0.000379 
690 0.000386 
700 0.000398 
710 0.000408 
720 0.000423 
730 0.000432 
740 0.000444 
750 0.000455 
760 0.000467 
770 0.000479 
780 0.000492 
790 0.000504 
800 0.000516 
810 0.000530 
820 0.000544 
830 0.000556 
840 0.000569 
850 0.000583 
860 0.000597 
870 0.000610 
880 0.000633 
890 0.000638 
900 0.000653 
910 0.000667 
920 0.000689 
930 0.000705 
940 0.000715 
950 0.000731 
960 0.000751 
970 0.000765 
980 0.000772 
990 0.000797 
1000 0.000805 
