100  2572.864500
110  3106.160400
120  3691.540700
130  4319.455200
140  5002.017200
150  5742.202700
160  6521.308300
170  7358.408800
180  8233.935600
190  9167.622500
200  10151.188800 
210  11178.714200 
220  12264.818300 
230  13393.633900 
240  14580.542000 
250  15810.290300 
260  17090.299600 
270  18433.876400 
280  19809.240100 
290  21236.236600 
300  22703.414700 
310  24253.068800 
320  25838.024200 
330  27465.082500 
340  29149.015700 
350  30885.646700 
360  32660.171300 
370  34495.435100 
380  36387.225000 
390  38314.504900 
400  40280.223500 
410  42333.005900 
420  44411.686800 
430  46545.488300 
440  48722.738500 
450  50974.330600 
460  53231.622600 
470  55598.264000 
480  57932.274900 
490  60413.207900 
500  62838.262700 
510  65383.717500 
520  68004.228600 
530  70630.304200 
540  73296.749300 
550  76030.190000 
560  78859.751000 
570  81687.302800 
580  84525.862600 
590  87465.632700 
600  90444.895200 
610  93452.465100 
620  96550.382500 
630  99613.044500 
640  102853.895100 
650  106068.311300 
660  109355.932600 
670  112701.236900 
680  116088.119300 
690  119507.044200 
700  123030.795500 
710  126575.975500 
720  130117.266000 
730  133810.773800 
740  137528.138900 
750  141230.526200 
760  144998.627200 
770  148868.313700 
780  152625.039300 
790  156567.914500 
800  160573.032900 
810  164613.714700 
820  168752.935600 
830  172894.551100 
840  177017.279800 
850  181264.933100 
860  185595.604400 
870  189831.791000 
880  194224.253900 
890  198690.440000 
900  203190.484000 
910  207641.388800 
920  212221.272700 
930  216894.460500 
940  221648.399700 
950  226362.708900 
960  231125.276600 
970  235920.016200 
980  240799.642400 
990  245791.046900 
1000 250772.928400 