100 0.000011 652.579000 931 542
110 0.000007 731.537000 1046 603
120 0.000009 815.438000 1103 683
130 0.000009 908.319000 1258 756
140 0.000010 995.039000 1347 832
150 0.000011 1094.127000 1556 914
160 0.000011 1179.201000 1562 972
170 0.000013 1278.465000 1808 1067
180 0.000013 1374.375000 2096 1152
190 0.000014 1469.598000 1953 1216
200 0.000015 1565.022000 2031 1305
210 0.000016 1658.580000 2207 1419
220 0.000017 1766.571000 2472 1516
230 0.000018 1859.608000 2519 1588
240 0.000019 1963.058000 2609 1657
250 0.000020 2069.662000 2941 1747
260 0.000020 2161.587000 2949 1846
270 0.000021 2271.299000 2910 1926
280 0.000022 2362.057000 3099 2013
290 0.000023 2471.151000 3362 2066
300 0.000024 2578.721000 3295 2185
310 0.000025 2693.458000 3594 2294
320 0.000026 2799.666000 3921 2369
330 0.000027 2909.291000 3874 2464
340 0.000028 3012.653000 4025 2611
350 0.000029 3120.054000 4258 2674
360 0.000030 3222.998000 4006 2754
370 0.000031 3344.807000 4437 2901
380 0.000032 3448.291000 4421 3006
390 0.000033 3550.583000 4522 3052
400 0.000034 3670.771000 4850 3105
410 0.000035 3786.673000 5026 3242
420 0.000036 3903.951000 5174 3413
430 0.000036 3990.203000 5061 3464
440 0.000038 4119.865000 5384 3546
450 0.000038 4230.043000 5544 3662
460 0.000039 4347.112000 5651 3742
470 0.000040 4466.143000 5723 3794
480 0.000041 4574.949000 5844 3903
490 0.000042 4684.350000 6586 4051
500 0.000043 4798.359000 6373 4119
510 0.000044 4937.609000 6595 4301
520 0.000045 5034.172000 6393 4277
530 0.000046 5177.383000 6632 4368
540 0.000047 5283.175000 7055 4565
550 0.000048 5396.448000 7093 4611
560 0.000049 5503.851000 7290 4708
570 0.000050 5629.655000 7257 4899
580 0.000051 5748.689000 7619 4879
590 0.000052 5868.192000 7743 5099
600 0.000054 5959.772000 7569 5190
610 0.000057 6091.033000 8257 5322
620 0.000055 6215.143000 8309 5331
630 0.000056 6338.486000 8145 5517
640 0.000057 6467.561000 8093 5641
650 0.000058 6591.446000 8868 5660
660 0.000060 6728.121000 8705 5761
670 0.000060 6799.914000 8493 5961
680 0.000062 6934.337000 9064 6082
690 0.000063 7081.259000 8944 6173
700 0.000064 7191.383000 9112 6325
710 0.000065 7320.707000 9255 6366
720 0.000066 7429.787000 9508 6543
730 0.000067 7590.107000 10091 6630
740 0.000068 7643.499000 9585 6653
750 0.000069 7804.629000 10370 6760
760 0.000071 7939.716000 10037 6910
770 0.000071 8035.977000 9961 6971
780 0.000072 8191.919000 10445 7148
790 0.000073 8309.111000 10133 7261
800 0.000074 8413.896000 10468 7489
810 0.000075 8572.254000 10611 7508
820 0.000076 8728.271000 11737 7601
830 0.000078 8793.346000 11488 7698
840 0.000079 8941.456000 11879 7892
850 0.000079 9042.430000 11353 8001
860 0.000081 9197.694000 11811 8097
870 0.000082 9307.363000 12001 8174
880 0.000082 9456.562000 12108 8298
890 0.000084 9554.386000 11976 8454
900 0.000084 9697.840000 12020 8560
910 0.000086 9816.180000 11814 8691
920 0.000087 9955.311000 12850 8786
930 0.000088 10063.400000 12642 8805
940 0.000089 10169.282000 13218 8922
950 0.000090 10386.560000 13791 9059
960 0.000091 10508.352000 13149 8969
970 0.000092 10613.141000 13609 9368
980 0.000093 10714.752000 13667 9420
990 0.000094 10849.992000 13668 9525
1000 0.000096 10975.271000 13604 9693
