100 0.000015 541.921000 559 515
110 0.000012 610.662000 629 590
120 0.000013 679.864000 694 659
130 0.000014 751.050000 770 728
140 0.000016 825.406000 844 800
150 0.000017 899.875000 928 874
160 0.000018 975.063000 997 952
170 0.000019 1050.699000 1074 1021
180 0.000020 1126.574000 1152 1096
190 0.000022 1203.372000 1229 1177
200 0.000023 1282.039000 1309 1249
210 0.000025 1359.947000 1385 1330
220 0.000026 1439.746000 1468 1415
230 0.000027 1518.205000 1543 1487
240 0.000028 1598.152000 1627 1569
250 0.000029 1678.630000 1699 1650
260 0.000031 1759.905000 1791 1728
270 0.000033 1844.151000 1869 1813
280 0.000034 1927.688000 1956 1890
290 0.000035 2012.687000 2040 1978
300 0.000037 2097.199000 2125 2070
310 0.000039 2182.520000 2214 2151
320 0.000039 2267.758000 2297 2231
330 0.000041 2353.698000 2390 2317
340 0.000042 2439.562000 2474 2401
350 0.000044 2525.451000 2554 2492
360 0.000045 2612.290000 2645 2575
370 0.000047 2697.972000 2732 2659
380 0.000048 2785.406000 2818 2744
390 0.000050 2873.349000 2903 2839
400 0.000051 2962.076000 2999 2923
410 0.000053 3050.366000 3093 3011
420 0.000054 3139.692000 3175 3088
430 0.000055 3227.363000 3261 3183
440 0.000056 3316.713000 3357 3254
450 0.000057 3405.903000 3445 3361
460 0.000059 3495.956000 3537 3462
470 0.000061 3584.877000 3631 3546
480 0.000063 3674.703000 3708 3624
490 0.000063 3765.147000 3803 3722
500 0.000065 3854.591000 3890 3818
510 0.000067 3945.047000 3979 3908
520 0.000069 4038.117000 4078 3993
530 0.000088 4131.159000 4170 4096
540 0.000074 4225.715000 4271 4185
550 0.000075 4320.643000 4361 4270
560 0.000077 4415.619000 4452 4359
570 0.000076 4508.178000 4552 4464
580 0.000078 4603.709000 4643 4558
590 0.000079 4698.364000 4742 4656
600 0.000081 4792.438000 4840 4749
610 0.000083 4887.766000 4931 4843
620 0.000084 4982.560000 5029 4937
630 0.000085 5077.195000 5121 5032
640 0.000086 5173.486000 5223 5128
650 0.000088 5268.045000 5316 5216
660 0.000089 5365.606000 5414 5313
670 0.000091 5459.742000 5503 5406
680 0.000092 5557.149000 5605 5508
690 0.000094 5653.812000 5698 5593
700 0.000096 5750.409000 5795 5691
710 0.000097 5845.499000 5902 5775
720 0.000099 5942.369000 5991 5898
730 0.000101 6038.974000 6084 5992
740 0.000103 6135.100000 6183 6077
750 0.000103 6232.298000 6293 6167
760 0.000105 6329.089000 6380 6272
770 0.000106 6426.054000 6484 6373
780 0.000108 6524.604000 6575 6471
790 0.000109 6621.571000 6672 6563
800 0.000112 6721.699000 6768 6668
810 0.000113 6819.984000 6872 6766
820 0.000114 6917.568000 6967 6851
830 0.000116 7017.444000 7067 6950
840 0.000118 7115.794000 7167 7053
850 0.000120 7214.669000 7269 7154
860 0.000120 7314.160000 7368 7233
870 0.000122 7411.625000 7476 7341
880 0.000123 7511.484000 7569 7440
890 0.000125 7609.329000 7666 7556
900 0.000126 7710.559000 7761 7658
910 0.000128 7809.981000 7864 7759
920 0.000129 7908.513000 7974 7853
930 0.000132 8007.729000 8059 7940
940 0.000132 8107.425000 8151 8060
950 0.000134 8208.885000 8264 8150
960 0.000135 8307.605000 8364 8242
970 0.000138 8407.265000 8464 8350
980 0.000139 8506.871000 8560 8453
990 0.000140 8607.576000 8652 8544
1000 0.000141 8706.916000 8770 8638
