1000 0.000000113181 9.219860 10 2
1010 0.000000109923 9.227535 10 1
1020 0.000000104393 9.225333 10 2
1030 0.000000105685 9.437767 11 2
1040 0.000000107371 9.436365 11 1
1050 0.000000105084 9.435181 11 2
1060 0.000000105095 9.438887 11 1
1070 0.000000105551 9.441579 11 1
1080 0.000000105306 9.439778 11 2
1090 0.000000105257 9.446266 11 1
1100 0.000000106001 9.451200 11 2
1110 0.000000105801 9.448387 11 2
1120 0.000000105503 9.455348 11 2
1130 0.000000105543 9.447584 11 1
1140 0.000000105367 9.451816 11 1
1150 0.000000105268 9.455017 11 1
1160 0.000000105890 9.485250 11 2
1170 0.000000106073 9.483154 11 2
1180 0.000000105824 9.484008 11 2
1190 0.000000105860 9.487866 11 1
1200 0.000000105745 9.489900 11 2
1210 0.000000106033 9.488521 11 2
1220 0.000000106390 9.500082 11 2
1230 0.000000106383 9.501943 11 3
1240 0.000000105804 9.501919 11 1
1250 0.000000106498 9.504456 11 1
1260 0.000000106221 9.504754 11 1
1270 0.000000106012 9.504961 11 2
1280 0.000000108046 9.630992 11 1
1290 0.000000107896 9.629798 11 1
1300 0.000000107657 9.629031 11 3
1310 0.000000107678 9.631214 11 2
1320 0.000000108679 9.631750 11 3
1330 0.000000107894 9.635902 11 1
1340 0.000000108027 9.635843 11 2
1350 0.000000108189 9.635333 11 3
1360 0.000000108293 9.637213 11 3
1370 0.000000108271 9.641898 11 2
1380 0.000000108751 9.641145 11 1
1390 0.000000108042 9.641475 11 1
1400 0.000000107722 9.642829 11 2
1410 0.000000108037 9.672702 11 2
1420 0.000000107985 9.674430 11 3
1430 0.000000108280 9.669678 11 2
1440 0.000000108079 9.671285 11 1
1450 0.000000108489 9.680062 11 1
1460 0.000000108402 9.676336 11 1
1470 0.000000108028 9.676633 11 3
1480 0.000000108795 9.684784 11 2
1490 0.000000109092 9.682732 11 2
1500 0.000000108603 9.685647 11 1
1510 0.000000108803 9.687781 11 2
1520 0.000000108304 9.686717 11 3
1530 0.000000108497 9.690373 11 2
1540 0.000000112607 10.108273 11 3
1550 0.000000112410 10.108671 11 1
1560 0.000000146405 10.108731 11 1
1570 0.000000146475 10.109121 11 1
1580 0.000000146830 10.117722 11 2
1590 0.000000146402 10.111943 11 1
1600 0.000000146332 10.110688 11 2
1610 0.000000146539 10.115484 11 2
1620 0.000000146664 10.115586 11 2
1630 0.000000146408 10.114018 11 3
1640 0.000000121557 10.114012 11 1
1650 0.000000113297 10.115176 11 2
1660 0.000000112876 10.117223 11 1
1670 0.000000112314 10.128623 11 2
1680 0.000000112692 10.131821 11 2
1690 0.000000112424 10.127385 11 2
1700 0.000000115011 10.128376 11 2
1710 0.000000117718 10.130234 11 2
1720 0.000000116076 10.132494 11 3
1730 0.000000117571 10.136682 11 2
1740 0.000000116804 10.132575 11 2
1750 0.000000117048 10.129251 11 2
1760 0.000000114702 10.134250 11 2
1770 0.000000113118 10.137904 11 1
1780 0.000000114015 10.136180 11 2
1790 0.000000113036 10.134067 11 3
1800 0.000000115439 10.201261 11 2
1810 0.000000115580 10.202801 11 2
1820 0.000000118590 10.200110 11 2
1830 0.000000115822 10.200355 11 1
1840 0.000000115898 10.201353 11 1
1850 0.000000114491 10.202816 11 2
1860 0.000000114168 10.206968 11 1
1870 0.000000114141 10.206273 11 2
1880 0.000000114329 10.202170 11 3
1890 0.000000114299 10.210698 11 2
1900 0.000000114221 10.206805 11 2
1910 0.000000114678 10.204880 11 3
1920 0.000000123589 10.222396 11 2
1930 0.000000132101 10.219145 11 3
1940 0.000000120787 10.217474 11 2
1950 0.000000117331 10.219841 11 2
1960 0.000000114791 10.220398 11 3
1970 0.000000114583 10.222203 11 1
1980 0.000000115202 10.218818 11 2
1990 0.000000115434 10.224784 11 1
2000 0.000000116435 10.223265 11 2
2010 0.000000116566 10.220363 11 3
2020 0.000000116580 10.229559 11 2
2030 0.000000116414 10.226182 11 2
2040 0.000000115836 10.226779 11 3
2050 0.000000122299 10.433249 12 2
2060 0.000000116564 10.433471 12 2
2070 0.000000116279 10.432773 12 3
2080 0.000000116694 10.431659 12 3
2090 0.000000115740 10.432297 12 3
2100 0.000000115534 10.433619 12 2
2110 0.000000120458 10.432431 12 2
2120 0.000000116001 10.435623 12 3
2130 0.000000118803 10.434850 12 2
2140 0.000000118867 10.438463 12 3
2150 0.000000120422 10.440302 12 3
2160 0.000000118236 10.439704 12 3
2170 0.000000116096 10.439078 12 1
2180 0.000000116673 10.447656 12 1
2190 0.000000119005 10.446164 12 3
2200 0.000000121096 10.446909 12 2
2210 0.000000120112 10.446294 12 2
2220 0.000000119534 10.448383 12 3
2230 0.000000121211 10.445525 12 2
2240 0.000000116195 10.451192 12 3
2250 0.000000116114 10.449822 12 2
2260 0.000000116255 10.453549 12 3
2270 0.000000120170 10.452062 12 3
2280 0.000000118849 10.454070 12 2
2290 0.000000120995 10.448179 12 1
2300 0.000000120761 10.453226 12 3
2310 0.000000121752 10.485229 12 3
2320 0.000000121974 10.486621 12 3
2330 0.000000122390 10.489712 12 3
2340 0.000000117557 10.487624 12 2
2350 0.000000116485 10.486209 12 2
2360 0.000000116838 10.489703 12 2
2370 0.000000117111 10.487692 12 2
2380 0.000000122537 10.486252 12 3
2390 0.000000123443 10.487816 12 3
2400 0.000000117383 10.489687 12 2
2410 0.000000116746 10.490129 12 1
2420 0.000000117051 10.489616 12 3
2430 0.000000116802 10.488095 12 3
2440 0.000000119730 10.500090 12 3
2450 0.000000120331 10.501653 12 1
2460 0.000000121386 10.497890 12 3
2470 0.000000122185 10.503607 12 4
2480 0.000000119250 10.503746 12 2
2490 0.000000116586 10.501912 12 2
2500 0.000000117556 10.505532 12 4
2510 0.000000117995 10.505944 12 3
2520 0.000000119263 10.501996 12 2
2530 0.000000120462 10.505609 12 2
2540 0.000000120461 10.504870 12 3
2550 0.000000120885 10.508992 12 2
2560 0.000000122424 10.632449 12 2
2570 0.000000122529 10.629132 12 3
2580 0.000000122832 10.631853 12 3
2590 0.000000123015 10.633158 12 3
2600 0.000000123087 10.634065 12 1
2610 0.000000122989 10.632134 12 2
2620 0.000000124082 10.634698 12 2
2630 0.000000118754 10.632137 12 2
2640 0.000000118439 10.635250 12 2
2650 0.000000118410 10.633026 12 3
2660 0.000000118344 10.633026 12 2
2670 0.000000118304 10.632944 12 2
2680 0.000000122122 10.631646 12 1
2690 0.000000121088 10.637327 12 2
2700 0.000000118837 10.640096 12 3
2710 0.000000118683 10.640742 12 3
2720 0.000000118540 10.639371 12 2
2730 0.000000119601 10.639484 12 2
2740 0.000000122585 10.637777 12 3
2750 0.000000121721 10.640356 12 2
2760 0.000000119450 10.640931 12 2
2770 0.000000119903 10.640527 12 3
2780 0.000000119194 10.638414 12 3
2790 0.000000118633 10.641878 12 3
2800 0.000000118562 10.640661 12 2
2810 0.000000118653 10.642217 12 3
2820 0.000000120229 10.672535 12 1
2830 0.000000123174 10.675686 12 1
2840 0.000000123900 10.676796 12 2
2850 0.000000119018 10.676435 12 1
2860 0.000000118937 10.673441 12 2
2870 0.000000119236 10.674118 12 3
2880 0.000000119181 10.674385 12 2
2890 0.000000121932 10.677481 12 3
2900 0.000000125092 10.675648 12 1
2910 0.000000124255 10.677203 12 2
2920 0.000000124255 10.677808 12 2
2930 0.000000124020 10.675563 12 2
2940 0.000000124021 10.676527 12 1
2950 0.000000123249 10.685976 12 1
2960 0.000000122488 10.683304 12 3
2970 0.000000126012 10.682458 12 3
2980 0.000000122024 10.682372 12 2
2990 0.000000123406 10.684415 12 2
3000 0.000000122031 10.683363 12 2
3010 0.000000122352 10.688252 12 1
3020 0.000000119822 10.687175 12 1
3030 0.000000119305 10.686215 12 3
3040 0.000000119005 10.687355 12 3
3050 0.000000119619 10.685741 12 3
3060 0.000000130875 10.686497 12 3
3070 0.000000121130 10.685450 12 2
3080 0.000000142446 11.110380 12 1
3090 0.000000129214 11.111346 12 3
3100 0.000000132349 11.110681 12 3
3110 0.000000135581 11.110820 12 2
3120 0.000000133737 11.111609 12 2
3130 0.000000124727 11.111275 12 1
3140 0.000000122703 11.113236 12 2
3150 0.000000122706 11.111737 12 3
3160 0.000000122871 11.113652 12 3
3170 0.000000124237 11.109751 12 2
3180 0.000000127252 11.113283 12 3
3190 0.000000126690 11.112270 12 3
3200 0.000000125991 11.115506 12 3
3210 0.000000126536 11.112698 12 4
3220 0.000000124472 11.114416 12 3
3230 0.000000123000 11.114703 12 3
3240 0.000000131670 11.114423 12 3
3250 0.000000123896 11.116375 12 2
3260 0.000000123275 11.114126 12 3
3270 0.000000122995 11.117590 12 2
3280 0.000000123185 11.116265 12 2
3290 0.000000123141 11.117301 12 2
3300 0.000000124963 11.115261 12 3
3310 0.000000123969 11.116423 12 3
3320 0.000000122997 11.117473 12 2
3330 0.000000123274 11.128099 12 3
3340 0.000000123419 11.126862 12 3
3350 0.000000127415 11.129152 12 2
3360 0.000000127392 11.127970 12 2
3370 0.000000127557 11.127377 12 3
3380 0.000000127519 11.127287 12 3
3390 0.000000127340 11.127982 12 3
3400 0.000000127356 11.129891 12 2
3410 0.000000123679 11.131718 12 3
3420 0.000000123186 11.133623 12 1
3430 0.000000123247 11.128802 12 3
3440 0.000000123356 11.131044 12 2
3450 0.000000123245 11.128099 12 3
3460 0.000000123391 11.135616 12 2
3470 0.000000123395 11.132101 12 3
3480 0.000000123129 11.133891 12 3
3490 0.000000123277 11.134444 12 1
3500 0.000000123167 11.137623 12 4
3510 0.000000124614 11.134214 12 3
3520 0.000000123827 11.136261 12 2
3530 0.000000123638 11.138210 12 3
3540 0.000000123271 11.132379 12 4
3550 0.000000122849 11.136217 12 2
3560 0.000000123165 11.135483 12 3
3570 0.000000123158 11.135322 12 2
3580 0.000000123628 11.135486 12 2
3590 0.000000124212 11.202156 12 3
3600 0.000000123925 11.201714 12 3
3610 0.000000124798 11.200485 12 2
3620 0.000000124273 11.200453 12 3
3630 0.000000124052 11.200052 12 3
3640 0.000000124267 11.201429 12 2
3650 0.000000128118 11.201671 12 4
3660 0.000000124296 11.199549 12 2
3670 0.000000124039 11.201112 12 2
3680 0.000000124325 11.202207 12 3
3690 0.000000124066 11.202813 12 2
3700 0.000000124987 11.201122 12 4
3710 0.000000124839 11.200315 12 3
3720 0.000000124356 11.204901 12 3
3730 0.000000124110 11.204944 12 2
3740 0.000000124108 11.203409 12 2
3750 0.000000124187 11.204456 12 4
3760 0.000000124176 11.204245 12 1
3770 0.000000124262 11.202668 12 3
3780 0.000000124271 11.204534 12 1
3790 0.000000124540 11.206596 12 3
3800 0.000000124177 11.206084 12 3
3810 0.000000124215 11.204890 12 3
3820 0.000000124089 11.203707 12 2
3830 0.000000124156 11.204486 12 3
3840 0.000000124494 11.222570 12 1
3850 0.000000124347 11.222787 12 2
3860 0.000000124258 11.221526 12 2
3870 0.000000124405 11.219416 12 2
3880 0.000000124341 11.219902 12 2
3890 0.000000124303 11.218476 12 1
3900 0.000000124694 11.220497 12 2
3910 0.000000124479 11.219616 12 3
3920 0.000000124342 11.218852 12 3
3930 0.000000124210 11.220557 12 1
3940 0.000000124532 11.219221 12 1
3950 0.000000124647 11.222281 12 3
3960 0.000000124161 11.220879 12 2
3970 0.000000124401 11.225710 12 3
3980 0.000000124626 11.224927 12 2
3990 0.000000124598 11.223624 12 2
4000 0.000000124490 11.227205 12 3
4010 0.000000124238 11.223953 12 3
4020 0.000000124484 11.224493 12 3
4030 0.000000124552 11.221908 12 2
4040 0.000000124504 11.226339 12 2
4050 0.000000124237 11.225301 12 3
4060 0.000000124534 11.227569 12 2
4070 0.000000125295 11.226627 12 1
4080 0.000000127584 11.225618 12 2
4090 0.000000124733 11.224403 12 3
4100 0.000000126738 11.433368 12 4
4110 0.000000126635 11.432842 13 2
4120 0.000000126552 11.431133 13 2
4130 0.000000126804 11.433552 13 2
4140 0.000000126491 11.435531 13 4
4150 0.000000126503 11.434400 13 3
4160 0.000000127165 11.436221 13 1
4170 0.000000126561 11.432237 13 4
4180 0.000000126836 11.434634 13 2
4190 0.000000133299 11.435611 13 3
4200 0.000000163801 11.435745 13 2
4210 0.000000131348 11.434480 13 3
4220 0.000000126311 11.433166 13 2
4230 0.000000126446 11.438551 13 2
4240 0.000000126397 11.435375 13 3
4250 0.000000126837 11.437732 13 1
4260 0.000000126485 11.435871 13 3
4270 0.000000126688 11.433080 13 3
4280 0.000000126638 11.436294 13 4
4290 0.000000126543 11.438632 13 2
4300 0.000000126842 11.437430 13 2
4310 0.000000126376 11.439074 13 4
4320 0.000000126626 11.438579 13 3
4330 0.000000127005 11.436212 13 3
4340 0.000000126871 11.435770 13 4
4350 0.000000126817 11.436276 13 2
4360 0.000000126871 11.444417 13 3
4370 0.000000126945 11.444911 13 3
4380 0.000000127008 11.447196 13 3
4390 0.000000127732 11.446686 13 3
4400 0.000000126924 11.445586 13 1
4410 0.000000127146 11.447533 13 3
4420 0.000000127076 11.447296 13 3
4430 0.000000127063 11.446605 13 2
4440 0.000000127049 11.447387 13 3
4450 0.000000132043 11.447793 13 1
4460 0.000000127131 11.448070 13 3
4470 0.000000126935 11.449152 13 3
4480 0.000000127926 11.449741 13 2
4490 0.000000127144 11.452185 13 1
4500 0.000000127046 11.448736 13 3
4510 0.000000127011 11.449765 13 2
4520 0.000000127008 11.449757 13 2
4530 0.000000126995 11.451289 13 4
4540 0.000000127184 11.452758 13 3
4550 0.000000127162 11.450664 13 3
4560 0.000000126933 11.452658 13 3
4570 0.000000126971 11.451352 13 3
4580 0.000000126837 11.451299 13 3
4590 0.000000126890 11.452734 13 2
4600 0.000000127139 11.452946 13 4
4610 0.000000127648 11.487850 13 2
4620 0.000000127528 11.484303 13 3
4630 0.000000127754 11.484940 13 4
4640 0.000000127311 11.485239 13 3
4650 0.000000127242 11.483426 13 2
4660 0.000000127228 11.486161 13 3
4670 0.000000127059 11.485071 13 3
4680 0.000000127204 11.486026 13 4
4690 0.000000127820 11.485942 13 2
4700 0.000000140435 11.486030 13 4
4710 0.000000129389 11.485083 13 4
4720 0.000000126880 11.485515 13 3
4730 0.000000126808 11.485860 13 4
4740 0.000000127170 11.485620 13 2
4750 0.000000127009 11.489333 13 3
4760 0.000000126993 11.487882 13 3
4770 0.000000127357 11.486920 13 3
4780 0.000000127613 11.486301 13 3
4790 0.000000127072 11.488985 13 4
4800 0.000000127513 11.488650 13 3
4810 0.000000127022 11.487293 13 1
4820 0.000000126974 11.490641 13 3
4830 0.000000127557 11.487021 13 3
4840 0.000000126994 11.488843 13 4
4850 0.000000127068 11.489781 13 3
4860 0.000000126922 11.490959 13 4
4870 0.000000126984 11.500271 13 4
4880 0.000000127002 11.498619 13 3
4890 0.000000126844 11.499417 13 3
4900 0.000000127192 11.499978 13 2
4910 0.000000127341 11.500297 13 3
4920 0.000000127372 11.501543 13 3
4930 0.000000127752 11.500617 13 1
4940 0.000000128060 11.501929 13 3
4950 0.000000127287 11.498667 13 3
4960 0.000000127204 11.501183 13 3
4970 0.000000126988 11.500789 13 3
4980 0.000000126946 11.501133 13 3
4990 0.000000127094 11.501691 13 2
5000 0.000000127167 11.505424 13 3
5010 0.000000127310 11.505914 13 2
5020 0.000000127073 11.502032 13 2
5030 0.000000127438 11.504304 13 4
5040 0.000000127142 11.504623 13 3
5050 0.000000127245 11.503691 13 3
5060 0.000000127241 11.504775 13 3
5070 0.000000127554 11.506807 13 2
5080 0.000000127268 11.504833 13 3
5090 0.000000127080 11.506228 13 3
5100 0.000000127127 11.503547 13 2
5110 0.000000127389 11.503458 13 2
5120 0.000000128963 11.631426 13 4
5130 0.000000128969 11.627922 13 2
5140 0.000000129455 11.629977 13 3
5150 0.000000129388 11.631105 13 1
5160 0.000000129177 11.632004 13 3
5170 0.000000129443 11.632132 13 3
5180 0.000000129386 11.630911 13 3
5190 0.000000128965 11.632303 13 2
5200 0.000000128973 11.630667 13 4
5210 0.000000129077 11.632497 13 1
5220 0.000000128820 11.630812 13 2
5230 0.000000128813 11.630398 13 3
5240 0.000000128903 11.627945 13 4
5250 0.000000129048 11.631276 13 3
5260 0.000000129437 11.633768 13 1
5270 0.000000129181 11.630721 13 3
5280 0.000000128982 11.632871 13 3
5290 0.000000129114 11.634974 13 2
5300 0.000000129093 11.633834 13 3
5310 0.000000128888 11.633471 13 3
5320 0.000000129269 11.631803 13 2
5330 0.000000128951 11.634116 13 3
5340 0.000000129125 11.632112 13 2
5350 0.000000129288 11.633710 13 3
5360 0.000000129118 11.631778 13 2
5370 0.000000129144 11.632181 13 3
5380 0.000000129045 11.638046 13 3
5390 0.000000129295 11.640189 13 3
5400 0.000000129312 11.638383 13 2
5410 0.000000129176 11.638824 13 2
5420 0.000000128879 11.640352 13 4
5430 0.000000129172 11.638112 13 3
5440 0.000000129086 11.639945 13 3
5450 0.000000129152 11.641316 13 2
5460 0.000000129296 11.639344 13 3
5470 0.000000129220 11.639845 13 3
5480 0.000000130499 11.640088 13 2
5490 0.000000130050 11.640393 13 2
5500 0.000000129490 11.642055 13 3
5510 0.000000129020 11.641833 13 3
5520 0.000000129288 11.642779 13 3
5530 0.000000129215 11.642378 13 3
5540 0.000000130951 11.640845 13 3
5550 0.000000129242 11.642647 13 3
5560 0.000000129290 11.642165 13 3
5570 0.000000129671 11.641325 13 1
5580 0.000000129200 11.642550 13 3
5590 0.000000129716 11.642081 13 3
5600 0.000000129351 11.642957 13 2
5610 0.000000129618 11.641927 13 4
5620 0.000000129441 11.643020 13 3
5630 0.000000129450 11.643959 13 3
5640 0.000000129867 11.672585 13 3
5650 0.000000131097 11.675384 13 4
5660 0.000000129704 11.672521 13 3
5670 0.000000129319 11.673090 13 2
5680 0.000000129738 11.674174 13 3
5690 0.000000129494 11.674601 13 3
5700 0.000000129584 11.671261 13 3
5710 0.000000129598 11.674895 13 3
5720 0.000000129434 11.673776 13 2
5730 0.000000129766 11.676243 13 3
5740 0.000000129623 11.674017 13 2
5750 0.000000131108 11.675282 13 3
5760 0.000000131138 11.676194 13 3
5770 0.000000129732 11.674099 13 4
5780 0.000000129437 11.675337 13 3
5790 0.000000129689 11.676036 13 2
5800 0.000000129474 11.674217 13 4
5810 0.000000129651 11.675220 13 3
5820 0.000000129558 11.675332 13 3
5830 0.000000129760 11.675324 13 3
5840 0.000000129642 11.675791 13 2
5850 0.000000129773 11.673432 13 4
5860 0.000000129637 11.675444 13 3
5870 0.000000129938 11.675612 13 2
5880 0.000000130045 11.675497 13 2
5890 0.000000129734 11.682993 13 1
5900 0.000000130013 11.684956 13 3
5910 0.000000129767 11.686059 13 3
5920 0.000000129370 11.684144 13 3
5930 0.000000129801 11.684349 13 3
5940 0.000000129611 11.685175 13 3
5950 0.000000129776 11.685667 13 3
5960 0.000000129809 11.683493 13 4
5970 0.000000129726 11.684583 13 3
5980 0.000000129804 11.686574 13 1
5990 0.000000129776 11.685297 13 3
6000 0.000000129760 11.684988 13 3
6010 0.000000130156 11.686005 13 4
6020 0.000000129655 11.688025 13 3
6030 0.000000129915 11.688386 13 2
6040 0.000000129960 11.687637 13 3
6050 0.000000131112 11.687441 13 3
6060 0.000000130176 11.688195 13 2
6070 0.000000130012 11.685677 13 3
6080 0.000000129775 11.688299 13 3
6090 0.000000129971 11.686581 13 3
6100 0.000000130271 11.687403 13 1
6110 0.000000130065 11.689548 13 3
6120 0.000000129750 11.687263 13 3
6130 0.000000129771 11.687000 13 3
6140 0.000000129765 11.687314 13 3
6150 0.000000133264 12.110350 13 4
6160 0.000000133124 12.111057 13 3
6170 0.000000133208 12.110408 13 3
6180 0.000000133262 12.111489 13 3
6190 0.000000133125 12.110974 13 3
6200 0.000000133213 12.109139 13 2
6210 0.000000133199 12.111783 13 3
6220 0.000000133111 12.111547 13 1
6230 0.000000133226 12.111098 13 2
6240 0.000000133205 12.111428 13 2
6250 0.000000133484 12.110683 13 4
6260 0.000000134558 12.111212 13 3
6270 0.000000133380 12.108694 13 3
6280 0.000000133403 12.113965 13 2
6290 0.000000133411 12.111639 13 4
6300 0.000000133225 12.110933 13 2
6310 0.000000133186 12.109542 13 3
6320 0.000000133390 12.109785 13 3
6330 0.000000133208 12.110145 13 3
6340 0.000000133270 12.110103 13 3
6350 0.000000133141 12.111424 13 3
6360 0.000000133487 12.110907 13 3
6370 0.000000133463 12.111835 13 3
6380 0.000000133280 12.112238 13 4
6390 0.000000133154 12.112354 13 3
6400 0.000000133487 12.115531 13 2
6410 0.000000133536 12.115087 13 3
6420 0.000000133530 12.113710 13 4
6430 0.000000134306 12.114330 13 2
6440 0.000000133436 12.115154 13 4
6450 0.000000133505 12.114971 13 3
6460 0.000000133546 12.113746 13 2
6470 0.000000133343 12.115122 13 2
6480 0.000000133378 12.115679 13 3
6490 0.000000133275 12.113727 13 3
6500 0.000000133402 12.113369 13 4
6510 0.000000133700 12.113029 13 3
6520 0.000000133622 12.113133 13 3
6530 0.000000133283 12.114907 13 2
6540 0.000000133318 12.115099 13 3
6550 0.000000133328 12.115162 13 3
6560 0.000000133515 12.114762 13 3
6570 0.000000133543 12.116715 13 3
6580 0.000000133285 12.117597 13 2
6590 0.000000133313 12.116598 13 2
6600 0.000000133368 12.118211 13 3
6610 0.000000133292 12.115127 13 4
6620 0.000000133443 12.117382 13 3
6630 0.000000133313 12.115872 13 3
6640 0.000000133452 12.118611 13 3
6650 0.000000133446 12.116278 13 3
6660 0.000000133633 12.127338 13 3
6670 0.000000133537 12.128564 13 3
6680 0.000000133527 12.128289 13 4
6690 0.000000133525 12.128033 13 3
6700 0.000000133479 12.129743 13 3
6710 0.000000133469 12.128255 13 1
6720 0.000000133710 12.129829 13 3
6730 0.000000133655 12.127496 13 2
6740 0.000000133504 12.129547 13 3
6750 0.000000133476 12.128610 13 4
6760 0.000000133657 12.126833 13 3
6770 0.000000133678 12.130490 13 3
6780 0.000000133609 12.128984 13 4
6790 0.000000133597 12.129077 13 3
6800 0.000000133660 12.129974 13 3
6810 0.000000133602 12.128426 13 2
6820 0.000000133598 12.131216 13 3
6830 0.000000133731 12.128580 13 3
6840 0.000000133512 12.128868 13 4
6850 0.000000133616 12.129407 13 3
6860 0.000000133833 12.128767 13 3
6870 0.000000133611 12.131364 13 4
6880 0.000000134136 12.130532 13 1
6890 0.000000133529 12.130453 13 3
6900 0.000000133627 12.129942 13 2
6910 0.000000133458 12.130518 13 2
6920 0.000000133720 12.134848 13 3
6930 0.000000133792 12.133564 13 3
6940 0.000000133809 12.134017 13 2
6950 0.000000133524 12.135157 13 3
6960 0.000000133621 12.131828 13 2
6970 0.000000133561 12.133380 13 2
6980 0.000000133606 12.134622 13 2
6990 0.000000133614 12.135057 13 4
7000 0.000000133763 12.133386 13 5
7010 0.000000133681 12.135103 13 3
7020 0.000000133940 12.134302 13 4
7030 0.000000135064 12.134075 13 4
7040 0.000000137260 12.136526 13 3
7050 0.000000133733 12.136338 13 2
7060 0.000000133794 12.136285 13 3
7070 0.000000133602 12.135521 13 2
7080 0.000000133508 12.136742 13 3
7090 0.000000133779 12.134384 13 3
7100 0.000000133619 12.136577 13 2
7110 0.000000133733 12.136399 13 3
7120 0.000000133726 12.136730 13 4
7130 0.000000133680 12.135683 13 4
7140 0.000000133769 12.135863 13 3
7150 0.000000134334 12.136708 13 4
7160 0.000000134012 12.137425 13 3
7170 0.000000134629 12.199731 13 3
7180 0.000000134617 12.198889 13 2
7190 0.000000134566 12.199976 13 4
7200 0.000000134504 12.201110 13 3
7210 0.000000134448 12.200431 13 3
7220 0.000000134624 12.200911 13 3
7230 0.000000134560 12.201718 13 1
7240 0.000000134607 12.202355 13 4
7250 0.000000134716 12.200181 13 3
7260 0.000000134565 12.201428 13 4
7270 0.000000134714 12.201882 13 3
7280 0.000000134848 12.199121 13 3
7290 0.000000135159 12.200196 13 3
7300 0.000000134520 12.200793 13 4
7310 0.000000134459 12.201635 13 3
7320 0.000000134473 12.199919 13 4
7330 0.000000134479 12.202254 13 3
7340 0.000000134490 12.200933 13 3
7350 0.000000134613 12.201789 13 4
7360 0.000000134717 12.200504 13 3
7370 0.000000134653 12.200635 13 3
7380 0.000000134664 12.201316 13 4
7390 0.000000134696 12.200857 13 2
7400 0.000000134573 12.202949 13 3
7410 0.000000134724 12.200876 13 3
7420 0.000000134703 12.202535 13 3
7430 0.000000135954 12.203645 13 5
7440 0.000000134628 12.202388 13 3
7450 0.000000134639 12.203919 13 3
7460 0.000000134492 12.204121 13 3
7470 0.000000134577 12.203813 13 3
7480 0.000000134547 12.203400 13 3
7490 0.000000134677 12.204812 13 3
7500 0.000000134600 12.203833 13 4
7510 0.000000134559 12.204260 13 3
7520 0.000000134437 12.203519 13 2
7530 0.000000134555 12.204851 13 3
7540 0.000000134380 12.203463 13 4
7550 0.000000134814 12.204807 13 3
7560 0.000000134568 12.204546 13 3
7570 0.000000134814 12.204074 13 4
7580 0.000000134787 12.204294 13 4
7590 0.000000134799 12.205572 13 3
7600 0.000000134715 12.205153 13 3
7610 0.000000134628 12.204753 13 2
7620 0.000000134686 12.206307 13 2
7630 0.000000134791 12.206163 13 2
7640 0.000000134833 12.204877 13 2
7650 0.000000134657 12.204714 13 4
7660 0.000000134961 12.204851 13 4
7670 0.000000134772 12.206630 13 2
7680 0.000000134857 12.222099 13 3
7690 0.000000134937 12.220048 13 4
7700 0.000000134797 12.218996 13 3
7710 0.000000134792 12.219184 13 3
7720 0.000000134987 12.221343 13 2
7730 0.000000134960 12.220970 13 2
7740 0.000000134909 12.218755 13 3
7750 0.000000134902 12.220434 13 3
7760 0.000000134829 12.220457 13 3
7770 0.000000134777 12.217683 13 4
7780 0.000000135002 12.220447 13 2
7790 0.000000134853 12.220145 13 3
7800 0.000000135101 12.219573 13 4
7810 0.000000135212 12.221186 13 3
7820 0.000000134958 12.220565 13 3
7830 0.000000134834 12.219614 13 3
7840 0.000000134852 12.221707 13 4
7850 0.000000134926 12.221797 13 3
7860 0.000000134977 12.219884 13 3
7870 0.000000134747 12.222399 13 3
7880 0.000000134686 12.221916 13 4
7890 0.000000134787 12.218975 13 3
7900 0.000000134860 12.220213 13 2
7910 0.000000139000 12.222823 13 2
7920 0.000000134998 12.221380 13 3
7930 0.000000134948 12.221255 13 2
7940 0.000000135063 12.225830 13 4
7950 0.000000134964 12.224707 13 2
7960 0.000000134947 12.223261 13 3
7970 0.000000134798 12.225813 13 4
7980 0.000000134812 12.224449 13 3
7990 0.000000135047 12.224456 13 3
8000 0.000000134834 12.225535 13 2
8010 0.000000134914 12.227071 13 4
8020 0.000000134914 12.223531 13 3
8030 0.000000134802 12.224362 13 4
8040 0.000000134961 12.225724 13 3
8050 0.000000135036 12.224493 13 4
8060 0.000000134775 12.224474 13 2
8070 0.000000134871 12.223501 13 4
8080 0.000000134841 12.226969 13 2
8090 0.000000134983 12.226273 13 2
8100 0.000000134875 12.225170 13 3
8110 0.000000134854 12.225908 13 2
8120 0.000000134938 12.227101 13 3
8130 0.000000134900 12.225738 13 4
8140 0.000000134986 12.227733 13 4
8150 0.000000135071 12.225930 13 4
8160 0.000000135024 12.226202 13 3
8170 0.000000134770 12.227614 13 2
8180 0.000000134931 12.225765 13 3
8190 0.000000134933 12.226352 13 2
8200 0.000000136587 12.433862 13 4
8210 0.000000136440 12.432963 14 2
8220 0.000000136343 12.432692 14 3
8230 0.000000136339 12.432752 14 3
8240 0.000000136357 12.432726 14 3
8250 0.000000136390 12.433259 14 3
8260 0.000000136403 12.433206 14 2
8270 0.000000136376 12.433543 14 3
8280 0.000000136452 12.434437 14 2
8290 0.000000136435 12.432766 14 2
8300 0.000000136425 12.432231 14 4
8310 0.000000136577 12.434878 14 4
8320 0.000000136433 12.433268 14 2
8330 0.000000136473 12.432475 14 3
8340 0.000000136211 12.432681 14 3
8350 0.000000136256 12.434505 14 2
8360 0.000000136608 12.433451 14 2
8370 0.000000136454 12.432528 14 2
8380 0.000000136366 12.432847 14 2
8390 0.000000136572 12.433820 14 2
8400 0.000000136425 12.433693 14 3
8410 0.000000136452 12.432570 14 3
8420 0.000000136492 12.434080 14 4
8430 0.000000136482 12.433843 14 4
8440 0.000000136587 12.433893 14 3
8450 0.000000136524 12.436391 14 4
8460 0.000000136397 12.435252 14 2
8470 0.000000136771 12.434921 14 1
8480 0.000000136674 12.435662 14 3
8490 0.000000137514 12.435379 14 2
8500 0.000000136466 12.436422 14 2
8510 0.000000136463 12.434355 14 3
8520 0.000000136611 12.435907 14 4
8530 0.000000136230 12.436280 14 3
8540 0.000000136267 12.435683 14 3
8550 0.000000136229 12.435106 14 4
8560 0.000000136631 12.437318 14 2
8570 0.000000136588 12.436333 14 1
8580 0.000000137297 12.437298 14 3
8590 0.000000136406 12.438219 14 3
8600 0.000000136385 12.438495 14 2
8610 0.000000136838 12.436561 14 2
8620 0.000000136366 12.437342 14 2
8630 0.000000136248 12.436384 14 4
8640 0.000000136381 12.436214 14 3
8650 0.000000136256 12.437185 14 3
8660 0.000000136552 12.438933 14 3
8670 0.000000136429 12.438300 14 4
8680 0.000000136439 12.437507 14 3
8690 0.000000136452 12.438059 14 2
8700 0.000000136449 12.437126 14 1
8710 0.000000141139 12.447698 14 1
8720 0.000000140910 12.445766 14 2
8730 0.000000140837 12.444863 14 3
8740 0.000000136565 12.445632 14 1
8750 0.000000136323 12.445863 14 3
8760 0.000000136313 12.446087 14 2
8770 0.000000136312 12.446453 14 2
8780 0.000000136378 12.444997 14 4
8790 0.000000136755 12.445868 14 3
8800 0.000000136780 12.446678 14 2
8810 0.000000136692 12.447551 14 2
8820 0.000000136569 12.445005 14 3
8830 0.000000136674 12.446686 14 4
8840 0.000000136644 12.446661 14 3
8850 0.000000136752 12.447563 14 3
8860 0.000000136704 12.447079 14 1
8870 0.000000136638 12.447045 14 3
8880 0.000000136730 12.448007 14 3
8890 0.000000136868 12.446836 14 3
8900 0.000000136857 12.445870 14 3
8910 0.000000136766 12.447204 14 4
8920 0.000000136586 12.446734 14 3
8930 0.000000136404 12.447461 14 4
8940 0.000000136601 12.447634 14 4
8950 0.000000136782 12.447928 14 3
8960 0.000000136718 12.450103 14 3
8970 0.000000136920 12.450935 14 4
8980 0.000000136758 12.450178 14 4
8990 0.000000145835 12.451547 14 3
9000 0.000000137646 12.450313 14 3
9010 0.000000136579 12.449845 14 2
9020 0.000000136657 12.450645 14 3
9030 0.000000136582 12.450183 14 2
9040 0.000000136601 12.450886 14 3
9050 0.000000137089 12.451901 14 3
9060 0.000000136679 12.451129 14 4
9070 0.000000136654 12.449002 14 4
9080 0.000000136620 12.450126 14 4
9090 0.000000136566 12.453014 14 3
9100 0.000000136901 12.451005 14 3
9110 0.000000136668 12.452401 14 4
9120 0.000000136680 12.453067 14 2
9130 0.000000136743 12.451531 14 3
9140 0.000000136713 12.451746 14 1
9150 0.000000136913 12.452619 14 4
9160 0.000000136552 12.451939 14 3
9170 0.000000136685 12.451570 14 3
9180 0.000000136796 12.452408 14 4
9190 0.000000137540 12.452403 14 4
9200 0.000000136722 12.452178 14 2
9210 0.000000136735 12.453050 14 4
9220 0.000000137184 12.484424 14 4
9230 0.000000137390 12.485160 14 4
9240 0.000000137367 12.484760 14 1
9250 0.000000137255 12.485190 14 4
9260 0.000000137124 12.485469 14 3
9270 0.000000137225 12.485215 14 2
9280 0.000000137273 12.485631 14 3
9290 0.000000138250 12.486131 14 3
9300 0.000000137215 12.484467 14 4
9310 0.000000137095 12.485953 14 3
9320 0.000000137135 12.485425 14 3
9330 0.000000137279 12.484904 14 4
9340 0.000000144780 12.484873 14 2
9350 0.000000141907 12.484856 14 4
9360 0.000000141422 12.486179 14 4
9370 0.000000137553 12.484936 14 4
9380 0.000000137106 12.487170 14 3
9390 0.000000137145 12.487669 14 4
9400 0.000000137387 12.484786 14 3
9410 0.000000137458 12.485821 14 3
9420 0.000000136844 12.485358 14 3
9430 0.000000142337 12.486297 14 3
9440 0.000000137390 12.486700 14 3
9450 0.000000137372 12.486255 14 2
9460 0.000000137109 12.486297 14 3
9470 0.000000137127 12.485180 14 4
9480 0.000000137228 12.487936 14 2
9490 0.000000136956 12.487430 14 2
9500 0.000000137022 12.487451 14 3
9510 0.000000136955 12.487959 14 3
9520 0.000000137212 12.487965 14 4
9530 0.000000137176 12.487410 14 3
9540 0.000000137193 12.487851 14 4
9550 0.000000137164 12.489120 14 3
9560 0.000000137247 12.487523 14 4
9570 0.000000138377 12.487565 14 3
9580 0.000000137356 12.488646 14 4
9590 0.000000137271 12.488877 14 3
9600 0.000000137175 12.490412 14 3
9610 0.000000137184 12.490066 14 3
9620 0.000000137242 12.488204 14 2
9630 0.000000138095 12.491388 14 4
9640 0.000000137125 12.489489 14 4
9650 0.000000136619 12.489333 14 4
9660 0.000000137297 12.488567 14 3
9670 0.000000137362 12.488841 14 3
9680 0.000000137189 12.489113 14 3
9690 0.000000137203 12.488312 14 4
9700 0.000000137370 12.488686 14 3
9710 0.000000137277 12.487722 14 1
9720 0.000000137303 12.489438 14 4
9730 0.000000137287 12.500370 14 4
9740 0.000000137458 12.500028 14 3
9750 0.000000137367 12.500032 14 2
9760 0.000000137279 12.500609 14 3
9770 0.000000137402 12.500401 14 3
9780 0.000000137419 12.500759 14 2
9790 0.000000137280 12.500281 14 2
9800 0.000000137366 12.500145 14 2
9810 0.000000137264 12.500230 14 3
9820 0.000000137317 12.499934 14 5
9830 0.000000137299 12.500503 14 4
9840 0.000000138848 12.501090 14 4
9850 0.000000137255 12.500688 14 4
9860 0.000000137211 12.500530 14 4
9870 0.000000137298 12.501147 14 4
9880 0.000000137393 12.501616 14 3
9890 0.000000137278 12.499693 14 4
9900 0.000000137365 12.501060 14 3
9910 0.000000137397 12.500161 14 4
9920 0.000000137519 12.501095 14 3
9930 0.000000137374 12.501479 14 3
9940 0.000000137284 12.500407 14 4
9950 0.000000137239 12.501510 14 4
9960 0.000000137237 12.501037 14 3
9970 0.000000137283 12.498271 14 2
9980 0.000000137348 12.500048 14 2
9990 0.000000137475 12.504318 14 4
10000 0.000000137821 12.505247 14 4
