1000 0.000000103612 9.224728 10 1
1010 0.000000103475 9.226018 10 1
1020 0.000000105430 9.226863 10 1
1030 0.000000105154 9.433658 11 1
1040 0.000000106472 9.433973 11 1
1050 0.000000105385 9.434591 11 1
1060 0.000000105366 9.436758 11 1
1070 0.000000105266 9.437228 11 1
1080 0.000000105342 9.438029 11 1
1090 0.000000105601 9.446578 11 1
1100 0.000000105455 9.446925 11 1
1110 0.000000105540 9.447525 11 1
1120 0.000000105548 9.451097 11 1
1130 0.000000105543 9.451055 11 1
1140 0.000000106120 9.452220 11 1
1150 0.000000105545 9.452677 11 1
1160 0.000000112030 9.486209 11 1
1170 0.000000105987 9.486119 11 1
1180 0.000000106143 9.486436 11 1
1190 0.000000106137 9.488757 11 1
1200 0.000000106121 9.489554 11 1
1210 0.000000106120 9.489673 11 1
1220 0.000000106230 9.500629 11 1
1230 0.000000106221 9.501174 11 1
1240 0.000000106124 9.501663 11 1
1250 0.000000107315 9.504555 11 1
1260 0.000000106362 9.505272 11 1
1270 0.000000106231 9.505788 11 1
1280 0.000000108836 9.631005 11 1
1290 0.000000108108 9.631360 11 1
1300 0.000000108232 9.631553 11 1
1310 0.000000108178 9.632138 11 1
1320 0.000000110881 9.633445 11 1
1330 0.000000112169 9.633392 11 1
1340 0.000000108131 9.633954 11 1
1350 0.000000108295 9.639373 11 1
1360 0.000000108490 9.639766 11 1
1370 0.000000111016 9.640154 11 1
1380 0.000000108214 9.641683 11 1
1390 0.000000108219 9.642294 11 1
1400 0.000000108324 9.642763 11 1
1410 0.000000108512 9.673908 11 1
1420 0.000000109871 9.674220 11 1
1430 0.000000108718 9.674283 11 1
1440 0.000000108659 9.675553 11 1
1450 0.000000108592 9.676025 11 1
1460 0.000000109588 9.675789 11 1
1470 0.000000108698 9.676263 11 1
1480 0.000000108835 9.684655 11 1
1490 0.000000108762 9.684793 11 1
1500 0.000000109312 9.684967 11 1
1510 0.000000112239 9.687221 11 1
1520 0.000000108744 9.687919 11 1
1530 0.000000108697 9.688422 11 1
1540 0.000000114228 10.110463 11 1
1550 0.000000112486 10.109901 11 1
1560 0.000000112510 10.110911 11 1
1570 0.000000112477 10.111764 11 1
1580 0.000000112508 10.111513 11 1
1590 0.000000112496 10.111706 11 1
1600 0.000000112546 10.114607 11 1
1610 0.000000112673 10.114553 11 1
1620 0.000000112681 10.114725 11 1
1630 0.000000112802 10.114941 11 1
1640 0.000000112941 10.116452 11 1
1650 0.000000112708 10.116659 11 1
1660 0.000000112669 10.116547 11 1
1670 0.000000113018 10.129347 11 1
1680 0.000000116471 10.129050 11 1
1690 0.000000114670 10.129244 11 1
1700 0.000000115242 10.129773 11 1
1710 0.000000112773 10.130517 11 1
1720 0.000000116998 10.130148 11 1
1730 0.000000113091 10.134375 11 1
1740 0.000000112940 10.134488 11 1
1750 0.000000112911 10.134496 11 1
1760 0.000000115963 10.135640 11 1
1770 0.000000112926 10.136092 11 1
1780 0.000000117892 10.136176 11 1
1790 0.000000119102 10.136250 11 1
1800 0.000000113794 10.201146 11 1
1810 0.000000113834 10.201180 11 1
1820 0.000000113832 10.201187 11 1
1830 0.000000113831 10.201790 11 1
1840 0.000000113761 10.201715 11 1
1850 0.000000117519 10.201959 11 1
1860 0.000000113921 10.204207 11 1
1870 0.000000117400 10.204299 11 1
1880 0.000000113953 10.204593 11 1
1890 0.000000113938 10.205259 11 1
1900 0.000000114162 10.205045 11 1
1910 0.000000113932 10.205435 11 1
1920 0.000000114130 10.220576 11 1
1930 0.000000118603 10.220410 11 1
1940 0.000000114220 10.219954 11 1
1950 0.000000119498 10.220276 11 1
1960 0.000000114058 10.220970 11 1
1970 0.000000114140 10.221367 11 1
1980 0.000000117621 10.221122 11 1
1990 0.000000114061 10.224598 11 1
2000 0.000000114157 10.224817 11 1
2010 0.000000114530 10.224872 11 1
2020 0.000000114849 10.225893 11 1
2030 0.000000114168 10.225931 11 1
2040 0.000000114190 10.226601 11 1
2050 0.000000115931 10.433142 12 1
2060 0.000000116237 10.432777 12 1
2070 0.000000115882 10.433427 12 1
2080 0.000000115842 10.434080 12 1
2090 0.000000116406 10.433981 12 1
2100 0.000000115837 10.433838 12 1
2110 0.000000115901 10.434357 12 1
2120 0.000000116103 10.436171 12 1
2130 0.000000115847 10.436206 12 1
2140 0.000000115973 10.436546 12 1
2150 0.000000116177 10.437601 12 1
2160 0.000000117597 10.437674 12 1
2170 0.000000117414 10.438192 12 1
2180 0.000000115957 10.446510 12 1
2190 0.000000115990 10.446151 12 1
2200 0.000000115996 10.446293 12 1
2210 0.000000116030 10.447054 12 1
2220 0.000000115993 10.447021 12 1
2230 0.000000115991 10.447350 12 1
2240 0.000000116007 10.450609 12 1
2250 0.000000115973 10.450793 12 1
2260 0.000000116037 10.451147 12 1
2270 0.000000116437 10.450780 12 1
2280 0.000000116015 10.451756 12 1
2290 0.000000116011 10.452276 12 1
2300 0.000000116039 10.452601 12 1
2310 0.000000116566 10.485703 12 1
2320 0.000000116534 10.485259 12 1
2330 0.000000116688 10.485631 12 1
2340 0.000000116749 10.486269 12 1
2350 0.000000116749 10.486133 12 1
2360 0.000000116880 10.486641 12 1
2370 0.000000116534 10.488599 12 1
2380 0.000000116568 10.488393 12 1
2390 0.000000116507 10.488590 12 1
2400 0.000000116504 10.489030 12 1
2410 0.000000116709 10.489209 12 1
2420 0.000000116557 10.489623 12 1
2430 0.000000116523 10.489681 12 1
2440 0.000000116571 10.500313 12 1
2450 0.000000116622 10.500658 12 1
2460 0.000000116689 10.500564 12 1
2470 0.000000116580 10.500889 12 1
2480 0.000000117142 10.501238 12 1
2490 0.000000118786 10.501130 12 1
2500 0.000000116849 10.504133 12 1
2510 0.000000116693 10.504470 12 1
2520 0.000000116753 10.504450 12 1
2530 0.000000116718 10.505423 12 1
2540 0.000000116636 10.505153 12 1
2550 0.000000116648 10.505872 12 1
2560 0.000000118448 10.630895 12 1
2570 0.000000118535 10.631083 12 1
2580 0.000000118515 10.631082 12 1
2590 0.000000118682 10.631184 12 1
2600 0.000000118436 10.631440 12 1
2610 0.000000118616 10.631600 12 1
2620 0.000000118504 10.631534 12 1
2630 0.000000118557 10.632782 12 1
2640 0.000000118484 10.632871 12 1
2650 0.000000118566 10.633130 12 1
2660 0.000000118861 10.633389 12 1
2670 0.000000118504 10.633445 12 1
2680 0.000000118472 10.633658 12 1
2690 0.000000119045 10.639493 12 1
2700 0.000000118676 10.639117 12 1
2710 0.000000118801 10.639194 12 1
2720 0.000000118606 10.639500 12 1
2730 0.000000118673 10.639916 12 1
2740 0.000000118910 10.640058 12 1
2750 0.000000118935 10.639884 12 1
2760 0.000000118640 10.641686 12 1
2770 0.000000118712 10.641646 12 1
2780 0.000000118701 10.641682 12 1
2790 0.000000118624 10.642712 12 1
2800 0.000000118654 10.642643 12 1
2810 0.000000118659 10.642876 12 1
2820 0.000000118896 10.673950 12 1
2830 0.000000118958 10.673910 12 1
2840 0.000000119035 10.673731 12 1
2850 0.000000118933 10.673952 12 1
2860 0.000000119144 10.673880 12 1
2870 0.000000118997 10.674124 12 1
2880 0.000000118949 10.675421 12 1
2890 0.000000119010 10.675384 12 1
2900 0.000000119005 10.675629 12 1
2910 0.000000118964 10.675360 12 1
2920 0.000000119014 10.675872 12 1
2930 0.000000118963 10.676210 12 1
2940 0.000000118959 10.676217 12 1
2950 0.000000119085 10.684093 12 1
2960 0.000000119147 10.683961 12 1
2970 0.000000119164 10.684634 12 1
2980 0.000000119164 10.684719 12 1
2990 0.000000119117 10.684848 12 1
3000 0.000000119166 10.684787 12 1
3010 0.000000119221 10.686920 12 1
3020 0.000000119456 10.687066 12 1
3030 0.000000119116 10.687165 12 1
3040 0.000000119867 10.687879 12 1
3050 0.000000119041 10.687968 12 1
3060 0.000000118989 10.688077 12 1
3070 0.000000119000 10.687972 12 1
3080 0.000000122822 11.110287 12 1
3090 0.000000122738 11.110248 12 1
3100 0.000000122682 11.110206 12 1
3110 0.000000122751 11.110654 12 1
3120 0.000000122745 11.110674 12 1
3130 0.000000122750 11.110543 12 1
3140 0.000000122816 11.111380 12 1
3150 0.000000122739 11.111522 12 1
3160 0.000000130671 11.111418 12 1
3170 0.000000123982 11.111612 12 1
3180 0.000000122802 11.111839 12 1
3190 0.000000122780 11.112076 12 1
3200 0.000000122829 11.114692 12 1
3210 0.000000122827 11.114739 12 1
3220 0.000000123587 11.114647 12 1
3230 0.000000122993 11.114746 12 1
3240 0.000000122889 11.114757 12 1
3250 0.000000122783 11.114685 12 1
3260 0.000000122874 11.114938 12 1
3270 0.000000122952 11.115945 12 1
3280 0.000000122983 11.116022 12 1
3290 0.000000123013 11.116001 12 1
3300 0.000000122915 11.116391 12 1
3310 0.000000122824 11.116309 12 1
3320 0.000000123058 11.116446 12 1
3330 0.000000123142 11.128708 12 1
3340 0.000000123062 11.128906 12 1
3350 0.000000123155 11.128951 12 1
3360 0.000000123134 11.128734 12 1
3370 0.000000123087 11.129116 12 1
3380 0.000000123152 11.129075 12 1
3390 0.000000123184 11.129181 12 1
3400 0.000000123074 11.130088 12 1
3410 0.000000123240 11.130122 12 1
3420 0.000000123354 11.129673 12 1
3430 0.000000123123 11.130165 12 1
3440 0.000000123179 11.130132 12 1
3450 0.000000123190 11.130131 12 1
3460 0.000000123165 11.134160 12 1
3470 0.000000123209 11.134290 12 1
3480 0.000000123271 11.134493 12 1
3490 0.000000123156 11.134278 12 1
3500 0.000000123232 11.134642 12 1
3510 0.000000123235 11.134777 12 1
3520 0.000000123207 11.135730 12 1
3530 0.000000123487 11.135370 12 1
3540 0.000000123392 11.135571 12 1
3550 0.000000123243 11.135710 12 1
3560 0.000000123402 11.136558 12 1
3570 0.000000123427 11.136423 12 1
3580 0.000000123181 11.136418 12 1
3590 0.000000124081 11.200928 12 1
3600 0.000000124054 11.200944 12 1
3610 0.000000123973 11.201082 12 1
3620 0.000000124135 11.201251 12 1
3630 0.000000124099 11.200976 12 1
3640 0.000000124007 11.201079 12 1
3650 0.000000124206 11.201388 12 1
3660 0.000000124255 11.201645 12 1
3670 0.000000124019 11.201859 12 1
3680 0.000000124141 11.201867 12 1
3690 0.000000124121 11.201921 12 1
3700 0.000000123991 11.201743 12 1
3710 0.000000129181 11.201856 12 1
3720 0.000000125211 11.203988 12 1
3730 0.000000124106 11.204068 12 1
3740 0.000000124029 11.204100 12 1
3750 0.000000124103 11.204371 12 1
3760 0.000000124196 11.204388 12 1
3770 0.000000124035 11.204433 12 1
3780 0.000000124358 11.204898 12 1
3790 0.000000124182 11.205122 12 1
3800 0.000000124256 11.205194 12 1
3810 0.000000125574 11.205551 12 1
3820 0.000000124111 11.205348 12 1
3830 0.000000124153 11.205336 12 1
3840 0.000000124385 11.220079 12 1
3850 0.000000124449 11.220163 12 1
3860 0.000000124448 11.220432 12 1
3870 0.000000124489 11.220335 12 1
3880 0.000000124441 11.220139 12 1
3890 0.000000124562 11.220485 12 1
3900 0.000000125549 11.220183 12 1
3910 0.000000129370 11.220753 12 1
3920 0.000000124524 11.220861 12 1
3930 0.000000127030 11.220838 12 1
3940 0.000000124381 11.221061 12 1
3950 0.000000124454 11.220963 12 1
3960 0.000000125981 11.221270 12 1
3970 0.000000124526 11.224928 12 1
3980 0.000000124372 11.224629 12 1
3990 0.000000124588 11.225087 12 1
4000 0.000000124587 11.224970 12 1
4010 0.000000124544 11.224757 12 1
4020 0.000000124904 11.225006 12 1
4030 0.000000124471 11.224797 12 1
4040 0.000000124950 11.225989 12 1
4050 0.000000124492 11.225754 12 1
4060 0.000000124530 11.225687 12 1
4070 0.000000124510 11.226150 12 1
4080 0.000000124392 11.226245 12 1
4090 0.000000124613 11.226220 12 1
4100 0.000000126279 11.432868 13 1
4110 0.000000126096 11.432897 13 1
4120 0.000000126156 11.433047 13 1
4130 0.000000126138 11.432928 13 1
4140 0.000000126092 11.432948 13 1
4150 0.000000126084 11.433023 13 1
4160 0.000000126107 11.433798 13 1
4170 0.000000126096 11.433585 13 1
4180 0.000000126119 11.433506 13 1
4190 0.000000126162 11.433924 13 1
4200 0.000000126140 11.433728 13 1
4210 0.000000126186 11.434059 13 1
4220 0.000000126202 11.434127 13 1
4230 0.000000127103 11.436067 13 1
4240 0.000000126269 11.435904 13 1
4250 0.000000126160 11.435990 13 1
4260 0.000000126557 11.436322 13 1
4270 0.000000126267 11.436352 13 1
4280 0.000000126383 11.436466 13 1
4290 0.000000126344 11.437231 13 1
4300 0.000000126468 11.437277 13 1
4310 0.000000126242 11.437338 13 1
4320 0.000000126296 11.437560 13 1
4330 0.000000126740 11.437691 13 1
4340 0.000000126275 11.437984 13 1
4350 0.000000126252 11.437970 13 1
4360 0.000000126515 11.446146 13 1
4370 0.000000126456 11.446252 13 1
4380 0.000000126467 11.446070 13 1
4390 0.000000126542 11.446160 13 1
4400 0.000000126555 11.446332 13 1
4410 0.000000126444 11.446474 13 1
4420 0.000000126486 11.447023 13 1
4430 0.000000126437 11.446729 13 1
4440 0.000000126446 11.446866 13 1
4450 0.000000126417 11.447281 13 1
4460 0.000000126493 11.447215 13 1
4470 0.000000126446 11.447235 13 1
4480 0.000000126766 11.450298 13 1
4490 0.000000126622 11.450406 13 1
4500 0.000000126621 11.450190 13 1
4510 0.000000126458 11.450623 13 1
4520 0.000000126494 11.450616 13 1
4530 0.000000126554 11.450624 13 1
4540 0.000000126659 11.450784 13 1
4550 0.000000126512 11.452030 13 1
4560 0.000000126488 11.451898 13 1
4570 0.000000126452 11.451959 13 1
4580 0.000000126634 11.452103 13 1
4590 0.000000126602 11.452170 13 1
4600 0.000000126605 11.452129 13 1
4610 0.000000126854 11.485313 13 1
4620 0.000000126861 11.485468 13 1
4630 0.000000126795 11.485342 13 1
4640 0.000000126839 11.485596 13 1
4650 0.000000126828 11.485671 13 1
4660 0.000000126856 11.485792 13 1
4670 0.000000126842 11.485551 13 1
4680 0.000000126925 11.486255 13 1
4690 0.000000127245 11.486063 13 1
4700 0.000000127838 11.486061 13 1
4710 0.000000127862 11.486081 13 1
4720 0.000000127820 11.486272 13 1
4730 0.000000126801 11.486369 13 1
4740 0.000000128767 11.488338 13 1
4750 0.000000127293 11.488097 13 1
4760 0.000000129066 11.488193 13 1
4770 0.000000127049 11.488420 13 1
4780 0.000000126919 11.488577 13 1
4790 0.000000126952 11.488331 13 1
4800 0.000000126883 11.489197 13 1
4810 0.000000126907 11.489233 13 1
4820 0.000000126866 11.489277 13 1
4830 0.000000126919 11.489254 13 1
4840 0.000000126913 11.489516 13 1
4850 0.000000127272 11.489435 13 1
4860 0.000000126870 11.489416 13 1
4870 0.000000127022 11.500007 13 1
4880 0.000000127759 11.500234 13 1
4890 0.000000126943 11.500287 13 1
4900 0.000000126956 11.500148 13 1
4910 0.000000127016 11.500197 13 1
4920 0.000000126943 11.500451 13 1
4930 0.000000127787 11.500529 13 1
4940 0.000000127063 11.500898 13 1
4950 0.000000127005 11.500836 13 1
4960 0.000000127057 11.501147 13 1
4970 0.000000134964 11.501206 13 1
4980 0.000000140175 11.501163 13 1
4990 0.000000130394 11.501215 13 1
5000 0.000000127036 11.504439 13 1
5010 0.000000126988 11.504234 13 1
5020 0.000000127072 11.504512 13 1
5030 0.000000127047 11.504650 13 1
5040 0.000000127065 11.504294 13 1
5050 0.000000126975 11.504571 13 1
5060 0.000000126992 11.505417 13 1
5070 0.000000126979 11.505222 13 1
5080 0.000000127006 11.505625 13 1
5090 0.000000127014 11.505656 13 1
5100 0.000000127205 11.505945 13 1
5110 0.000000127160 11.505722 13 1
5120 0.000000129046 11.630906 13 1
5130 0.000000128739 11.630895 13 1
5140 0.000000128834 11.630956 13 1
5150 0.000000128744 11.630849 13 1
5160 0.000000128894 11.631073 13 1
5170 0.000000128838 11.631090 13 1
5180 0.000000128779 11.631157 13 1
5190 0.000000128756 11.631316 13 1
5200 0.000000128930 11.631486 13 1
5210 0.000000128764 11.631278 13 1
5220 0.000000129144 11.631191 13 1
5230 0.000000128759 11.631556 13 1
5240 0.000000128807 11.631619 13 1
5250 0.000000128772 11.632756 13 1
5260 0.000000128865 11.632854 13 1
5270 0.000000128832 11.632569 13 1
5280 0.000000128914 11.633094 13 1
5290 0.000000128756 11.632905 13 1
5300 0.000000128848 11.632890 13 1
5310 0.000000128760 11.632855 13 1
5320 0.000000128838 11.633173 13 1
5330 0.000000128771 11.633518 13 1
5340 0.000000128842 11.633306 13 1
5350 0.000000128790 11.633780 13 1
5360 0.000000128826 11.633642 13 1
5370 0.000000128852 11.633720 13 1
5380 0.000000128921 11.639097 13 1
5390 0.000000128934 11.639038 13 1
5400 0.000000130808 11.639112 13 1
5410 0.000000129286 11.639067 13 1
5420 0.000000128939 11.639210 13 1
5430 0.000000128971 11.639105 13 1
5440 0.000000128894 11.639669 13 1
5450 0.000000128960 11.639437 13 1
5460 0.000000128879 11.639535 13 1
5470 0.000000128941 11.639534 13 1
5480 0.000000129000 11.639933 13 1
5490 0.000000129044 11.639578 13 1
5500 0.000000128898 11.639847 13 1
5510 0.000000128989 11.641689 13 1
5520 0.000000128864 11.641638 13 1
5530 0.000000128954 11.641574 13 1
5540 0.000000128861 11.641827 13 1
5550 0.000000129054 11.641908 13 1
5560 0.000000129026 11.641721 13 1
5570 0.000000129061 11.642444 13 1
5580 0.000000129021 11.642458 13 1
5590 0.000000129084 11.642477 13 1
5600 0.000000129780 11.642639 13 1
5610 0.000000130527 11.642703 13 1
5620 0.000000128957 11.642744 13 1
5630 0.000000129180 11.642805 13 1
5640 0.000000129274 11.673642 13 1
5650 0.000000129345 11.673840 13 1
5660 0.000000129270 11.673606 13 1
5670 0.000000129320 11.673778 13 1
5680 0.000000129239 11.673612 13 1
5690 0.000000129334 11.673733 13 1
5700 0.000000129271 11.674090 13 1
5710 0.000000129823 11.674079 13 1
5720 0.000000129458 11.674078 13 1
5730 0.000000129565 11.674251 13 1
5740 0.000000129261 11.674087 13 1
5750 0.000000129402 11.674126 13 1
5760 0.000000129287 11.675273 13 1
5770 0.000000129367 11.675374 13 1
5780 0.000000129300 11.675485 13 1
5790 0.000000129477 11.675319 13 1
5800 0.000000129303 11.675517 13 1
5810 0.000000129333 11.675641 13 1
5820 0.000000129275 11.675595 13 1
5830 0.000000129373 11.675916 13 1
5840 0.000000129280 11.675747 13 1
5850 0.000000129465 11.675910 13 1
5860 0.000000129612 11.676031 13 1
5870 0.000000129382 11.676038 13 1
5880 0.000000129322 11.676309 13 1
5890 0.000000129438 11.684307 13 1
5900 0.000000129341 11.684283 13 1
5910 0.000000129362 11.684364 13 1
5920 0.000000129421 11.684408 13 1
5930 0.000000129528 11.684346 13 1
5940 0.000000129345 11.684380 13 1
5950 0.000000129405 11.684404 13 1
5960 0.000000129316 11.684492 13 1
5970 0.000000129663 11.684708 13 1
5980 0.000000129307 11.684648 13 1
5990 0.000000129557 11.684881 13 1
6000 0.000000129421 11.684914 13 1
6010 0.000000129419 11.684843 13 1
6020 0.000000129351 11.687052 13 1
6030 0.000000129442 11.687047 13 1
6040 0.000000129452 11.687126 13 1
6050 0.000000129515 11.687198 13 1
6060 0.000000129493 11.687099 13 1
6070 0.000000129439 11.687067 13 1
6080 0.000000129364 11.687603 13 1
6090 0.000000129499 11.687562 13 1
6100 0.000000129445 11.687488 13 1
6110 0.000000129466 11.687570 13 1
6120 0.000000129449 11.687844 13 1
6130 0.000000129792 11.688001 13 1
6140 0.000000129499 11.687852 13 1
6150 0.000000133240 12.110182 13 1
6160 0.000000133068 12.110504 13 1
6170 0.000000133379 12.110233 13 1
6180 0.000000132960 12.110387 13 1
6190 0.000000133101 12.110172 13 1
6200 0.000000133062 12.110495 13 1
6210 0.000000133101 12.110468 13 1
6220 0.000000132962 12.110560 13 1
6230 0.000000133056 12.110648 13 1
6240 0.000000132980 12.110636 13 1
6250 0.000000133091 12.110637 13 1
6260 0.000000133113 12.110393 13 1
6270 0.000000133323 12.110729 13 1
6280 0.000000133113 12.111258 13 1
6290 0.000000133149 12.111290 13 1
6300 0.000000132988 12.111391 13 1
6310 0.000000133511 12.111422 13 1
6320 0.000000133034 12.111426 13 1
6330 0.000000133520 12.111318 13 1
6340 0.000000133010 12.111907 13 1
6350 0.000000133151 12.111595 13 1
6360 0.000000132990 12.111697 13 1
6370 0.000000133064 12.111894 13 1
6380 0.000000133148 12.111708 13 1
6390 0.000000134891 12.111731 13 1
6400 0.000000133130 12.114710 13 1
6410 0.000000133028 12.114755 13 1
6420 0.000000133028 12.114495 13 1
6430 0.000000133070 12.114637 13 1
6440 0.000000133034 12.114509 13 1
6450 0.000000133071 12.114474 13 1
6460 0.000000133023 12.114551 13 1
6470 0.000000133058 12.114900 13 1
6480 0.000000133045 12.114872 13 1
6490 0.000000133060 12.114688 13 1
6500 0.000000133039 12.115020 13 1
6510 0.000000133081 12.114816 13 1
6520 0.000000133134 12.114991 13 1
6530 0.000000133146 12.115931 13 1
6540 0.000000134529 12.115853 13 1
6550 0.000000133076 12.116029 13 1
6560 0.000000133639 12.116017 13 1
6570 0.000000133080 12.115965 13 1
6580 0.000000133420 12.116123 13 1
6590 0.000000133126 12.116124 13 1
6600 0.000000133174 12.116508 13 1
6610 0.000000133059 12.116273 13 1
6620 0.000000133163 12.116416 13 1
6630 0.000000133603 12.116465 13 1
6640 0.000000133245 12.116681 13 1
6650 0.000000133344 12.116539 13 1
6660 0.000000133364 12.128890 13 1
6670 0.000000134234 12.128894 13 1
6680 0.000000137120 12.128846 13 1
6690 0.000000133796 12.128883 13 1
6700 0.000000135060 12.128882 13 1
6710 0.000000138311 12.128991 13 1
6720 0.000000134754 12.129261 13 1
6730 0.000000136641 12.128837 13 1
6740 0.000000133594 12.129165 13 1
6750 0.000000133670 12.129004 13 1
6760 0.000000133453 12.129341 13 1
6770 0.000000139075 12.129064 13 1
6780 0.000000133466 12.129177 13 1
6790 0.000000137815 12.129903 13 1
6800 0.000000134228 12.129973 13 1
6810 0.000000134901 12.129960 13 1
6820 0.000000133886 12.129702 13 1
6830 0.000000135885 12.129957 13 1
6840 0.000000134509 12.129803 13 1
6850 0.000000134620 12.130165 13 1
6860 0.000000135403 12.130021 13 1
6870 0.000000136569 12.130071 13 1
6880 0.000000133552 12.130119 13 1
6890 0.000000133764 12.130230 13 1
6900 0.000000133581 12.130311 13 1
6910 0.000000133397 12.130198 13 1
6920 0.000000133389 12.134286 13 1
6930 0.000000134184 12.134327 13 1
6940 0.000000133858 12.134408 13 1
6950 0.000000133930 12.134307 13 1
6960 0.000000133494 12.134253 13 1
6970 0.000000133577 12.134092 13 1
6980 0.000000133562 12.134440 13 1
6990 0.000000133541 12.134551 13 1
7000 0.000000133452 12.134543 13 1
7010 0.000000135558 12.134355 13 1
7020 0.000000133383 12.134500 13 1
7030 0.000000133769 12.134421 13 1
7040 0.000000133400 12.135839 13 1
7050 0.000000134804 12.135700 13 1
7060 0.000000133404 12.135708 13 1
7070 0.000000135871 12.135801 13 1
7080 0.000000133406 12.135774 13 1
7090 0.000000133792 12.135704 13 1
7100 0.000000137373 12.135945 13 1
7110 0.000000134206 12.136168 13 1
7120 0.000000133412 12.136134 13 1
7130 0.000000133596 12.136076 13 1
7140 0.000000133688 12.136161 13 1
7150 0.000000135409 12.136187 13 1
7160 0.000000133601 12.136269 13 1
7170 0.000000137820 12.200867 13 1
7180 0.000000134408 12.200888 13 1
7190 0.000000137982 12.200855 13 1
7200 0.000000135119 12.200842 13 1
7210 0.000000135666 12.200902 13 1
7220 0.000000138541 12.200838 13 1
7230 0.000000136841 12.200813 13 1
7240 0.000000136489 12.201066 13 1
7250 0.000000134942 12.200960 13 1
7260 0.000000135588 12.201044 13 1
7270 0.000000135156 12.201024 13 1
7280 0.000000137745 12.201216 13 1
7290 0.000000134904 12.200947 13 1
7300 0.000000137267 12.201720 13 1
7310 0.000000137092 12.201640 13 1
7320 0.000000135566 12.201650 13 1
7330 0.000000136626 12.201578 13 1
7340 0.000000136847 12.201771 13 1
7350 0.000000136881 12.201480 13 1
7360 0.000000136813 12.201729 13 1
7370 0.000000136957 12.201882 13 1
7380 0.000000137618 12.201876 13 1
7390 0.000000136787 12.201692 13 1
7400 0.000000136311 12.201898 13 1
7410 0.000000135487 12.202016 13 1
7420 0.000000134541 12.202048 13 1
7430 0.000000136706 12.204078 13 1
7440 0.000000137535 12.204034 13 1
7450 0.000000135763 12.204066 13 1
7460 0.000000134478 12.204103 13 1
7470 0.000000134493 12.204350 13 1
7480 0.000000136277 12.204320 13 1
7490 0.000000134421 12.204225 13 1
7500 0.000000135369 12.204130 13 1
7510 0.000000136673 12.204278 13 1
7520 0.000000135260 12.204538 13 1
7530 0.000000134588 12.204259 13 1
7540 0.000000134525 12.204269 13 1
7550 0.000000134899 12.204441 13 1
7560 0.000000135300 12.205206 13 1
7570 0.000000134834 12.205040 13 1
7580 0.000000135066 12.205187 13 1
7590 0.000000134729 12.205148 13 1
7600 0.000000135001 12.205321 13 1
7610 0.000000134784 12.205198 13 1
7620 0.000000134844 12.205570 13 1
7630 0.000000134490 12.205197 13 1
7640 0.000000134996 12.205527 13 1
7650 0.000000134358 12.205548 13 1
7660 0.000000134779 12.205516 13 1
7670 0.000000134402 12.205659 13 1
7680 0.000000134832 12.220181 13 1
7690 0.000000134664 12.220131 13 1
7700 0.000000134774 12.220126 13 1
7710 0.000000135297 12.220286 13 1
7720 0.000000135364 12.220252 13 1
7730 0.000000134606 12.220016 13 1
7740 0.000000134633 12.220070 13 1
7750 0.000000134647 12.220312 13 1
7760 0.000000134570 12.220386 13 1
7770 0.000000134559 12.220304 13 1
7780 0.000000135007 12.220456 13 1
7790 0.000000134863 12.220598 13 1
7800 0.000000134644 12.220404 13 1
7810 0.000000134706 12.220874 13 1
7820 0.000000134579 12.220707 13 1
7830 0.000000134598 12.220765 13 1
7840 0.000000134673 12.220980 13 1
7850 0.000000134605 12.220914 13 1
7860 0.000000134580 12.220856 13 1
7870 0.000000134573 12.220875 13 1
7880 0.000000134586 12.221089 13 1
7890 0.000000134620 12.220867 13 1
7900 0.000000134587 12.220900 13 1
7910 0.000000134589 12.220998 13 1
7920 0.000000134584 12.221123 13 1
7930 0.000000134602 12.220974 13 1
7940 0.000000134878 12.224819 13 1
7950 0.000000134773 12.224675 13 2
7960 0.000000134686 12.224733 13 1
7970 0.000000134976 12.224758 13 1
7980 0.000000136673 12.224672 13 1
7990 0.000000136164 12.224807 13 1
8000 0.000000134751 12.224913 13 1
8010 0.000000134721 12.225054 13 1
8020 0.000000135233 12.224927 13 1
8030 0.000000135243 12.224825 13 1
8040 0.000000135348 12.224847 13 1
8050 0.000000134995 12.224973 13 1
8060 0.000000135021 12.224973 13 1
8070 0.000000134971 12.225888 13 1
8080 0.000000134995 12.225735 13 1
8090 0.000000134909 12.225852 13 1
8100 0.000000134933 12.225873 13 1
8110 0.000000134849 12.225962 13 1
8120 0.000000134728 12.226041 13 1
8130 0.000000134977 12.226138 13 1
8140 0.000000134858 12.226205 13 1
8150 0.000000134834 12.226166 13 1
8160 0.000000135149 12.226254 13 1
8170 0.000000135059 12.226230 13 1
8180 0.000000135151 12.226355 13 1
8190 0.000000134994 12.226245 13 1
8200 0.000000136721 12.432671 14 1
8210 0.000000136376 12.432774 14 1
8220 0.000000136443 12.432724 14 1
8230 0.000000136460 12.432769 14 1
8240 0.000000136478 12.432761 14 1
8250 0.000000136688 12.432742 14 1
8260 0.000000136608 12.432878 14 1
8270 0.000000136500 12.432971 14 1
8280 0.000000136537 12.432935 14 1
8290 0.000000136614 12.432928 14 1
8300 0.000000136678 12.433023 14 1
8310 0.000000136813 12.433136 14 1
8320 0.000000136826 12.433523 14 1
8330 0.000000136390 12.433537 14 1
8340 0.000000136607 12.433480 14 1
8350 0.000000136750 12.433520 14 1
8360 0.000000136546 12.433603 14 1
8370 0.000000136455 12.433544 14 1
8380 0.000000136375 12.433647 14 1
8390 0.000000136616 12.433853 14 1
8400 0.000000136364 12.433842 14 1
8410 0.000000136407 12.433780 14 1
8420 0.000000136871 12.433888 14 1
8430 0.000000137322 12.433791 14 1
8440 0.000000136763 12.433907 14 1
8450 0.000000137626 12.435891 14 1
8460 0.000000137940 12.435829 14 1
8470 0.000000136536 12.436058 14 1
8480 0.000000137682 12.436070 14 1
8490 0.000000136857 12.435896 14 1
8500 0.000000136955 12.436147 14 1
8510 0.000000137350 12.436086 14 1
8520 0.000000136808 12.436102 14 1
8530 0.000000137582 12.436268 14 1
8540 0.000000137457 12.436267 14 1
8550 0.000000136370 12.436299 14 1
8560 0.000000136497 12.436295 14 1
8570 0.000000137095 12.436222 14 1
8580 0.000000136781 12.437155 14 1
8590 0.000000136693 12.437160 14 1
8600 0.000000136940 12.437176 14 1
8610 0.000000136943 12.437231 14 1
8620 0.000000137635 12.437267 14 1
8630 0.000000138289 12.437172 14 1
8640 0.000000137516 12.437524 14 1
8650 0.000000137726 12.437565 14 1
8660 0.000000136347 12.437577 14 1
8670 0.000000136314 12.437467 14 1
8680 0.000000139932 12.437575 14 1
8690 0.000000136356 12.437550 14 1
8700 0.000000136352 12.437633 14 1
8710 0.000000139008 12.446066 14 1
8720 0.000000138763 12.446148 14 1
8730 0.000000136905 12.445963 14 1
8740 0.000000136708 12.446038 14 1
8750 0.000000137498 12.445959 14 1
8760 0.000000136910 12.446117 14 1
8770 0.000000136761 12.446361 14 1
8780 0.000000136654 12.446123 14 1
8790 0.000000136541 12.446161 14 1
8800 0.000000136554 12.446272 14 1
8810 0.000000137323 12.446210 14 1
8820 0.000000137764 12.446357 14 1
8830 0.000000136645 12.446272 14 2
8840 0.000000136728 12.446898 14 1
8850 0.000000137468 12.446751 14 1
8860 0.000000137419 12.446898 14 1
8870 0.000000136892 12.447127 14 1
8880 0.000000136702 12.447023 14 1
8890 0.000000138638 12.446770 14 1
8900 0.000000136533 12.447096 14 1
8910 0.000000137700 12.447211 14 1
8920 0.000000137122 12.447170 14 1
8930 0.000000137191 12.447264 14 1
8940 0.000000136760 12.447156 14 1
8950 0.000000136926 12.447290 14 1
8960 0.000000137632 12.450288 14 1
8970 0.000000138350 12.450387 14 1
8980 0.000000138635 12.450321 14 1
8990 0.000000139120 12.450356 14 1
9000 0.000000136903 12.450401 14 1
9010 0.000000136756 12.450311 14 1
9020 0.000000137027 12.450293 14 1
9030 0.000000136759 12.450541 14 1
9040 0.000000136586 12.450676 14 1
9050 0.000000137195 12.450547 14 1
9060 0.000000137609 12.450804 14 1
9070 0.000000137882 12.450658 14 1
9080 0.000000137063 12.450397 14 1
9090 0.000000136905 12.451650 14 1
9100 0.000000136661 12.451604 14 1
9110 0.000000136995 12.451503 14 1
9120 0.000000137327 12.451803 14 1
9130 0.000000136649 12.451602 14 1
9140 0.000000137144 12.451658 14 1
9150 0.000000136729 12.451668 14 1
9160 0.000000138138 12.451888 14 1
9170 0.000000138958 12.451906 14 1
9180 0.000000138450 12.452035 14 1
9190 0.000000138379 12.452041 14 1
9200 0.000000137381 12.451994 14 1
9210 0.000000137857 12.452099 14 1
9220 0.000000136866 12.485406 14 1
9230 0.000000137360 12.485244 14 1
9240 0.000000137342 12.485171 14 1
9250 0.000000137384 12.485313 14 1
9260 0.000000137886 12.485353 14 1
9270 0.000000137745 12.485414 14 1
9280 0.000000137100 12.485418 14 1
9290 0.000000140726 12.485393 14 1
9300 0.000000137529 12.485436 14 1
9310 0.000000138112 12.485445 14 1
9320 0.000000156124 12.485392 14 1
9330 0.000000143306 12.485644 14 1
9340 0.000000152155 12.485539 14 1
9350 0.000000141610 12.485873 14 1
9360 0.000000137550 12.485938 14 1
9370 0.000000137079 12.485958 14 1
9380 0.000000139034 12.486063 14 1
9390 0.000000137139 12.485884 14 1
9400 0.000000137578 12.485946 14 1
9410 0.000000138383 12.486227 14 1
9420 0.000000137191 12.485968 14 1
9430 0.000000137853 12.486119 14 1
9440 0.000000137053 12.486103 14 1
9450 0.000000137704 12.486227 14 1
9460 0.000000138343 12.486290 14 1
9470 0.000000137784 12.486261 14 1
9480 0.000000139433 12.488163 14 1
9490 0.000000140646 12.488045 14 1
9500 0.000000137184 12.488016 14 1
9510 0.000000137073 12.488111 14 1
9520 0.000000138094 12.488198 14 1
9530 0.000000137095 12.488071 14 1
9540 0.000000137068 12.488335 14 1
9550 0.000000137223 12.488375 14 1
9560 0.000000138607 12.488291 14 1
9570 0.000000137703 12.488174 14 1
9580 0.000000138669 12.488447 14 1
9590 0.000000137411 12.488279 14 1
9600 0.000000138757 12.489083 14 1
9610 0.000000138289 12.488977 14 1
9620 0.000000137756 12.489076 14 1
9630 0.000000137880 12.489048 14 1
9640 0.000000146696 12.489011 14 1
9650 0.000000156520 12.489068 14 1
9660 0.000000149195 12.489098 14 1
9670 0.000000144172 12.489370 14 1
9680 0.000000148028 12.489294 14 1
9690 0.000000144948 12.489237 14 1
9700 0.000000139210 12.489432 14 1
9710 0.000000137791 12.489349 14 1
9720 0.000000137383 12.489428 14 1
9730 0.000000137631 12.500046 14 1
9740 0.000000137794 12.500001 14 1
9750 0.000000138243 12.500144 14 1
9760 0.000000138661 12.500038 14 1
9770 0.000000139198 12.499951 14 1
9780 0.000000138109 12.500179 14 1
9790 0.000000137547 12.500006 14 1
9800 0.000000138699 12.500141 14 1
9810 0.000000138568 12.500149 14 1
9820 0.000000142138 12.500199 14 1
9830 0.000000137667 12.500259 14 1
9840 0.000000137908 12.500355 14 1
9850 0.000000137548 12.500310 14 1
9860 0.000000137861 12.500717 14 1
9870 0.000000137599 12.500993 14 1
9880 0.000000137499 12.500860 14 1
9890 0.000000138202 12.500855 14 1
9900 0.000000137327 12.500909 14 1
9910 0.000000137351 12.500870 14 1
9920 0.000000137359 12.500852 14 1
9930 0.000000137525 12.500932 14 1
9940 0.000000137712 12.500890 14 1
9950 0.000000137551 12.500978 14 1
9960 0.000000145274 12.501093 14 1
9970 0.000000141418 12.501102 14 1
9980 0.000000137650 12.501059 14 1
9990 0.000000137408 12.504354 14 1
10000 0.000000137586 12.504361 14 1
