1000 0.000000431687 9.214000 10 3
1010 0.000000393578 9.188119 10 4
1020 0.000000183993 9.215686 10 5
1030 0.000000111240 9.448544 10 4
1040 0.000000105855 9.417308 11 5
1050 0.000000104412 9.462857 11 5
1060 0.000000106004 9.459434 11 6
1070 0.000000105314 9.428037 11 3
1080 0.000000341361 9.492593 11 5
1090 0.000000105687 9.451376 11 5
1100 0.000000105464 9.424545 11 5
1110 0.000000104996 9.449550 11 4
1120 0.000000105190 9.419643 11 5
1130 0.000000109610 9.455752 11 5
1140 0.000000118214 9.490351 11 5
1150 0.000000131015 9.476522 11 5
1160 0.000000106235 9.521552 11 2
1170 0.000000105729 9.441026 11 5
1180 0.000000105017 9.457627 11 5
1190 0.000000106829 9.515966 11 6
1200 0.000000105884 9.486667 11 4
1210 0.000000105400 9.480992 11 5
1220 0.000000106117 9.504918 11 6
1230 0.000000106337 9.478862 11 5
1240 0.000000106565 9.510484 11 5
1250 0.000000126210 9.498400 11 4
1260 0.000000106637 9.486508 11 6
1270 0.000000106138 9.512598 11 5
1280 0.000000134047 9.642187 11 5
1290 0.000000107187 9.610078 11 4
1300 0.000000109454 9.656923 11 4
1310 0.000000107434 9.619847 11 2
1320 0.000000107539 9.611364 11 6
1330 0.000000132375 9.672180 11 5
1340 0.000000107484 9.629851 11 6
1350 0.000000115914 9.653333 11 3
1360 0.000000151354 9.633824 11 6
1370 0.000000112599 9.669343 11 5
1380 0.000000111709 9.653623 11 5
1390 0.000000112434 9.630935 11 6
1400 0.000000111609 9.625714 11 5
1410 0.000000111667 9.682270 11 5
1420 0.000000112254 9.679577 11 6
1430 0.000000113622 9.690909 11 5
1440 0.000000111845 9.639583 11 6
1450 0.000000112908 9.644828 11 6
1460 0.000000111763 9.656849 11 5
1470 0.000000113305 9.693197 11 6
1480 0.000000111926 9.668919 11 5
1490 0.000000112477 9.704027 11 5
1500 0.000000111617 9.700000 11 4
1510 0.000000113430 9.669536 11 4
1520 0.000000112231 9.686184 11 5
1530 0.000000113862 9.730719 11 5
1540 0.000000116023 10.121429 11 6
1550 0.000000116969 10.077419 11 6
1560 0.000000116620 10.115385 11 4
1570 0.000000116752 10.136306 11 4
1580 0.000000116030 10.124051 11 5
1590 0.000000117740 10.152830 11 6
1600 0.000000117122 10.106875 11 6
1610 0.000000116714 10.135404 11 5
1620 0.000000117331 10.116049 11 1
1630 0.000000116004 10.126994 11 6
1640 0.000000117460 10.120732 11 5
1650 0.000000117608 10.129697 11 6
1660 0.000000116423 10.109036 11 5
1670 0.000000240762 10.098204 11 5
1680 0.000000113095 10.141667 11 5
1690 0.000000112870 10.134320 11 5
1700 0.000000112771 10.154706 11 4
1710 0.000000113879 10.137427 11 5
1720 0.000000112283 10.118023 11 5
1730 0.000000113949 10.141618 11 5
1740 0.000000114655 10.132759 11 6
1750 0.000000112701 10.136571 11 6
1760 0.000000113736 10.128409 11 5
1770 0.000000113556 10.145198 11 5
1780 0.000000111917 10.119663 11 5
1790 0.000000111849 10.096089 11 5
1800 0.000000115288 10.205556 11 5
1810 0.000000113493 10.177901 11 6
1820 0.000000113766 10.197253 11 6
1830 0.000000113532 10.184699 11 4
1840 0.000000114689 10.183152 11 5
1850 0.000000125318 10.231351 11 4
1860 0.000000115179 10.231720 11 6
1870 0.000000113197 10.222460 11 5
1880 0.000000115332 10.242553 11 7
1890 0.000000113766 10.212698 11 5
1900 0.000000114864 10.226316 11 4
1910 0.000000113338 10.192670 11 5
1920 0.000000114309 10.246354 11 6
1930 0.000000114295 10.209845 11 5
1940 0.000000114652 10.247423 11 6
1950 0.000000113828 10.212821 11 5
1960 0.000000112896 10.190816 11 4
1970 0.000000113876 10.244670 11 5
1980 0.000000114510 10.225253 11 5
1990 0.000000114356 10.240201 11 6
2000 0.000000115715 10.233000 11 4
2010 0.000000114271 10.259701 11 5
2020 0.000000114262 10.247030 11 6
2030 0.000000113745 10.236946 11 6
2040 0.000000114638 10.260294 11 5
2050 0.000000117438 10.450244 11 5
2060 0.000000115914 10.424757 11 5
2070 0.000000115709 10.448792 11 6
2080 0.000000115635 10.432692 11 6
2090 0.000000116504 10.444498 11 4
2100 0.000000115887 10.417619 12 5
2110 0.000000115706 10.440758 12 5
2120 0.000000116721 10.441981 12 6
2130 0.000000115259 10.415023 12 4
2140 0.000000116407 10.442523 12 4
2150 0.000000115249 10.441395 12 5
2160 0.000000115057 10.425000 12 6
2170 0.000000114989 10.441475 12 5
2180 0.000000116116 10.450459 12 6
2190 0.000000115805 10.427397 12 5
2200 0.000000115666 10.432727 12 6
2210 0.000000115678 10.418100 12 6
2220 0.000000115857 10.457207 12 6
2230 0.000000115776 10.457399 12 5
2240 0.000000115314 10.429911 12 6
2250 0.000000116525 10.452000 12 6
2260 0.000000115587 10.440265 12 6
2270 0.000000116877 10.468722 12 4
2280 0.000000116424 10.441228 12 6
2290 0.000000115512 10.431878 12 6
2300 0.000000115421 10.414783 12 6
2310 0.000000117635 10.484416 12 6
2320 0.000000116841 10.470259 12 7
2330 0.000000117867 10.493991 12 6
2340 0.000000116075 10.473932 12 4
2350 0.000000116623 10.499574 12 5
2360 0.000000116504 10.519492 12 6
2370 0.000000116066 10.475949 12 6
2380 0.000000116242 10.471008 12 6
2390 0.000000116345 10.481172 12 4
2400 0.000000116420 10.482500 12 5
2410 0.000000116789 10.484232 12 6
2420 0.000000116321 10.517355 12 5
2430 0.000000116127 10.482716 12 6
2440 0.000000117513 10.514754 12 6
2450 0.000000116852 10.508571 12 6
2460 0.000000116123 10.497967 12 6
2470 0.000000116959 10.500810 12 4
2480 0.000000116164 10.500000 12 4
2490 0.000000117805 10.513655 12 4
2500 0.000000116311 10.517600 12 6
2510 0.000000117187 10.524701 12 6
2520 0.000000116545 10.495635 12 6
2530 0.000000117332 10.490119 12 5
2540 0.000000115985 10.480709 12 5
2550 0.000000117382 10.494510 12 4
2560 0.000000118481 10.648828 12 7
2570 0.000000117949 10.620233 12 6
2580 0.000000118265 10.633333 12 5
2590 0.000000118548 10.663707 12 6
2600 0.000000117664 10.613846 12 3
2610 0.000000117986 10.631801 12 6
2620 0.000000117715 10.666412 12 6
2630 0.000000118037 10.639163 12 5
2640 0.000000119356 10.649621 12 6
2650 0.000000118326 10.649057 12 6
2660 0.000000119271 10.664286 12 5
2670 0.000000118206 10.625468 12 2
2680 0.000000117733 10.602239 12 6
2690 0.000000118100 10.636431 12 6
2700 0.000000119021 10.673704 12 7
2710 0.000000118494 10.635793 12 7
2720 0.000000117715 10.602574 12 5
2730 0.000000118914 10.638462 12 5
2740 0.000000117921 10.644161 12 6
2750 0.000000118487 10.660000 12 4
2760 0.000000118791 10.624638 12 6
2770 0.000000117903 10.617329 12 6
2780 0.000000126787 10.655755 12 6
2790 0.000000118087 10.634409 12 5
2800 0.000000118928 10.615357 12 5
2810 0.000000118283 10.645907 12 6
2820 0.000000119055 10.677660 12 6
2830 0.000000118780 10.690459 12 6
2840 0.000000118488 10.684155 12 5
2850 0.000000118682 10.720000 12 6
2860 0.000000118040 10.657343 12 6
2870 0.000000118460 10.700697 12 6
2880 0.000000118914 10.666319 12 5
2890 0.000000119281 10.630796 12 5
2900 0.000000118477 10.671379 12 4
2910 0.000000119533 10.638144 12 6
2920 0.000000118130 10.686301 12 6
2930 0.000000119332 10.671672 12 5
2940 0.000000119298 10.685374 12 6
2950 0.000000119829 10.681356 12 6
2960 0.000000118584 10.670946 12 3
2970 0.000000119216 10.696296 12 6
2980 0.000000118931 10.681879 12 5
2990 0.000000118495 10.676254 12 4
3000 0.000000118450 10.672667 12 4
3010 0.000000118392 10.681395 12 2
3020 0.000000118218 10.645695 12 5
3030 0.000000119620 10.688119 12 6
3040 0.000000118554 10.704276 12 5
3050 0.000000118772 10.663934 12 6
3060 0.000000118380 10.677451 12 4
3070 0.000000118423 10.681759 12 5
3080 0.000000122403 11.080519 12 6
3090 0.000000122425 11.104207 12 6
3100 0.000000123066 11.113226 12 6
3110 0.000000122800 11.091961 12 6
3120 0.000000122443 11.116346 12 6
3130 0.000000122772 11.107668 12 6
3140 0.000000122057 11.118471 12 5
3150 0.000000122316 11.096190 12 6
3160 0.000000122768 11.104114 12 5
3170 0.000000122228 11.094953 12 5
3180 0.000000123313 11.125472 12 5
3190 0.000000122494 11.105016 12 6
3200 0.000000124021 11.114375 12 7
3210 0.000000122908 11.109657 12 6
3220 0.000000123056 11.082298 12 4
3230 0.000000123122 11.150774 12 7
3240 0.000000123474 11.102469 12 6
3250 0.000000123558 11.116923 12 6
3260 0.000000123235 11.140184 12 6
3270 0.000000123156 11.070642 12 7
3280 0.000000122194 11.103659 12 6
3290 0.000000124069 11.128875 12 6
3300 0.000000123111 11.110303 12 6
3310 0.000000122589 11.098187 12 6
3320 0.000000122292 11.114759 12 6
3330 0.000000122397 11.114715 12 6
3340 0.000000123723 11.097305 12 5
3350 0.000000122879 11.151343 12 6
3360 0.000000122848 11.154464 12 6
3370 0.000000123054 11.134125 12 6
3380 0.000000123604 11.118047 12 7
3390 0.000000122323 11.115929 12 6
3400 0.000000123328 11.133824 12 6
3410 0.000000122534 11.125806 12 5
3420 0.000000122768 11.142398 12 4
3430 0.000000122983 11.130904 12 6
3440 0.000000122770 11.146802 12 7
3450 0.000000122727 11.144928 12 5
3460 0.000000122281 11.135838 12 6
3470 0.000000122615 11.146110 12 5
3480 0.000000123847 11.112931 12 6
3490 0.000000123501 11.146418 12 6
3500 0.000000123014 11.145714 12 5
3510 0.000000129725 11.164103 12 6
3520 0.000000123467 11.154830 12 7
3530 0.000000122922 11.136827 12 6
3540 0.000000123441 11.108192 12 5
3550 0.000000123812 11.130423 12 6
3560 0.000000123596 11.155899 12 6
3570 0.000000123445 11.132773 12 6
3580 0.000000124350 11.138547 12 5
3590 0.000000124736 11.186630 12 5
3600 0.000000124138 11.216667 12 6
3610 0.000000124283 11.214404 12 7
3620 0.000000123741 11.211326 12 6
3630 0.000000123721 11.193939 12 6
3640 0.000000129434 11.181319 12 3
3650 0.000000124508 11.215616 12 6
3660 0.000000123684 11.209290 12 6
3670 0.000000123678 11.187738 12 4
3680 0.000000125171 11.225000 12 4
3690 0.000000123775 11.217886 12 6
3700 0.000000124215 11.195946 12 6
3710 0.000000123740 11.197574 12 6
3720 0.000000123862 11.183602 12 6
3730 0.000000125128 11.189812 12 6
3740 0.000000124910 11.231283 12 6
3750 0.000000124630 11.198667 12 6
3760 0.000000124184 11.188830 12 7
3770 0.000000124090 11.178249 12 6
3780 0.000000124878 11.224074 12 5
3790 0.000000123745 11.188391 12 4
3800 0.000000125733 11.208684 12 6
3810 0.000000124398 11.214698 12 7
3820 0.000000124338 11.208639 12 5
3830 0.000000124896 11.223238 12 7
3840 0.000000124425 11.243229 12 5
3850 0.000000123853 11.216623 12 5
3860 0.000000124734 11.229275 12 6
3870 0.000000125064 11.227390 12 6
3880 0.000000123761 11.211856 12 6
3890 0.000000124242 11.217995 12 6
3900 0.000000123747 11.221795 12 5
3910 0.000000124983 11.220716 12 7
3920 0.000000124035 11.233418 12 6
3930 0.000000125457 11.234351 12 5
3940 0.000000124001 11.224619 12 6
3950 0.000000124043 11.212152 12 6
3960 0.000000124468 11.230808 12 4
3970 0.000000124810 11.208564 12 6
3980 0.000000123122 11.198241 12 6
3990 0.000000131189 11.241604 12 7
4000 0.000000123846 11.211500 12 6
4010 0.000000124402 11.213466 12 6
4020 0.000000124350 11.229104 12 7
4030 0.000000124548 11.219107 12 6
4040 0.000000124786 11.222772 12 6
4050 0.000000123735 11.241235 12 7
4060 0.000000125173 11.238670 12 5
4070 0.000000124198 11.243980 12 7
4080 0.000000123467 11.230882 12 6
4090 0.000000124145 11.221027 12 5
4100 0.000000126024 11.424146 12 6
4110 0.000000125978 11.425061 12 6
4120 0.000000128794 11.428155 12 5
4130 0.000000126116 11.450847 13 7
4140 0.000000126395 11.421498 12 6
4150 0.000000164239 11.449880 13 6
4160 0.000000163416 11.440625 13 5
4170 0.000000163672 11.423261 13 6
4180 0.000000163377 11.442584 12 6
4190 0.000000163993 11.442243 13 5
4200 0.000000162910 11.435952 13 6
4210 0.000000163369 11.449881 13 5
4220 0.000000163363 11.422986 12 6
4230 0.000000163564 11.437589 13 5
4240 0.000000127619 11.421698 13 4
4250 0.000000125950 11.413176 13 4
4260 0.000000126749 11.442958 13 7
4270 0.000000126138 11.445199 13 6
4280 0.000000130974 11.443925 13 3
4290 0.000000127077 11.434732 13 6
4300 0.000000125867 11.440233 13 6
4310 0.000000127261 11.443155 13 6
4320 0.000000126126 11.424769 13 5
4330 0.000000127736 11.434180 13 6
4340 0.000000126527 11.457834 13 7
4350 0.000000126197 11.438161 13 5
4360 0.000000131231 11.452523 13 6
4370 0.000000127282 11.437986 13 4
4380 0.000000126076 11.454110 13 7
4390 0.000000126731 11.451481 13 6
4400 0.000000125965 11.432500 13 6
4410 0.000000126126 11.455556 13 6
4420 0.000000127218 11.459276 13 4
4430 0.000000126161 11.459819 13 7
4440 0.000000126573 11.457207 13 5
4450 0.000000126022 11.442022 13 6
4460 0.000000127955 11.473991 13 7
4470 0.000000126696 11.465324 13 6
4480 0.000000126443 11.457143 13 5
4490 0.000000125905 11.453898 13 2
4500 0.000000127855 11.465333 13 6
4510 0.000000126348 11.475388 13 6
4520 0.000000126123 11.433850 13 4
4530 0.000000126447 11.467329 13 5
4540 0.000000132344 11.436564 13 6
4550 0.000000127907 11.460220 13 4
4560 0.000000125876 11.434649 13 6
4570 0.000000126037 11.454267 13 6
4580 0.000000126036 11.470306 13 6
4590 0.000000127389 11.456645 13 6
4600 0.000000127735 11.452174 13 6
4610 0.000000126240 11.472017 13 6
4620 0.000000129093 11.505628 13 5
4630 0.000000127223 11.460691 13 6
4640 0.000000126534 11.490086 13 4
4650 0.000000128023 11.465806 13 5
4660 0.000000126432 11.481330 13 6
4670 0.000000126585 11.492719 13 7
4680 0.000000126808 11.498718 13 7
4690 0.000000157579 11.481237 13 4
4700 0.000000127732 11.470638 13 6
4710 0.000000132566 11.460510 13 4
4720 0.000000133309 11.485805 13 5
4730 0.000000126685 11.486892 13 6
4740 0.000000127259 11.489873 13 5
4750 0.000000126387 11.486526 13 5
4760 0.000000127249 11.484874 13 6
4770 0.000000126125 11.461635 13 4
4780 0.000000126387 11.477197 13 6
4790 0.000000126970 11.487056 13 7
4800 0.000000126498 11.468333 13 6
4810 0.000000126241 11.475468 13 7
4820 0.000000127034 11.493983 13 5
4830 0.000000126651 11.469979 13 5
4840 0.000000126641 11.497107 13 7
4850 0.000000126877 11.489278 13 5
4860 0.000000126249 11.498560 13 7
4870 0.000000127735 11.491581 13 5
4880 0.000000127547 11.504713 13 7
4890 0.000000126994 11.488548 13 6
4900 0.000000127220 11.486327 13 5
4910 0.000000126567 11.493686 13 6
4920 0.000000126817 11.505488 13 5
4930 0.000000126938 11.497769 13 7
4940 0.000000127687 11.512348 13 6
4950 0.000000126515 11.503636 13 6
4960 0.000000128686 11.499798 13 6
4970 0.000000126269 11.477062 13 6
4980 0.000000127065 11.479719 13 6
4990 0.000000127273 11.500401 13 7
5000 0.000000127032 11.502000 13 7
5010 0.000000126558 11.488822 13 7
5020 0.000000126678 11.509761 13 7
5030 0.000000128415 11.515507 13 7
5040 0.000000126969 11.516865 13 5
5050 0.000000126679 11.520792 13 6
5060 0.000000126300 11.495652 13 4
5070 0.000000130780 11.479487 13 5
5080 0.000000126733 11.500000 13 7
5090 0.000000128707 11.496267 13 7
5100 0.000000127525 11.496667 13 6
5110 0.000000126688 11.502348 13 7
5120 0.000000131224 11.645703 13 6
5130 0.000000130110 11.623977 13 6
5140 0.000000128499 11.646109 13 7
5150 0.000000128877 11.641748 13 5
5160 0.000000129684 11.637403 13 7
5170 0.000000131133 11.640619 13 7
5180 0.000000128479 11.618533 13 6
5190 0.000000127949 11.621002 13 5
5200 0.000000128769 11.633269 13 6
5210 0.000000128496 11.629942 13 5
5220 0.000000130659 11.639464 13 6
5230 0.000000129539 11.634799 13 6
5240 0.000000128350 11.630725 13 5
5250 0.000000129061 11.631238 13 3
5260 0.000000128577 11.653042 13 5
5270 0.000000129509 11.638330 13 6
5280 0.000000128522 11.642235 13 6
5290 0.000000128423 11.634783 13 7
5300 0.000000129556 11.648302 13 5
5310 0.000000128511 11.647646 13 6
5320 0.000000128597 11.630263 13 7
5330 0.000000128210 11.617073 13 6
5340 0.000000129022 11.637828 13 6
5350 0.000000128914 11.609720 13 2
5360 0.000000130573 11.622015 13 6
5370 0.000000128617 11.627002 13 5
5380 0.000000128401 11.634387 13 6
5390 0.000000129288 11.625603 13 6
5400 0.000000128228 11.630000 13 6
5410 0.000000129530 11.644917 13 7
5420 0.000000129099 11.653690 13 7
5430 0.000000128523 11.644383 13 6
5440 0.000000131508 11.640625 13 6
5450 0.000000128739 11.637064 13 5
5460 0.000000128535 11.625824 13 7
5470 0.000000128553 11.624314 13 6
5480 0.000000129932 11.643248 13 7
5490 0.000000128806 11.639162 13 7
5500 0.000000128804 11.643636 13 6
5510 0.000000130753 11.670236 13 4
5520 0.000000128533 11.635326 13 6
5530 0.000000129312 11.653888 13 5
5540 0.000000129088 11.642780 13 5
5550 0.000000130236 11.637658 13 6
5560 0.000000128392 11.627338 13 6
5570 0.000000131240 11.654399 13 6
5580 0.000000130622 11.658781 13 6
5590 0.000000128405 11.653667 13 6
5600 0.000000129358 11.639643 13 6
5610 0.000000128313 11.622995 13 7
5620 0.000000129309 11.637011 13 6
5630 0.000000128973 11.668028 13 7
5640 0.000000130223 11.671454 13 7
5650 0.000000129397 11.665841 13 6
5660 0.000000129540 11.674028 13 5
5670 0.000000129313 11.685185 13 6
5680 0.000000129447 11.658451 13 6
5690 0.000000128783 11.661160 13 6
5700 0.000000129082 11.658596 13 5
5710 0.000000128768 11.674781 13 8
5720 0.000000128714 11.671853 13 7
5730 0.000000130651 11.663525 13 5
5740 0.000000128851 11.668815 13 6
5750 0.000000129054 11.663478 13 7
5760 0.000000129340 11.671875 13 6
5770 0.000000130587 11.669844 13 5
5780 0.000000131525 11.678028 13 7
5790 0.000000129121 11.674957 13 6
5800 0.000000167591 11.675517 13 6
5810 0.000000167281 11.669363 13 6
5820 0.000000130983 11.674570 13 6
5830 0.000000129032 11.682161 13 7
5840 0.000000128861 11.669349 13 5
5850 0.000000140371 11.680342 13 6
5860 0.000000133967 11.675085 13 5
5870 0.000000131214 11.672402 13 6
5880 0.000000143335 11.665136 13 7
5890 0.000000132952 11.688455 13 6
5900 0.000000130381 11.690000 13 7
5910 0.000000128678 11.673604 13 7
5920 0.000000128833 11.663176 13 5
5930 0.000000129956 11.677572 13 5
5940 0.000000129569 11.696970 13 7
5950 0.000000129835 11.699664 13 5
5960 0.000000133059 11.678859 13 6
5970 0.000000131302 11.695980 13 7
5980 0.000000129288 11.689465 13 7
5990 0.000000131724 11.674290 13 6
6000 0.000000129097 11.699333 13 7
6010 0.000000133901 11.670383 13 6
6020 0.000000133166 11.683223 13 5
6030 0.000000129034 11.688889 13 6
6040 0.000000129958 11.690232 13 5
6050 0.000000131124 11.700496 13 6
6060 0.000000128728 11.683498 13 5
6070 0.000000131802 11.673476 13 5
6080 0.000000128987 11.699178 13 6
6090 0.000000129019 11.686700 13 5
6100 0.000000129794 11.700820 13 7
6110 0.000000167597 11.688052 13 6
6120 0.000000128804 11.683170 13 6
6130 0.000000129287 11.691028 13 5
6140 0.000000131683 11.687459 13 7
6150 0.000000133486 12.118862 13 5
6160 0.000000191415 12.107955 13 7
6170 0.000000133087 12.082010 13 6
6180 0.000000133639 12.106796 13 4
6190 0.000000132902 12.103877 13 6
6200 0.000000132751 12.109839 13 7
6210 0.000000132965 12.101288 13 7
6220 0.000000132922 12.115916 13 7
6230 0.000000133662 12.137560 13 5
6240 0.000000133937 12.091667 13 4
6250 0.000000138405 12.116320 13 5
6260 0.000000132872 12.109425 13 4
6270 0.000000133138 12.129825 13 5
6280 0.000000133891 12.116720 13 8
6290 0.000000133084 12.101113 13 5
6300 0.000000132483 12.101111 13 6
6310 0.000000133063 12.131062 13 5
6320 0.000000132769 12.117563 13 6
6330 0.000000133908 12.114534 13 5
6340 0.000000140247 12.088644 13 7
6350 0.000000133917 12.110236 13 6
6360 0.000000132955 12.120283 13 7
6370 0.000000133531 12.121507 13 7
6380 0.000000132683 12.110345 13 7
6390 0.000000137295 12.108451 13 7
6400 0.000000132889 12.129531 13 6
6410 0.000000133208 12.120593 13 7
6420 0.000000134031 12.129595 13 6
6430 0.000000133409 12.110886 13 7
6440 0.000000133584 12.116460 13 5
6450 0.000000133291 12.096899 13 6
6460 0.000000132795 12.117337 13 5
6470 0.000000143120 12.115920 13 7
6480 0.000000135522 12.084877 13 6
6490 0.000000137182 12.129122 13 6
6500 0.000000134048 12.115846 13 5
6510 0.000000133147 12.108449 13 6
6520 0.000000191412 12.107055 13 6
6530 0.000000141743 12.106279 13 5
6540 0.000000139938 12.116667 13 6
6550 0.000000145135 12.096794 13 7
6560 0.000000137744 12.122104 13 6
6570 0.000000146965 12.123288 13 6
6580 0.000000134200 12.120517 13 7
6590 0.000000133051 12.096662 13 7
6600 0.000000132870 12.123636 13 7
6610 0.000000133254 12.112405 13 7
6620 0.000000133637 12.124773 13 7
6630 0.000000134759 12.107994 13 5
6640 0.000000133911 12.121084 13 6
6650 0.000000150611 12.133985 13 6
6660 0.000000133099 12.130480 13 7
6670 0.000000134654 12.128786 13 7
6680 0.000000133079 12.122605 13 6
6690 0.000000133121 12.115845 13 5
6700 0.000000133704 12.123582 13 5
6710 0.000000133373 12.124441 13 6
6720 0.000000135282 12.132887 13 6
6730 0.000000134088 12.121397 13 5
6740 0.000000133326 12.138131 13 6
6750 0.000000141752 12.134963 13 4
6760 0.000000133648 12.130325 13 6
6770 0.000000133662 12.145790 13 5
6780 0.000000135894 12.111652 13 7
6790 0.000000133310 12.146392 13 7
6800 0.000000134096 12.138088 13 6
6810 0.000000147267 12.128194 13 4
6820 0.000000160847 12.126833 13 6
6830 0.000000134202 12.138067 13 6
6840 0.000000133530 12.109942 13 5
6850 0.000000135016 12.127007 13 5
6860 0.000000147504 12.142420 13 6
6870 0.000000136419 12.141194 13 7
6880 0.000000134880 12.139099 13 7
6890 0.000000151337 12.111030 13 6
6900 0.000000133671 12.122029 13 6
6910 0.000000144786 12.138929 13 6
6920 0.000000134488 12.145376 13 6
6930 0.000000134576 12.145022 13 5
6940 0.000000148081 12.129251 13 5
6950 0.000000137292 12.118273 13 6
6960 0.000000134241 12.136494 13 5
6970 0.000000142029 12.124103 13 5
6980 0.000000134061 12.126934 13 5
6990 0.000000133889 12.122890 13 6
7000 0.000000134220 12.143286 13 6
7010 0.000000138231 12.122397 13 7
7020 0.000000175677 12.124217 13 4
7030 0.000000133774 12.135989 13 7
7040 0.000000133691 12.123295 13 6
7050 0.000000133364 12.140284 13 6
7060 0.000000133547 12.132578 13 7
7070 0.000000133458 12.158274 13 6
7080 0.000000135515 12.145904 13 7
7090 0.000000143774 12.132581 13 7
7100 0.000000137186 12.136620 13 7
7110 0.000000137039 12.131083 13 7
7120 0.000000133520 12.133848 13 7
7130 0.000000133153 12.105470 13 7
7140 0.000000156197 12.135154 13 6
7150 0.000000146460 12.152308 13 6
7160 0.000000137262 12.138827 13 6
7170 0.000000137026 12.191771 13 7
7180 0.000000135455 12.214067 13 7
7190 0.000000135857 12.200834 13 7
7200 0.000000138078 12.187083 13 4
7210 0.000000149971 12.206103 13 6
7220 0.000000137757 12.214958 13 7
7230 0.000000142164 12.193638 13 8
7240 0.000000137416 12.205801 13 6
7250 0.000000137983 12.191448 13 6
7260 0.000000135769 12.193388 13 6
7270 0.000000135329 12.207565 13 7
7280 0.000000134371 12.208516 13 7
7290 0.000000134564 12.205487 13 5
7300 0.000000138223 12.212877 13 6
7310 0.000000134196 12.175103 13 5
7320 0.000000134708 12.196311 13 7
7330 0.000000134148 12.215007 13 7
7340 0.000000147192 12.202180 13 7
7350 0.000000147024 12.192789 13 6
7360 0.000000135515 12.208016 13 4
7370 0.000000134204 12.214247 13 6
7380 0.000000134417 12.202710 13 7
7390 0.000000134879 12.204060 13 4
7400 0.000000134419 12.198919 13 7
7410 0.000000134879 12.219028 13 5
7420 0.000000139184 12.195822 13 5
7430 0.000000138728 12.200000 13 8
7440 0.000000134461 12.187634 13 5
7450 0.000000134714 12.211007 13 3
7460 0.000000148389 12.206971 13 7
7470 0.000000142883 12.217671 13 6
7480 0.000000140760 12.210829 13 6
7490 0.000000137964 12.212150 13 5
7500 0.000000151346 12.212400 13 7
7510 0.000000134496 12.199068 13 6
7520 0.000000145249 12.196410 13 7
7530 0.000000134517 12.220717 13 7
7540 0.000000134603 12.209019 13 6
7550 0.000000134621 12.212715 13 7
7560 0.000000147413 12.204365 13 6
7570 0.000000146645 12.211889 13 6
7580 0.000000137109 12.192216 13 4
7590 0.000000137199 12.202108 13 6
7600 0.000000134882 12.207368 13 6
7610 0.000000137811 12.215506 13 6
7620 0.000000137828 12.203937 13 7
7630 0.000000134166 12.204849 13 7
7640 0.000000134767 12.212565 13 5
7650 0.000000135041 12.195686 13 6
7660 0.000000137390 12.204700 13 6
7670 0.000000143109 12.209518 13 7
7680 0.000000134774 12.220182 13 7
7690 0.000000140926 12.219506 13 6
7700 0.000000134837 12.212857 13 7
7710 0.000000134799 12.236187 13 6
7720 0.000000135886 12.220984 13 4
7730 0.000000141830 12.215136 13 5
7740 0.000000170429 12.223773 13 6
7750 0.000000134694 12.226194 13 6
7760 0.000000135312 12.230155 13 7
7770 0.000000134584 12.238739 13 7
7780 0.000000134506 12.215938 13 6
7790 0.000000134609 12.225289 13 5
7800 0.000000135672 12.220513 13 8
7810 0.000000140064 12.227657 13 6
7820 0.000000143189 12.218670 13 6
7830 0.000000134955 12.202299 13 7
7840 0.000000138755 12.230612 13 6
7850 0.000000137523 12.219363 13 7
7860 0.000000142715 12.209924 13 6
7870 0.000000136981 12.227446 13 8
7880 0.000000137243 12.220812 13 2
7890 0.000000135436 12.216350 13 5
7900 0.000000136040 12.221266 13 5
7910 0.000000134901 12.228192 13 6
7920 0.000000146322 12.213131 13 7
7930 0.000000139843 12.226860 13 5
7940 0.000000140104 12.221285 13 6
7950 0.000000140064 12.223648 13 6
7960 0.000000134546 12.227387 13 5
7970 0.000000139677 12.218193 13 7
7980 0.000000145850 12.219549 13 6
7990 0.000000146246 12.234293 13 6
8000 0.000000139718 12.224250 13 6
8010 0.000000134813 12.233583 13 8
8020 0.000000135046 12.224688 13 6
8030 0.000000139895 12.224907 13 7
8040 0.000000139435 12.236194 13 5
8050 0.000000134806 12.229814 13 8
8060 0.000000139382 12.225186 13 6
8070 0.000000135074 12.232218 13 7
8080 0.000000137456 12.226733 13 7
8090 0.000000133986 12.224227 13 6
8100 0.000000134304 12.230864 13 5
8110 0.000000134606 12.230333 13 7
8120 0.000000134511 12.229680 13 7
8130 0.000000134487 12.232841 13 6
8140 0.000000138937 12.211057 13 7
8150 0.000000138831 12.231288 13 4
8160 0.000000140402 12.223775 13 6
8170 0.000000145770 12.232436 13 6
8180 0.000000135148 12.223594 13 5
8190 0.000000140562 12.222222 13 6
8200 0.000000141548 12.442195 13 6
8210 0.000000144886 12.442509 13 6
8220 0.000000141868 12.450243 13 7
8230 0.000000142153 12.445443 13 7
8240 0.000000136391 12.431189 13 5
8250 0.000000138440 12.431394 13 6
8260 0.000000144758 12.434746 14 7
8270 0.000000136334 12.436880 13 4
8280 0.000000136249 12.435628 14 6
8290 0.000000139287 12.428709 14 7
8300 0.000000145300 12.433494 14 6
8310 0.000000136701 12.427196 13 7
8320 0.000000138817 12.441587 13 7
8330 0.000000142877 12.430012 14 6
8340 0.000000142396 12.434652 14 7
8350 0.000000140033 12.437725 13 7
8360 0.000000138735 12.443900 14 6
8370 0.000000135836 12.431541 14 6
8380 0.000000139168 12.439379 14 6
8390 0.000000141458 12.438021 14 6
8400 0.000000146433 12.429048 14 5
8410 0.000000200717 12.429370 14 7
8420 0.000000140521 12.436580 14 6
8430 0.000000147223 12.442823 14 7
8440 0.000000137360 12.438507 14 7
8450 0.000000136246 12.443550 14 6
8460 0.000000136442 12.433097 14 7
8470 0.000000136894 12.435773 14 6
8480 0.000000137336 12.436203 14 7
8490 0.000000136879 12.435571 14 7
8500 0.000000141428 12.433882 14 8
8510 0.000000141488 12.442068 14 7
8520 0.000000143488 12.441197 14 5
8530 0.000000146458 12.435756 14 7
8540 0.000000141265 12.431265 14 7
8550 0.000000140937 12.431696 14 4
8560 0.000000141813 12.433061 14 7
8570 0.000000141700 12.434889 14 6
8580 0.000000141539 12.457110 14 7
8590 0.000000146166 12.447730 14 6
8600 0.000000141029 12.441279 14 6
8610 0.000000140481 12.450987 14 7
8620 0.000000140872 12.428886 14 6
8630 0.000000141289 12.435110 14 6
8640 0.000000142043 12.430787 14 7
8650 0.000000141364 12.442890 14 6
8660 0.000000141814 12.439261 14 7
8670 0.000000140834 12.446251 14 6
8680 0.000000141256 12.430876 14 3
8690 0.000000137168 12.445109 14 4
8700 0.000000142450 12.444368 14 7
8710 0.000000137059 12.450402 14 3
8720 0.000000141581 12.438188 14 7
8730 0.000000141939 12.452005 14 6
8740 0.000000140669 12.435812 14 6
8750 0.000000141069 12.445486 14 7
8760 0.000000142108 12.454110 14 7
8770 0.000000141089 12.437970 14 7
8780 0.000000141679 12.442027 14 7
8790 0.000000145207 12.438567 14 8
8800 0.000000141199 12.442955 14 7
8810 0.000000142330 12.454030 14 7
8820 0.000000141056 12.447392 14 7
8830 0.000000140921 12.448698 14 7
8840 0.000000140937 12.436312 14 7
8850 0.000000140831 12.449944 14 4
8860 0.000000141530 12.449436 14 6
8870 0.000000143463 12.438670 14 6
8880 0.000000141524 12.448198 14 6
8890 0.000000141603 12.450844 14 6
8900 0.000000141137 12.453933 14 6
8910 0.000000140804 12.444332 14 6
8920 0.000000141372 12.453139 14 8
8930 0.000000141926 12.443673 14 5
8940 0.000000141155 12.443736 14 6
8950 0.000000141126 12.445363 14 7
8960 0.000000143804 12.456808 14 7
8970 0.000000140962 12.442475 14 7
8980 0.000000141057 12.447661 14 6
8990 0.000000145263 12.438821 14 4
9000 0.000000141612 12.438889 14 7
9010 0.000000140988 12.439956 14 5
9020 0.000000140629 12.439800 14 7
9030 0.000000144984 12.456589 14 5
9040 0.000000140966 12.451217 14 6
9050 0.000000145112 12.447514 14 6
9060 0.000000141205 12.457506 14 7
9070 0.000000141174 12.431753 14 7
9080 0.000000140605 12.434692 14 6
9090 0.000000140899 12.449725 14 7
9100 0.000000140638 12.440110 14 8
9110 0.000000136993 12.439846 14 4
9120 0.000000143455 12.435746 14 7
9130 0.000000145420 12.453012 14 8
9140 0.000000144658 12.458315 14 8
9150 0.000000144994 12.448852 14 6
9160 0.000000143390 12.454585 14 6
9170 0.000000136571 12.464667 14 6
9180 0.000000145440 12.443791 14 5
9190 0.000000137326 12.474973 14 6
9200 0.000000170420 12.464565 14 6
9210 0.000000136546 12.454506 14 6
9220 0.000000137202 12.490130 14 7
9230 0.000000137285 12.493608 14 7
9240 0.000000136858 12.493831 14 7
9250 0.000000138964 12.492216 14 6
9260 0.000000171253 12.501728 14 7
9270 0.000000142380 12.480798 14 6
9280 0.000000143537 12.492457 14 7
9290 0.000000137216 12.485899 14 7
9300 0.000000142267 12.492581 14 8
9310 0.000000137150 12.487970 14 6
9320 0.000000138286 12.481652 14 7
9330 0.000000137640 12.483923 14 7
9340 0.000000145834 12.486617 14 6
9350 0.000000137186 12.476364 14 7
9360 0.000000137068 12.487286 14 7
9370 0.000000137154 12.490608 14 6
9380 0.000000136527 12.492111 14 6
9390 0.000000137139 12.500852 14 6
9400 0.000000148959 12.485000 14 7
9410 0.000000136811 12.489798 14 6
9420 0.000000137046 12.462102 14 7
9430 0.000000136985 12.482291 14 7
9440 0.000000137213 12.489725 14 7
9450 0.000000136719 12.491111 14 7
9460 0.000000137246 12.478013 14 6
9470 0.000000137205 12.490602 14 6
9480 0.000000137022 12.488502 14 6
9490 0.000000141397 12.489146 14 7
9500 0.000000136867 12.477895 14 5
9510 0.000000146118 12.479706 14 5
9520 0.000000136895 12.491702 14 5
9530 0.000000137774 12.483316 14 6
9540 0.000000136479 12.494130 14 6
9550 0.000000136720 12.487016 14 6
9560 0.000000137513 12.490795 14 5
9570 0.000000136552 12.478997 14 5
9580 0.000000138677 12.477349 14 7
9590 0.000000137637 12.495829 14 6
9600 0.000000136645 12.483333 14 7
9610 0.000000136783 12.481270 14 5
9620 0.000000136955 12.483680 14 6
9630 0.000000137420 12.484528 14 7
9640 0.000000137225 12.475519 14 6
9650 0.000000136495 12.491192 14 7
9660 0.000000136838 12.473499 14 7
9670 0.000000137644 12.499793 14 8
9680 0.000000136455 12.484814 14 7
9690 0.000000136834 12.498142 14 6
9700 0.000000139755 12.489691 14 7
9710 0.000000140144 12.495263 14 6
9720 0.000000145507 12.492901 14 7
9730 0.000000145221 12.494450 14 6
9740 0.000000137375 12.507906 14 4
9750 0.000000145243 12.503795 14 6
9760 0.000000146326 12.502664 14 5
9770 0.000000138074 12.497134 14 7
9780 0.000000139532 12.521370 14 7
9790 0.000000139885 12.511849 14 6
9800 0.000000137451 12.506837 14 6
9810 0.000000137103 12.510194 14 6
9820 0.000000139629 12.500407 14 6
9830 0.000000141120 12.506918 14 6
9840 0.000000146869 12.500000 14 6
9850 0.000000146081 12.499797 14 7
9860 0.000000136741 12.503955 14 5
9870 0.000000136904 12.492300 14 6
9880 0.000000137367 12.486943 14 6
9890 0.000000138947 12.489181 14 6
9900 0.000000157401 12.492929 14 6
9910 0.000000162104 12.501715 14 8
9920 0.000000137425 12.505544 14 6
9930 0.000000136848 12.498792 14 6
9940 0.000000137200 12.500201 14 6
9950 0.000000139300 12.503920 14 6
9960 0.000000159729 12.506928 14 7
9970 0.000000136775 12.506720 14 7
9980 0.000000137017 12.480762 14 5
9990 0.000000137106 12.512112 14 3
10000 0.000000138502 12.500700 14 6
